---------------------------------------------------------------
[ 2019-01-21T14:30:56+08:00 ] 223.104.216.186 GET 148.70.73.177/(null)
[运行时间：0.048369s] [吞吐率：20.67req/s] [内存消耗：1,367.25kb] [文件加载：35]
[ info ] [ LANG ] /data/web/php/ischool/thinkphp/lang/zh-cn.php
[ info ] [ ROUTE ] array (
  'type' => 'module',
  'module' => 
  array (
    0 => '(null)',
    1 => NULL,
    2 => NULL,
  ),
)
[ info ] [ HEADER ] array (
  'user-agent' => 'iSchool/1 CFNetwork/975.0.3 Darwin/18.2.0',
  'accept-encoding' => 'gzip, deflate',
  'connection' => 'keep-alive',
  'accept-language' => 'zh-cn',
  'accept' => 'image/webp,image/*;q=0.8',
  'host' => '148.70.73.177',
  'content-type' => '',
  'content-length' => '',
)
[ info ] [ PARAM ] array (
)
[ info ] [ LOG ] INIT File
