---------------------------------------------------------------
[ 2019-02-21T18:54:52+08:00 ] 117.136.63.154 POST 148.70.73.177/api/sociality/serveObtain
[运行时间：0.052963s] [吞吐率：18.88req/s] [内存消耗：2,643.84kb] [文件加载：54]
[ info ] [ LANG ] /data/web/php/ischool/thinkphp/lang/zh-cn.php
[ info ] [ ROUTE ] array (
  'type' => 'module',
  'module' => 
  array (
    0 => 'api',
    1 => 'sociality',
    2 => 'serveObtain',
  ),
)
[ info ] [ HEADER ] array (
  'accept-encoding' => 'gzip, deflate',
  'content-length' => '114',
  'accept-language' => 'zh-Hans-CN;q=1, en-CN;q=0.9',
  'user-agent' => 'iSchool/1.0 (iPhone; iOS 12.1.2; Scale/3.00)',
  'accept' => '*/*',
  'connection' => 'keep-alive',
  'content-type' => 'application/x-www-form-urlencoded',
  'host' => '148.70.73.177',
)
[ info ] [ PARAM ] array (
  'app_os' => 'IOS',
  'app_version' => '1.0',
  'cid' => '4C586264-49F3-423D-8013-EB2D6CD508A5',
  'tk' => 'f94444d20d7bc3992253210ebf96b5d4',
  'user_id' => '34',
)
[ info ] [ CACHE ] INIT File
[ info ] [ RUN ] app\api\controller\Sociality->serveObtain[ /data/web/php/ischool/application/api/controller/Sociality.php ]
[ info ] [ DB ] INIT mysql
[ info ] [ LOG ] INIT File
[ sql ] [ DB ] CONNECT:[ UseTime:0.000508s ] mysql:host=127.0.0.1;port=3306;dbname=ischool;charset=utf8
[ sql ] [ SQL ] SHOW COLUMNS FROM `users` [ RunTime:0.001087s ]
[ sql ] [ SQL ] SELECT `school` FROM `users` WHERE  `user_id` = 34 LIMIT 1 [ RunTime:0.000376s ]
[ sql ] [ SQL ] SHOW COLUMNS FROM `s_serve` [ RunTime:0.000773s ]
[ sql ] [ SQL ] SELECT sst.id type_id,st.type_name p_name,ss.plays_id serve_id,`event_title`,`sst`.`type_name`,`u`.`head_image`,`u`.`nickname`,`us`.`grade`,`ss`.`user_id`,`ss`.`launch`,`ss`.`charging`,`ss`.`funds`,`ss`.`images` FROM `s_serve` `ss` LEFT JOIN `s_sociality_type` `sst` ON `ss`.`about_type_id`=`sst`.`id` LEFT JOIN `sociality_type` `st` ON `st`.`id`=`sst`.`type_id` LEFT JOIN `users` `u` ON `ss`.`user_id`=`u`.`user_id` LEFT JOIN `users_secretary` `us` ON `u`.`user_id`=`us`.`user_id` WHERE  `st`.`pid` = 1  AND (   u.school=1 )  AND `end_times` > 1550746492  AND `ss`.`status` = 1 ORDER BY `ss`.`launch` DESC LIMIT 0,10 [ RunTime:0.001301s ]
---------------------------------------------------------------
[ 2019-02-21T18:54:59+08:00 ] 117.136.63.154 POST 148.70.73.177/api/users/showinfo
[运行时间：0.042598s] [吞吐率：23.48req/s] [内存消耗：2,813.82kb] [文件加载：56]
[ info ] [ LANG ] /data/web/php/ischool/thinkphp/lang/zh-cn.php
[ info ] [ ROUTE ] array (
  'type' => 'module',
  'module' => 
  array (
    0 => 'api',
    1 => 'users',
    2 => 'showinfo',
  ),
)
[ info ] [ HEADER ] array (
  'accept-encoding' => 'gzip, deflate',
  'content-length' => '114',
  'accept-language' => 'zh-Hans-CN;q=1, en-CN;q=0.9',
  'user-agent' => 'iSchool/1.0 (iPhone; iOS 12.1.2; Scale/3.00)',
  'accept' => '*/*',
  'connection' => 'keep-alive',
  'content-type' => 'application/x-www-form-urlencoded',
  'host' => '148.70.73.177',
)
[ info ] [ PARAM ] array (
  'app_os' => 'IOS',
  'app_version' => '1.0',
  'cid' => '4C586264-49F3-423D-8013-EB2D6CD508A5',
  'tk' => 'f94444d20d7bc3992253210ebf96b5d4',
  'user_id' => '34',
)
[ info ] [ CACHE ] INIT File
[ info ] [ DB ] INIT mysql
[ info ] [ RUN ] app\api\controller\Users->showInfo[ /data/web/php/ischool/application/api/controller/Users.php ]
[ info ] [ LOG ] INIT File
[ sql ] [ DB ] CONNECT:[ UseTime:0.000512s ] mysql:host=127.0.0.1;port=3306;dbname=ischool;charset=utf8
[ sql ] [ SQL ] SHOW COLUMNS FROM `users` [ RunTime:0.001270s ]
[ sql ] [ SQL ] SELECT `u`.`user_id`,`username`,`nickname`,`kjmessage_id`,s.sname school,`grade`,`u`.`sex`,`u`.`head_image`,`u`.`background_img`,`u`.`signature`,`user_birth`,`u`.`uuid` FROM `users` `u` LEFT JOIN `users_secretary` `us` ON `us`.`user_id`=`u`.`user_id` LEFT JOIN `school` `s` ON `u`.`school`=`s`.`id` WHERE  `u`.`user_id` = '34' LIMIT 1 [ RunTime:0.000627s ]
[ sql ] [ SQL ] SHOW COLUMNS FROM `follows` [ RunTime:0.000671s ]
[ sql ] [ SQL ] SELECT count(id) follows FROM `follows` WHERE  `f_user_id` = 34 LIMIT 1 [ RunTime:0.000328s ]
[ sql ] [ SQL ] SHOW COLUMNS FROM `comment_fabulous` [ RunTime:0.000619s ]
[ sql ] [ SQL ] SELECT COUNT(*) AS tp_count FROM `comment_fabulous` `cf` LEFT JOIN `comment` `c` ON `cf`.`comment_id`=`c`.`id` LEFT JOIN `users` `u` ON `u`.`user_id`=`c`.`user_id` WHERE  `u`.`user_id` = '34'  AND `cf`.`status` = 1 LIMIT 1 [ RunTime:0.000510s ]
[ sql ] [ SQL ] SHOW COLUMNS FROM `activity_fabulous` [ RunTime:0.000621s ]
[ sql ] [ SQL ] SELECT COUNT(*) AS tp_count FROM `activity_fabulous` WHERE  `release_id` = 34 LIMIT 1 [ RunTime:0.000320s ]
[ sql ] [ SQL ] SHOW COLUMNS FROM `medal` [ RunTime:0.000615s ]
[ sql ] [ SQL ] SELECT m.id medal_id,`ms`.`name`,`ms`.`url` FROM `medal` `m` LEFT JOIN `medal_sys` `ms` ON `m`.`md_id`=`ms`.`id` WHERE  `user_id` = 34 [ RunTime:0.000334s ]
---------------------------------------------------------------
[ 2019-02-21T18:55:03+08:00 ] 117.136.63.154 POST 148.70.73.177/api/users/showinfo
[运行时间：0.039683s] [吞吐率：25.20req/s] [内存消耗：2,813.82kb] [文件加载：56]
[ info ] [ LANG ] /data/web/php/ischool/thinkphp/lang/zh-cn.php
[ info ] [ ROUTE ] array (
  'type' => 'module',
  'module' => 
  array (
    0 => 'api',
    1 => 'users',
    2 => 'showinfo',
  ),
)
[ info ] [ HEADER ] array (
  'accept-encoding' => 'gzip, deflate',
  'content-length' => '114',
  'accept-language' => 'zh-Hans-CN;q=1, en-CN;q=0.9',
  'user-agent' => 'iSchool/1.0 (iPhone; iOS 12.1.2; Scale/3.00)',
  'accept' => '*/*',
  'connection' => 'keep-alive',
  'content-type' => 'application/x-www-form-urlencoded',
  'host' => '148.70.73.177',
)
[ info ] [ PARAM ] array (
  'app_os' => 'IOS',
  'app_version' => '1.0',
  'cid' => '4C586264-49F3-423D-8013-EB2D6CD508A5',
  'tk' => 'f94444d20d7bc3992253210ebf96b5d4',
  'user_id' => '34',
)
[ info ] [ CACHE ] INIT File
[ info ] [ DB ] INIT mysql
[ info ] [ RUN ] app\api\controller\Users->showInfo[ /data/web/php/ischool/application/api/controller/Users.php ]
[ info ] [ LOG ] INIT File
[ sql ] [ DB ] CONNECT:[ UseTime:0.000502s ] mysql:host=127.0.0.1;port=3306;dbname=ischool;charset=utf8
[ sql ] [ SQL ] SHOW COLUMNS FROM `users` [ RunTime:0.001084s ]
[ sql ] [ SQL ] SELECT `u`.`user_id`,`username`,`nickname`,`kjmessage_id`,s.sname school,`grade`,`u`.`sex`,`u`.`head_image`,`u`.`background_img`,`u`.`signature`,`user_birth`,`u`.`uuid` FROM `users` `u` LEFT JOIN `users_secretary` `us` ON `us`.`user_id`=`u`.`user_id` LEFT JOIN `school` `s` ON `u`.`school`=`s`.`id` WHERE  `u`.`user_id` = '34' LIMIT 1 [ RunTime:0.000612s ]
[ sql ] [ SQL ] SHOW COLUMNS FROM `follows` [ RunTime:0.000666s ]
[ sql ] [ SQL ] SELECT count(id) follows FROM `follows` WHERE  `f_user_id` = 34 LIMIT 1 [ RunTime:0.000380s ]
[ sql ] [ SQL ] SHOW COLUMNS FROM `comment_fabulous` [ RunTime:0.000664s ]
[ sql ] [ SQL ] SELECT COUNT(*) AS tp_count FROM `comment_fabulous` `cf` LEFT JOIN `comment` `c` ON `cf`.`comment_id`=`c`.`id` LEFT JOIN `users` `u` ON `u`.`user_id`=`c`.`user_id` WHERE  `u`.`user_id` = '34'  AND `cf`.`status` = 1 LIMIT 1 [ RunTime:0.000454s ]
[ sql ] [ SQL ] SHOW COLUMNS FROM `activity_fabulous` [ RunTime:0.000515s ]
[ sql ] [ SQL ] SELECT COUNT(*) AS tp_count FROM `activity_fabulous` WHERE  `release_id` = 34 LIMIT 1 [ RunTime:0.000239s ]
[ sql ] [ SQL ] SHOW COLUMNS FROM `medal` [ RunTime:0.000488s ]
[ sql ] [ SQL ] SELECT m.id medal_id,`ms`.`name`,`ms`.`url` FROM `medal` `m` LEFT JOIN `medal_sys` `ms` ON `m`.`md_id`=`ms`.`id` WHERE  `user_id` = 34 [ RunTime:0.000295s ]
---------------------------------------------------------------
[ 2019-02-21T18:55:06+08:00 ] 117.136.63.154 POST 148.70.73.177/api/users/showinfo
[运行时间：0.032177s] [吞吐率：31.08req/s] [内存消耗：2,813.82kb] [文件加载：56]
[ info ] [ LANG ] /data/web/php/ischool/thinkphp/lang/zh-cn.php
[ info ] [ ROUTE ] array (
  'type' => 'module',
  'module' => 
  array (
    0 => 'api',
    1 => 'users',
    2 => 'showinfo',
  ),
)
[ info ] [ HEADER ] array (
  'accept-encoding' => 'gzip, deflate',
  'content-length' => '114',
  'accept-language' => 'zh-Hans-CN;q=1, en-CN;q=0.9',
  'user-agent' => 'iSchool/1.0 (iPhone; iOS 12.1.2; Scale/3.00)',
  'accept' => '*/*',
  'connection' => 'keep-alive',
  'content-type' => 'application/x-www-form-urlencoded',
  'host' => '148.70.73.177',
)
[ info ] [ PARAM ] array (
  'app_os' => 'IOS',
  'app_version' => '1.0',
  'cid' => '4C586264-49F3-423D-8013-EB2D6CD508A5',
  'tk' => 'f94444d20d7bc3992253210ebf96b5d4',
  'user_id' => '34',
)
[ info ] [ CACHE ] INIT File
[ info ] [ DB ] INIT mysql
[ info ] [ RUN ] app\api\controller\Users->showInfo[ /data/web/php/ischool/application/api/controller/Users.php ]
[ info ] [ LOG ] INIT File
[ sql ] [ DB ] CONNECT:[ UseTime:0.000359s ] mysql:host=127.0.0.1;port=3306;dbname=ischool;charset=utf8
[ sql ] [ SQL ] SHOW COLUMNS FROM `users` [ RunTime:0.000876s ]
[ sql ] [ SQL ] SELECT `u`.`user_id`,`username`,`nickname`,`kjmessage_id`,s.sname school,`grade`,`u`.`sex`,`u`.`head_image`,`u`.`background_img`,`u`.`signature`,`user_birth`,`u`.`uuid` FROM `users` `u` LEFT JOIN `users_secretary` `us` ON `us`.`user_id`=`u`.`user_id` LEFT JOIN `school` `s` ON `u`.`school`=`s`.`id` WHERE  `u`.`user_id` = '34' LIMIT 1 [ RunTime:0.000466s ]
[ sql ] [ SQL ] SHOW COLUMNS FROM `follows` [ RunTime:0.000492s ]
[ sql ] [ SQL ] SELECT count(id) follows FROM `follows` WHERE  `f_user_id` = 34 LIMIT 1 [ RunTime:0.000295s ]
[ sql ] [ SQL ] SHOW COLUMNS FROM `comment_fabulous` [ RunTime:0.000583s ]
[ sql ] [ SQL ] SELECT COUNT(*) AS tp_count FROM `comment_fabulous` `cf` LEFT JOIN `comment` `c` ON `cf`.`comment_id`=`c`.`id` LEFT JOIN `users` `u` ON `u`.`user_id`=`c`.`user_id` WHERE  `u`.`user_id` = '34'  AND `cf`.`status` = 1 LIMIT 1 [ RunTime:0.000472s ]
[ sql ] [ SQL ] SHOW COLUMNS FROM `activity_fabulous` [ RunTime:0.000468s ]
[ sql ] [ SQL ] SELECT COUNT(*) AS tp_count FROM `activity_fabulous` WHERE  `release_id` = 34 LIMIT 1 [ RunTime:0.000229s ]
[ sql ] [ SQL ] SHOW COLUMNS FROM `medal` [ RunTime:0.000519s ]
[ sql ] [ SQL ] SELECT m.id medal_id,`ms`.`name`,`ms`.`url` FROM `medal` `m` LEFT JOIN `medal_sys` `ms` ON `m`.`md_id`=`ms`.`id` WHERE  `user_id` = 34 [ RunTime:0.000254s ]
---------------------------------------------------------------
[ 2019-02-21T18:55:12+08:00 ] 117.136.63.154 POST 148.70.73.177/api/users/showinfo
[运行时间：0.027286s] [吞吐率：36.65req/s] [内存消耗：2,813.82kb] [文件加载：56]
[ info ] [ LANG ] /data/web/php/ischool/thinkphp/lang/zh-cn.php
[ info ] [ ROUTE ] array (
  'type' => 'module',
  'module' => 
  array (
    0 => 'api',
    1 => 'users',
    2 => 'showinfo',
  ),
)
[ info ] [ HEADER ] array (
  'accept-encoding' => 'gzip, deflate',
  'content-length' => '114',
  'accept-language' => 'zh-Hans-CN;q=1, en-CN;q=0.9',
  'user-agent' => 'iSchool/1.0 (iPhone; iOS 12.1.2; Scale/3.00)',
  'accept' => '*/*',
  'connection' => 'keep-alive',
  'content-type' => 'application/x-www-form-urlencoded',
  'host' => '148.70.73.177',
)
[ info ] [ PARAM ] array (
  'app_os' => 'IOS',
  'app_version' => '1.0',
  'cid' => '4C586264-49F3-423D-8013-EB2D6CD508A5',
  'tk' => 'f94444d20d7bc3992253210ebf96b5d4',
  'user_id' => '34',
)
[ info ] [ CACHE ] INIT File
[ info ] [ DB ] INIT mysql
[ info ] [ RUN ] app\api\controller\Users->showInfo[ /data/web/php/ischool/application/api/controller/Users.php ]
[ info ] [ LOG ] INIT File
[ sql ] [ DB ] CONNECT:[ UseTime:0.000348s ] mysql:host=127.0.0.1;port=3306;dbname=ischool;charset=utf8
[ sql ] [ SQL ] SHOW COLUMNS FROM `users` [ RunTime:0.000778s ]
[ sql ] [ SQL ] SELECT `u`.`user_id`,`username`,`nickname`,`kjmessage_id`,s.sname school,`grade`,`u`.`sex`,`u`.`head_image`,`u`.`background_img`,`u`.`signature`,`user_birth`,`u`.`uuid` FROM `users` `u` LEFT JOIN `users_secretary` `us` ON `us`.`user_id`=`u`.`user_id` LEFT JOIN `school` `s` ON `u`.`school`=`s`.`id` WHERE  `u`.`user_id` = '34' LIMIT 1 [ RunTime:0.000435s ]
[ sql ] [ SQL ] SHOW COLUMNS FROM `follows` [ RunTime:0.000466s ]
[ sql ] [ SQL ] SELECT count(id) follows FROM `follows` WHERE  `f_user_id` = 34 LIMIT 1 [ RunTime:0.000229s ]
[ sql ] [ SQL ] SHOW COLUMNS FROM `comment_fabulous` [ RunTime:0.000410s ]
[ sql ] [ SQL ] SELECT COUNT(*) AS tp_count FROM `comment_fabulous` `cf` LEFT JOIN `comment` `c` ON `cf`.`comment_id`=`c`.`id` LEFT JOIN `users` `u` ON `u`.`user_id`=`c`.`user_id` WHERE  `u`.`user_id` = '34'  AND `cf`.`status` = 1 LIMIT 1 [ RunTime:0.000315s ]
[ sql ] [ SQL ] SHOW COLUMNS FROM `activity_fabulous` [ RunTime:0.000429s ]
[ sql ] [ SQL ] SELECT COUNT(*) AS tp_count FROM `activity_fabulous` WHERE  `release_id` = 34 LIMIT 1 [ RunTime:0.000223s ]
[ sql ] [ SQL ] SHOW COLUMNS FROM `medal` [ RunTime:0.000452s ]
[ sql ] [ SQL ] SELECT m.id medal_id,`ms`.`name`,`ms`.`url` FROM `medal` `m` LEFT JOIN `medal_sys` `ms` ON `m`.`md_id`=`ms`.`id` WHERE  `user_id` = 34 [ RunTime:0.000251s ]
---------------------------------------------------------------
[ 2019-02-21T18:55:14+08:00 ] 117.136.63.154 POST 148.70.73.177/api/users/showinfo
[运行时间：0.031484s] [吞吐率：31.76req/s] [内存消耗：2,813.82kb] [文件加载：56]
[ info ] [ LANG ] /data/web/php/ischool/thinkphp/lang/zh-cn.php
[ info ] [ ROUTE ] array (
  'type' => 'module',
  'module' => 
  array (
    0 => 'api',
    1 => 'users',
    2 => 'showinfo',
  ),
)
[ info ] [ HEADER ] array (
  'accept-encoding' => 'gzip, deflate',
  'content-length' => '114',
  'accept-language' => 'zh-Hans-CN;q=1, en-CN;q=0.9',
  'user-agent' => 'iSchool/1.0 (iPhone; iOS 12.1.2; Scale/3.00)',
  'accept' => '*/*',
  'connection' => 'keep-alive',
  'content-type' => 'application/x-www-form-urlencoded',
  'host' => '148.70.73.177',
)
[ info ] [ PARAM ] array (
  'app_os' => 'IOS',
  'app_version' => '1.0',
  'cid' => '4C586264-49F3-423D-8013-EB2D6CD508A5',
  'tk' => 'f94444d20d7bc3992253210ebf96b5d4',
  'user_id' => '34',
)
[ info ] [ CACHE ] INIT File
[ info ] [ DB ] INIT mysql
[ info ] [ RUN ] app\api\controller\Users->showInfo[ /data/web/php/ischool/application/api/controller/Users.php ]
[ info ] [ LOG ] INIT File
[ sql ] [ DB ] CONNECT:[ UseTime:0.000349s ] mysql:host=127.0.0.1;port=3306;dbname=ischool;charset=utf8
[ sql ] [ SQL ] SHOW COLUMNS FROM `users` [ RunTime:0.000839s ]
[ sql ] [ SQL ] SELECT `u`.`user_id`,`username`,`nickname`,`kjmessage_id`,s.sname school,`grade`,`u`.`sex`,`u`.`head_image`,`u`.`background_img`,`u`.`signature`,`user_birth`,`u`.`uuid` FROM `users` `u` LEFT JOIN `users_secretary` `us` ON `us`.`user_id`=`u`.`user_id` LEFT JOIN `school` `s` ON `u`.`school`=`s`.`id` WHERE  `u`.`user_id` = '34' LIMIT 1 [ RunTime:0.000398s ]
[ sql ] [ SQL ] SHOW COLUMNS FROM `follows` [ RunTime:0.000452s ]
[ sql ] [ SQL ] SELECT count(id) follows FROM `follows` WHERE  `f_user_id` = 34 LIMIT 1 [ RunTime:0.000226s ]
[ sql ] [ SQL ] SHOW COLUMNS FROM `comment_fabulous` [ RunTime:0.000428s ]
[ sql ] [ SQL ] SELECT COUNT(*) AS tp_count FROM `comment_fabulous` `cf` LEFT JOIN `comment` `c` ON `cf`.`comment_id`=`c`.`id` LEFT JOIN `users` `u` ON `u`.`user_id`=`c`.`user_id` WHERE  `u`.`user_id` = '34'  AND `cf`.`status` = 1 LIMIT 1 [ RunTime:0.000319s ]
[ sql ] [ SQL ] SHOW COLUMNS FROM `activity_fabulous` [ RunTime:0.000431s ]
[ sql ] [ SQL ] SELECT COUNT(*) AS tp_count FROM `activity_fabulous` WHERE  `release_id` = 34 LIMIT 1 [ RunTime:0.000223s ]
[ sql ] [ SQL ] SHOW COLUMNS FROM `medal` [ RunTime:0.000425s ]
[ sql ] [ SQL ] SELECT m.id medal_id,`ms`.`name`,`ms`.`url` FROM `medal` `m` LEFT JOIN `medal_sys` `ms` ON `m`.`md_id`=`ms`.`id` WHERE  `user_id` = 34 [ RunTime:0.000246s ]
---------------------------------------------------------------
[ 2019-02-21T18:55:15+08:00 ] 117.136.63.154 POST 148.70.73.177/api/users/showinfo
[运行时间：0.042124s] [吞吐率：23.74req/s] [内存消耗：2,813.82kb] [文件加载：56]
[ info ] [ LANG ] /data/web/php/ischool/thinkphp/lang/zh-cn.php
[ info ] [ ROUTE ] array (
  'type' => 'module',
  'module' => 
  array (
    0 => 'api',
    1 => 'users',
    2 => 'showinfo',
  ),
)
[ info ] [ HEADER ] array (
  'accept-encoding' => 'gzip, deflate',
  'content-length' => '114',
  'accept-language' => 'zh-Hans-CN;q=1, en-CN;q=0.9',
  'user-agent' => 'iSchool/1.0 (iPhone; iOS 12.1.2; Scale/3.00)',
  'accept' => '*/*',
  'connection' => 'keep-alive',
  'content-type' => 'application/x-www-form-urlencoded',
  'host' => '148.70.73.177',
)
[ info ] [ PARAM ] array (
  'app_os' => 'IOS',
  'app_version' => '1.0',
  'cid' => '4C586264-49F3-423D-8013-EB2D6CD508A5',
  'tk' => 'f94444d20d7bc3992253210ebf96b5d4',
  'user_id' => '34',
)
[ info ] [ CACHE ] INIT File
[ info ] [ DB ] INIT mysql
[ info ] [ RUN ] app\api\controller\Users->showInfo[ /data/web/php/ischool/application/api/controller/Users.php ]
[ info ] [ LOG ] INIT File
[ sql ] [ DB ] CONNECT:[ UseTime:0.000452s ] mysql:host=127.0.0.1;port=3306;dbname=ischool;charset=utf8
[ sql ] [ SQL ] SHOW COLUMNS FROM `users` [ RunTime:0.001203s ]
[ sql ] [ SQL ] SELECT `u`.`user_id`,`username`,`nickname`,`kjmessage_id`,s.sname school,`grade`,`u`.`sex`,`u`.`head_image`,`u`.`background_img`,`u`.`signature`,`user_birth`,`u`.`uuid` FROM `users` `u` LEFT JOIN `users_secretary` `us` ON `us`.`user_id`=`u`.`user_id` LEFT JOIN `school` `s` ON `u`.`school`=`s`.`id` WHERE  `u`.`user_id` = '34' LIMIT 1 [ RunTime:0.000646s ]
[ sql ] [ SQL ] SHOW COLUMNS FROM `follows` [ RunTime:0.000716s ]
[ sql ] [ SQL ] SELECT count(id) follows FROM `follows` WHERE  `f_user_id` = 34 LIMIT 1 [ RunTime:0.000375s ]
[ sql ] [ SQL ] SHOW COLUMNS FROM `comment_fabulous` [ RunTime:0.000635s ]
[ sql ] [ SQL ] SELECT COUNT(*) AS tp_count FROM `comment_fabulous` `cf` LEFT JOIN `comment` `c` ON `cf`.`comment_id`=`c`.`id` LEFT JOIN `users` `u` ON `u`.`user_id`=`c`.`user_id` WHERE  `u`.`user_id` = '34'  AND `cf`.`status` = 1 LIMIT 1 [ RunTime:0.000544s ]
[ sql ] [ SQL ] SHOW COLUMNS FROM `activity_fabulous` [ RunTime:0.000648s ]
[ sql ] [ SQL ] SELECT COUNT(*) AS tp_count FROM `activity_fabulous` WHERE  `release_id` = 34 LIMIT 1 [ RunTime:0.000323s ]
[ sql ] [ SQL ] SHOW COLUMNS FROM `medal` [ RunTime:0.000648s ]
[ sql ] [ SQL ] SELECT m.id medal_id,`ms`.`name`,`ms`.`url` FROM `medal` `m` LEFT JOIN `medal_sys` `ms` ON `m`.`md_id`=`ms`.`id` WHERE  `user_id` = 34 [ RunTime:0.000346s ]
---------------------------------------------------------------
[ 2019-02-21T18:55:30+08:00 ] 117.136.63.154 POST 148.70.73.177/api/trips/showTrips
[运行时间：0.026888s] [吞吐率：37.19req/s] [内存消耗：2,770.50kb] [文件加载：55]
[ info ] [ LANG ] /data/web/php/ischool/thinkphp/lang/zh-cn.php
[ info ] [ ROUTE ] array (
  'type' => 'module',
  'module' => 
  array (
    0 => 'api',
    1 => 'trips',
    2 => 'showTrips',
  ),
)
[ info ] [ HEADER ] array (
  'accept-encoding' => 'gzip, deflate',
  'content-length' => '131',
  'accept-language' => 'zh-Hans-CN;q=1, en-CN;q=0.9',
  'user-agent' => 'iSchool/1.0 (iPhone; iOS 12.1.2; Scale/3.00)',
  'accept' => '*/*',
  'connection' => 'keep-alive',
  'content-type' => 'application/x-www-form-urlencoded',
  'host' => '148.70.73.177',
)
[ info ] [ PARAM ] array (
  'app_os' => 'IOS',
  'app_version' => '1.0',
  'cid' => '4C586264-49F3-423D-8013-EB2D6CD508A5',
  'times' => '1550746530',
  'tk' => 'f94444d20d7bc3992253210ebf96b5d4',
  'user_id' => '34',
)
[ info ] [ CACHE ] INIT File
[ info ] [ DB ] INIT mysql
[ info ] [ RUN ] app\api\controller\Trips->showTrips[ /data/web/php/ischool/application/api/controller/Trips.php ]
[ info ] [ LOG ] INIT File
[ sql ] [ DB ] CONNECT:[ UseTime:0.000327s ] mysql:host=127.0.0.1;port=3306;dbname=ischool;charset=utf8
[ sql ] [ SQL ] SHOW COLUMNS FROM `tasks` [ RunTime:0.000784s ]
[ sql ] [ SQL ] SELECT t.id tasks_id,`t`.`type`,`t`.`ctime`,`t`.`content`,`t`.`start_time`,`t`.`end_time`,`t`.`title`,`t`.`plays_id` FROM `tasks` `t` WHERE  ( `t`.`start_time` > 1550678400 AND `t`.`start_time` < 1550764799 )  AND `t`.`user_id` = '34'  AND `t`.`status` = 0 ORDER BY `t`.`start_time` DESC [ RunTime:0.000384s ]
---------------------------------------------------------------
[ 2019-02-21T18:55:32+08:00 ] 117.136.63.154 POST 148.70.73.177/api/users/showSec
[运行时间：0.025254s] [吞吐率：39.60req/s] [内存消耗：2,797.99kb] [文件加载：55]
[ info ] [ LANG ] /data/web/php/ischool/thinkphp/lang/zh-cn.php
[ info ] [ ROUTE ] array (
  'type' => 'module',
  'module' => 
  array (
    0 => 'api',
    1 => 'users',
    2 => 'showSec',
  ),
)
[ info ] [ HEADER ] array (
  'accept-encoding' => 'gzip, deflate',
  'content-length' => '114',
  'accept-language' => 'zh-Hans-CN;q=1, en-CN;q=0.9',
  'user-agent' => 'iSchool/1.0 (iPhone; iOS 12.1.2; Scale/3.00)',
  'accept' => '*/*',
  'connection' => 'keep-alive',
  'content-type' => 'application/x-www-form-urlencoded',
  'host' => '148.70.73.177',
)
[ info ] [ PARAM ] array (
  'app_os' => 'IOS',
  'app_version' => '1.0',
  'cid' => '4C586264-49F3-423D-8013-EB2D6CD508A5',
  'tk' => 'f94444d20d7bc3992253210ebf96b5d4',
  'user_id' => '34',
)
[ info ] [ CACHE ] INIT File
[ info ] [ DB ] INIT mysql
[ info ] [ RUN ] app\api\controller\Users->showSec[ /data/web/php/ischool/application/api/controller/Users.php ]
[ info ] [ LOG ] INIT File
[ sql ] [ DB ] CONNECT:[ UseTime:0.000340s ] mysql:host=127.0.0.1;port=3306;dbname=ischool;charset=utf8
[ sql ] [ SQL ] SHOW COLUMNS FROM `users_secretary` [ RunTime:0.000724s ]
[ sql ] [ SQL ] SELECT id sec_id,`user_id`,`sec_name`,`sec_sex`,`sec_call`,`images`,`intimate`,`charm`,`sec_level`,`attack`,`fatigue`,`spirit`,`hunger`,`grade` FROM `users_secretary` WHERE  `user_id` = 34 LIMIT 1 [ RunTime:0.000344s ]
---------------------------------------------------------------
[ 2019-02-21T19:16:01+08:00 ] 109.86.252.225 GET 148.70.73.177:80/
[运行时间：0.016754s] [吞吐率：59.69req/s] [内存消耗：1,246.89kb] [文件加载：33]
[ info ] [ LANG ] /data/web/php/ischool/thinkphp/lang/zh-cn.php
[ info ] [ ROUTE ] array (
  'type' => 'module',
  'module' => 
  array (
    0 => '',
    1 => NULL,
    2 => NULL,
  ),
)
[ info ] [ HEADER ] array (
  'content-length' => '0',
  'user-agent' => 'Mozilla/5.0 (Windows NT 10.0; WOW64) AppleWebKit/537.36 (KHTML, like Gecko) Chrome/52.0.2743.116 Safari/537.36',
  'host' => '148.70.73.177:80',
  'content-type' => '',
)
[ info ] [ PARAM ] array (
)
[ info ] [ RUN ] app\index\controller\Index->index[ /data/web/php/ischool/application/index/controller/Index.php ]
[ info ] [ LOG ] INIT File
---------------------------------------------------------------
[ 2019-02-21T19:29:35+08:00 ] 139.207.190.168 GET www.blankblock.cn/gzh/login/index
[运行时间：0.015591s] [吞吐率：64.14req/s] [内存消耗：1,641.12kb] [文件加载：42]
[ info ] [ LANG ] /data/web/php/ischool/thinkphp/lang/zh-cn.php
[ info ] [ ROUTE ] array (
  'type' => 'module',
  'module' => 
  array (
    0 => 'gzh',
    1 => 'login',
    2 => 'index',
  ),
)
[ info ] [ HEADER ] array (
  'connection' => 'keep-alive',
  'cache-control' => 'max-age=259200',
  'host' => 'www.blankblock.cn',
  'x-forwarded-for' => '139.207.190.168',
  'clientip' => '139.207.190.168',
  'user-agent' => 'Mozilla/5.0 (iPhone; CPU iPhone OS 12_1_2 like Mac OS X; zh-CN) AppleWebKit/537.51.1 (KHTML, like Gecko) Mobile/16C101 UCBrowser/12.3.0.1138 Mobile  AliApp(TUnionSDK/0.1.20.3)',
  'accept-language' => 'zh-cn',
  'accept-encoding' => 'gzip,deflate',
  'x-ucbrowser-ua' => 'dv(iPh10,3);pr(UCBrowser/12.3.0.1138);ov(12_1_2);ss(375x812);bt(UC);pm(0);bv(0);nm(0);im(0);nt(1);',
  'accept' => 'text/html,application/xhtml+xml,application/xml;q=0.9,*/*;q=0.8',
  'upgrade-insecure-requests' => '1',
  'content-type' => '',
  'content-length' => '',
)
[ info ] [ PARAM ] array (
)
[ info ] [ RUN ] app\gzh\controller\Login->index[ /data/web/php/ischool/application/gzh/controller/Login.php ]
[ info ] [ VIEW ] /data/web/php/ischool/public/../application/gzh/view/login/index.html [ array (
) ]
[ info ] [ LOG ] INIT File
---------------------------------------------------------------
[ 2019-02-21T19:29:46+08:00 ] 139.207.190.168 POST www.blankblock.cn/gzh/login/logins.html
[运行时间：0.022219s] [吞吐率：45.01req/s] [内存消耗：2,491.91kb] [文件加载：50]
[ info ] [ LANG ] /data/web/php/ischool/thinkphp/lang/zh-cn.php
[ info ] [ ROUTE ] array (
  'type' => 'module',
  'module' => 
  array (
    0 => 'gzh',
    1 => 'login',
    2 => 'logins',
  ),
)
[ info ] [ HEADER ] array (
  'connection' => 'keep-alive',
  'cache-control' => 'max-age=259200',
  'host' => 'www.blankblock.cn',
  'x-forwarded-for' => '139.207.190.168',
  'clientip' => '139.207.190.168',
  'content-length' => '31',
  'referer' => 'http://www.blankblock.cn/gzh/login/index',
  'user-agent' => 'Mozilla/5.0 (iPhone; CPU iPhone OS 12_1_2 like Mac OS X; zh-CN) AppleWebKit/537.51.1 (KHTML, like Gecko) Mobile/16C101 UCBrowser/12.3.0.1138 Mobile  AliApp(TUnionSDK/0.1.20.3)',
  'accept-encoding' => 'gzip,deflate',
  'x-requested-with' => 'XMLHttpRequest',
  'accept-language' => 'zh-cn',
  'origin' => 'http://www.blankblock.cn',
  'content-type' => 'application/x-www-form-urlencoded; charset=UTF-8',
  'accept' => '*/*',
)
[ info ] [ PARAM ] array (
  'username' => '17780612585',
  'code' => '12345',
)
[ info ] [ RUN ] app\gzh\controller\Login->logins[ /data/web/php/ischool/application/gzh/controller/Login.php ]
[ info ] [ CACHE ] INIT File
[ info ] [ DB ] INIT mysql
[ info ] [ LOG ] INIT File
[ sql ] [ DB ] CONNECT:[ UseTime:0.000410s ] mysql:host=127.0.0.1;port=3306;dbname=ischool;charset=utf8
[ sql ] [ SQL ] SHOW COLUMNS FROM `users` [ RunTime:0.000829s ]
[ sql ] [ SQL ] SELECT `user_id`,`username`,`email`,`head_image`,`nickname`,`college`,`sex` FROM `users` WHERE  `username` = '17780612585' LIMIT 1 [ RunTime:0.000338s ]
---------------------------------------------------------------
[ 2019-02-21T19:29:46+08:00 ] 139.207.190.168 GET www.blankblock.cn/gzh/index/index.html?u=29
[运行时间：0.018781s] [吞吐率：53.25req/s] [内存消耗：1,730.16kb] [文件加载：46]
[ info ] [ LANG ] /data/web/php/ischool/thinkphp/lang/zh-cn.php
[ info ] [ ROUTE ] array (
  'type' => 'module',
  'module' => 
  array (
    0 => 'gzh',
    1 => 'index',
    2 => 'index',
  ),
)
[ info ] [ HEADER ] array (
  'accept-encoding' => 'gzip, deflate',
  'referer' => 'http://www.blankblock.cn/gzh/login/index',
  'accept-language' => 'zh-cn',
  'x-ucbrowser-ua' => 'dv(iPh10,3);pr(UCBrowser/12.3.0.1138);ov(12_1_2);ss(375x812);bt(UC);pm(0);bv(0);nm(0);im(0);nt(1);',
  'upgrade-insecure-requests' => '1',
  'accept' => 'text/html,application/xhtml+xml,application/xml;q=0.9,*/*;q=0.8',
  'user-agent' => 'Mozilla/5.0 (iPhone; CPU iPhone OS 12_1_2 like Mac OS X; zh-CN) AppleWebKit/537.51.1 (KHTML, like Gecko) Mobile/16C101 UCBrowser/12.3.0.1138 Mobile  AliApp(TUnionSDK/0.1.20.3)',
  'connection' => 'keep-alive',
  'host' => 'www.blankblock.cn',
  'content-type' => '',
  'content-length' => '',
)
[ info ] [ PARAM ] array (
  'u' => '29',
)
[ info ] [ CACHE ] INIT File
[ info ] [ RUN ] app\gzh\controller\Index->index[ /data/web/php/ischool/application/gzh/controller/Index.php ]
[ info ] [ VIEW ] /data/web/php/ischool/public/../application/gzh/view/index/index.html [ array (
  0 => 'u_info',
) ]
[ info ] [ LOG ] INIT File
---------------------------------------------------------------
[ 2019-02-21T19:29:48+08:00 ] 139.207.190.168 POST www.blankblock.cn/gzh/index/select_u.html
[运行时间：0.022683s] [吞吐率：44.09req/s] [内存消耗：2,510.47kb] [文件加载：51]
[ info ] [ LANG ] /data/web/php/ischool/thinkphp/lang/zh-cn.php
[ info ] [ ROUTE ] array (
  'type' => 'module',
  'module' => 
  array (
    0 => 'gzh',
    1 => 'index',
    2 => 'select_u',
  ),
)
[ info ] [ HEADER ] array (
  'accept-encoding' => 'gzip, deflate',
  'referer' => 'http://www.blankblock.cn/gzh/index/index.html?u=29',
  'accept-language' => 'zh-cn',
  'x-requested-with' => 'XMLHttpRequest',
  'origin' => 'http://www.blankblock.cn',
  'content-type' => 'application/x-www-form-urlencoded; charset=UTF-8',
  'accept' => '*/*',
  'user-agent' => 'Mozilla/5.0 (iPhone; CPU iPhone OS 12_1_2 like Mac OS X; zh-CN) AppleWebKit/537.51.1 (KHTML, like Gecko) Mobile/16C101 UCBrowser/12.3.0.1138 Mobile  AliApp(TUnionSDK/0.1.20.3)',
  'content-length' => '4',
  'connection' => 'keep-alive',
  'host' => 'www.blankblock.cn',
)
[ info ] [ PARAM ] array (
  'u' => '29',
)
[ info ] [ CACHE ] INIT File
[ info ] [ RUN ] app\gzh\controller\Index->select_u[ /data/web/php/ischool/application/gzh/controller/Index.php ]
[ info ] [ DB ] INIT mysql
[ info ] [ LOG ] INIT File
[ sql ] [ DB ] CONNECT:[ UseTime:0.000381s ] mysql:host=127.0.0.1;port=3306;dbname=ischool;charset=utf8
[ sql ] [ SQL ] SHOW COLUMNS FROM `u_resume` [ RunTime:0.000725s ]
[ sql ] [ SQL ] SELECT * FROM `u_resume` WHERE  `user_id` = 29 LIMIT 1 [ RunTime:0.000310s ]
---------------------------------------------------------------
[ 2019-02-21T19:29:48+08:00 ] 139.207.190.168 GET www.blankblock.cn/gzh/index/preview.html?u=29
[运行时间：0.026761s] [吞吐率：37.37req/s] [内存消耗：2,590.79kb] [文件加载：53]
[ info ] [ LANG ] /data/web/php/ischool/thinkphp/lang/zh-cn.php
[ info ] [ ROUTE ] array (
  'type' => 'module',
  'module' => 
  array (
    0 => 'gzh',
    1 => 'index',
    2 => 'preview',
  ),
)
[ info ] [ HEADER ] array (
  'accept-encoding' => 'gzip, deflate',
  'referer' => 'http://www.blankblock.cn/gzh/index/index.html?u=29',
  'accept-language' => 'zh-cn',
  'x-ucbrowser-ua' => 'dv(iPh10,3);pr(UCBrowser/12.3.0.1138);ov(12_1_2);ss(375x812);bt(UC);pm(0);bv(0);nm(0);im(0);nt(1);',
  'upgrade-insecure-requests' => '1',
  'accept' => 'text/html,application/xhtml+xml,application/xml;q=0.9,*/*;q=0.8',
  'user-agent' => 'Mozilla/5.0 (iPhone; CPU iPhone OS 12_1_2 like Mac OS X; zh-CN) AppleWebKit/537.51.1 (KHTML, like Gecko) Mobile/16C101 UCBrowser/12.3.0.1138 Mobile  AliApp(TUnionSDK/0.1.20.3)',
  'connection' => 'keep-alive',
  'host' => 'www.blankblock.cn',
  'content-type' => '',
  'content-length' => '',
)
[ info ] [ PARAM ] array (
  'u' => '29',
)
[ info ] [ CACHE ] INIT File
[ info ] [ RUN ] app\gzh\controller\Index->preview[ /data/web/php/ischool/application/gzh/controller/Index.php ]
[ info ] [ DB ] INIT mysql
[ info ] [ VIEW ] /data/web/php/ischool/public/../application/gzh/view/index/preview.html [ array (
  0 => 'u_info',
) ]
[ info ] [ LOG ] INIT File
[ sql ] [ DB ] CONNECT:[ UseTime:0.000330s ] mysql:host=127.0.0.1;port=3306;dbname=ischool;charset=utf8
[ sql ] [ SQL ] SHOW COLUMNS FROM `users` [ RunTime:0.000826s ]
[ sql ] [ SQL ] SELECT `u`.`user_id`,`u`.`sex`,`u`.`email`,`u`.`nickname`,`u`.`phone`,`u`.`head_image`,s.sname school_name FROM `users` `u` LEFT JOIN `school` `s` ON `u`.`school`=`s`.`id` WHERE  `u`.`user_id` = '29' LIMIT 1 [ RunTime:0.000341s ]
[ sql ] [ SQL ] SHOW COLUMNS FROM `u_resume` [ RunTime:0.000438s ]
[ sql ] [ SQL ] SELECT * FROM `u_resume` WHERE  `user_id` = 29 LIMIT 1 [ RunTime:0.000244s ]
[ sql ] [ SQL ] SHOW COLUMNS FROM `recruit_type` [ RunTime:0.000462s ]
[ sql ] [ SQL ] SELECT `recruit_name` FROM `recruit_type` WHERE  `id` = 1 LIMIT 1 [ RunTime:0.000197s ]
[ sql ] [ SQL ] SELECT `recruit_name` FROM `recruit_type` WHERE  `id` = 1 LIMIT 1 [ RunTime:0.000187s ]
---------------------------------------------------------------
[ 2019-02-21T19:29:52+08:00 ] 139.207.190.168 GET www.blankblock.cn/gzh/index/edit.html?u=29
[运行时间：0.034935s] [吞吐率：28.62req/s] [内存消耗：2,599.77kb] [文件加载：53]
[ info ] [ LANG ] /data/web/php/ischool/thinkphp/lang/zh-cn.php
[ info ] [ ROUTE ] array (
  'type' => 'module',
  'module' => 
  array (
    0 => 'gzh',
    1 => 'index',
    2 => 'edit',
  ),
)
[ info ] [ HEADER ] array (
  'accept-encoding' => 'gzip, deflate',
  'referer' => 'http://www.blankblock.cn/gzh/index/preview.html?u=29',
  'accept-language' => 'zh-cn',
  'x-ucbrowser-ua' => 'dv(iPh10,3);pr(UCBrowser/12.3.0.1138);ov(12_1_2);ss(375x812);bt(UC);pm(0);bv(0);nm(0);im(0);nt(1);',
  'upgrade-insecure-requests' => '1',
  'accept' => 'text/html,application/xhtml+xml,application/xml;q=0.9,*/*;q=0.8',
  'user-agent' => 'Mozilla/5.0 (iPhone; CPU iPhone OS 12_1_2 like Mac OS X; zh-CN) AppleWebKit/537.51.1 (KHTML, like Gecko) Mobile/16C101 UCBrowser/12.3.0.1138 Mobile  AliApp(TUnionSDK/0.1.20.3)',
  'connection' => 'keep-alive',
  'host' => 'www.blankblock.cn',
  'content-type' => '',
  'content-length' => '',
)
[ info ] [ PARAM ] array (
  'u' => '29',
)
[ info ] [ CACHE ] INIT File
[ info ] [ RUN ] app\gzh\controller\Index->edit[ /data/web/php/ischool/application/gzh/controller/Index.php ]
[ info ] [ DB ] INIT mysql
[ info ] [ VIEW ] /data/web/php/ischool/public/../application/gzh/view/index/edit.html [ array (
  0 => 'u_info',
  1 => 'type',
) ]
[ info ] [ LOG ] INIT File
[ sql ] [ DB ] CONNECT:[ UseTime:0.000503s ] mysql:host=127.0.0.1;port=3306;dbname=ischool;charset=utf8
[ sql ] [ SQL ] SHOW COLUMNS FROM `users` [ RunTime:0.001203s ]
[ sql ] [ SQL ] SELECT `u`.`user_id`,`u`.`sex`,`u`.`email`,`u`.`nickname`,`u`.`phone`,`u`.`head_image`,s.sname school_name FROM `users` `u` LEFT JOIN `school` `s` ON `u`.`school`=`s`.`id` WHERE  `u`.`user_id` = '29' LIMIT 1 [ RunTime:0.000441s ]
[ sql ] [ SQL ] SHOW COLUMNS FROM `u_resume` [ RunTime:0.000604s ]
[ sql ] [ SQL ] SELECT * FROM `u_resume` WHERE  `user_id` = 29 LIMIT 1 [ RunTime:0.000321s ]
[ sql ] [ SQL ] SHOW COLUMNS FROM `recruit_type` [ RunTime:0.000551s ]
[ sql ] [ SQL ] SELECT `recruit_name` FROM `recruit_type` WHERE  `id` = 1 LIMIT 1 [ RunTime:0.000254s ]
[ sql ] [ SQL ] SELECT `recruit_name` FROM `recruit_type` WHERE  `id` = 1 LIMIT 1 [ RunTime:0.000248s ]
[ sql ] [ SQL ] SELECT `id`,`recruit_name` FROM `recruit_type` [ RunTime:0.000237s ]
---------------------------------------------------------------
[ 2019-02-21T19:30:19+08:00 ] 139.207.190.168 POST www.blankblock.cn/gzh/index/addresume.html
[运行时间：0.041874s] [吞吐率：23.88req/s] [内存消耗：2,477.33kb] [文件加载：51]
[ info ] [ LANG ] /data/web/php/ischool/thinkphp/lang/zh-cn.php
[ info ] [ ROUTE ] array (
  'type' => 'module',
  'module' => 
  array (
    0 => 'gzh',
    1 => 'index',
    2 => 'addresume',
  ),
)
[ info ] [ HEADER ] array (
  'accept-encoding' => 'gzip, deflate',
  'referer' => 'http://www.blankblock.cn/gzh/index/edit.html?u=29',
  'accept-language' => 'zh-cn',
  'x-requested-with' => 'XMLHttpRequest',
  'origin' => 'http://www.blankblock.cn',
  'content-type' => 'application/x-www-form-urlencoded; charset=UTF-8',
  'accept' => '*/*',
  'user-agent' => 'Mozilla/5.0 (iPhone; CPU iPhone OS 12_1_2 like Mac OS X; zh-CN) AppleWebKit/537.51.1 (KHTML, like Gecko) Mobile/16C101 UCBrowser/12.3.0.1138 Mobile  AliApp(TUnionSDK/0.1.20.3)',
  'content-length' => '232',
  'connection' => 'keep-alive',
  'host' => 'www.blankblock.cn',
)
[ info ] [ PARAM ] array (
  'u' => '29',
  'info_content' => '不知道说什么1231ppp',
  'wanted' => '2%1%',
  'attend' => '成都大学',
  'experience' => '萨达123%多的点点滴滴,',
)
[ info ] [ CACHE ] INIT File
[ info ] [ RUN ] app\gzh\controller\Index->addResume[ /data/web/php/ischool/application/gzh/controller/Index.php ]
[ info ] [ DB ] INIT mysql
[ info ] [ LOG ] INIT File
[ sql ] [ DB ] CONNECT:[ UseTime:0.000482s ] mysql:host=127.0.0.1;port=3306;dbname=ischool;charset=utf8
[ sql ] [ SQL ] SHOW COLUMNS FROM `u_resume` [ RunTime:0.000914s ]
[ sql ] [ SQL ] SELECT * FROM `u_resume` WHERE  `user_id` = 29 LIMIT 1 [ RunTime:0.000484s ]
[ sql ] [ SQL ] UPDATE `u_resume`  SET `info_content`='不知道说什么1231ppp',`wanted`='2%1%',`attend`='成都大学',`experience`='萨达123%多的点点滴滴,',`user_id`=29,`ctime`=1550748619  WHERE  `user_id` = 29 [ RunTime:0.007712s ]
---------------------------------------------------------------
[ 2019-02-21T19:30:19+08:00 ] 139.207.190.168 GET www.blankblock.cn/gzh/index/index.html?u=29
[运行时间：0.021614s] [吞吐率：46.27req/s] [内存消耗：1,730.41kb] [文件加载：46]
[ info ] [ LANG ] /data/web/php/ischool/thinkphp/lang/zh-cn.php
[ info ] [ ROUTE ] array (
  'type' => 'module',
  'module' => 
  array (
    0 => 'gzh',
    1 => 'index',
    2 => 'index',
  ),
)
[ info ] [ HEADER ] array (
  'accept-encoding' => 'gzip, deflate',
  'referer' => 'http://www.blankblock.cn/gzh/index/edit.html?u=29',
  'accept-language' => 'zh-cn',
  'x-ucbrowser-ua' => 'dv(iPh10,3);pr(UCBrowser/12.3.0.1138);ov(12_1_2);ss(375x812);bt(UC);pm(0);bv(0);nm(0);im(0);nt(1);',
  'upgrade-insecure-requests' => '1',
  'accept' => 'text/html,application/xhtml+xml,application/xml;q=0.9,*/*;q=0.8',
  'user-agent' => 'Mozilla/5.0 (iPhone; CPU iPhone OS 12_1_2 like Mac OS X; zh-CN) AppleWebKit/537.51.1 (KHTML, like Gecko) Mobile/16C101 UCBrowser/12.3.0.1138 Mobile  AliApp(TUnionSDK/0.1.20.3)',
  'connection' => 'keep-alive',
  'host' => 'www.blankblock.cn',
  'content-type' => '',
  'content-length' => '',
)
[ info ] [ PARAM ] array (
  'u' => '29',
)
[ info ] [ CACHE ] INIT File
[ info ] [ RUN ] app\gzh\controller\Index->index[ /data/web/php/ischool/application/gzh/controller/Index.php ]
[ info ] [ VIEW ] /data/web/php/ischool/public/../application/gzh/view/index/index.html [ array (
  0 => 'u_info',
) ]
[ info ] [ LOG ] INIT File
---------------------------------------------------------------
[ 2019-02-21T19:30:20+08:00 ] 139.207.190.168 POST www.blankblock.cn/gzh/index/select_u.html
[运行时间：0.024567s] [吞吐率：40.71req/s] [内存消耗：2,510.47kb] [文件加载：51]
[ info ] [ LANG ] /data/web/php/ischool/thinkphp/lang/zh-cn.php
[ info ] [ ROUTE ] array (
  'type' => 'module',
  'module' => 
  array (
    0 => 'gzh',
    1 => 'index',
    2 => 'select_u',
  ),
)
[ info ] [ HEADER ] array (
  'accept-encoding' => 'gzip, deflate',
  'referer' => 'http://www.blankblock.cn/gzh/index/index.html?u=29',
  'accept-language' => 'zh-cn',
  'x-requested-with' => 'XMLHttpRequest',
  'origin' => 'http://www.blankblock.cn',
  'content-type' => 'application/x-www-form-urlencoded; charset=UTF-8',
  'accept' => '*/*',
  'user-agent' => 'Mozilla/5.0 (iPhone; CPU iPhone OS 12_1_2 like Mac OS X; zh-CN) AppleWebKit/537.51.1 (KHTML, like Gecko) Mobile/16C101 UCBrowser/12.3.0.1138 Mobile  AliApp(TUnionSDK/0.1.20.3)',
  'content-length' => '4',
  'connection' => 'keep-alive',
  'host' => 'www.blankblock.cn',
)
[ info ] [ PARAM ] array (
  'u' => '29',
)
[ info ] [ CACHE ] INIT File
[ info ] [ RUN ] app\gzh\controller\Index->select_u[ /data/web/php/ischool/application/gzh/controller/Index.php ]
[ info ] [ DB ] INIT mysql
[ info ] [ LOG ] INIT File
[ sql ] [ DB ] CONNECT:[ UseTime:0.000369s ] mysql:host=127.0.0.1;port=3306;dbname=ischool;charset=utf8
[ sql ] [ SQL ] SHOW COLUMNS FROM `u_resume` [ RunTime:0.000760s ]
[ sql ] [ SQL ] SELECT * FROM `u_resume` WHERE  `user_id` = 29 LIMIT 1 [ RunTime:0.000320s ]
---------------------------------------------------------------
[ 2019-02-21T19:30:20+08:00 ] 139.207.190.168 GET www.blankblock.cn/gzh/index/preview.html?u=29
[运行时间：0.026408s] [吞吐率：37.87req/s] [内存消耗：2,590.79kb] [文件加载：53]
[ info ] [ LANG ] /data/web/php/ischool/thinkphp/lang/zh-cn.php
[ info ] [ ROUTE ] array (
  'type' => 'module',
  'module' => 
  array (
    0 => 'gzh',
    1 => 'index',
    2 => 'preview',
  ),
)
[ info ] [ HEADER ] array (
  'accept-encoding' => 'gzip, deflate',
  'referer' => 'http://www.blankblock.cn/gzh/index/index.html?u=29',
  'accept-language' => 'zh-cn',
  'x-ucbrowser-ua' => 'dv(iPh10,3);pr(UCBrowser/12.3.0.1138);ov(12_1_2);ss(375x812);bt(UC);pm(0);bv(0);nm(0);im(0);nt(1);',
  'upgrade-insecure-requests' => '1',
  'accept' => 'text/html,application/xhtml+xml,application/xml;q=0.9,*/*;q=0.8',
  'user-agent' => 'Mozilla/5.0 (iPhone; CPU iPhone OS 12_1_2 like Mac OS X; zh-CN) AppleWebKit/537.51.1 (KHTML, like Gecko) Mobile/16C101 UCBrowser/12.3.0.1138 Mobile  AliApp(TUnionSDK/0.1.20.3)',
  'connection' => 'keep-alive',
  'host' => 'www.blankblock.cn',
  'content-type' => '',
  'content-length' => '',
)
[ info ] [ PARAM ] array (
  'u' => '29',
)
[ info ] [ CACHE ] INIT File
[ info ] [ RUN ] app\gzh\controller\Index->preview[ /data/web/php/ischool/application/gzh/controller/Index.php ]
[ info ] [ DB ] INIT mysql
[ info ] [ VIEW ] /data/web/php/ischool/public/../application/gzh/view/index/preview.html [ array (
  0 => 'u_info',
) ]
[ info ] [ LOG ] INIT File
[ sql ] [ DB ] CONNECT:[ UseTime:0.000490s ] mysql:host=127.0.0.1;port=3306;dbname=ischool;charset=utf8
[ sql ] [ SQL ] SHOW COLUMNS FROM `users` [ RunTime:0.001090s ]
[ sql ] [ SQL ] SELECT `u`.`user_id`,`u`.`sex`,`u`.`email`,`u`.`nickname`,`u`.`phone`,`u`.`head_image`,s.sname school_name FROM `users` `u` LEFT JOIN `school` `s` ON `u`.`school`=`s`.`id` WHERE  `u`.`user_id` = '29' LIMIT 1 [ RunTime:0.000335s ]
[ sql ] [ SQL ] SHOW COLUMNS FROM `u_resume` [ RunTime:0.000511s ]
[ sql ] [ SQL ] SELECT * FROM `u_resume` WHERE  `user_id` = 29 LIMIT 1 [ RunTime:0.000278s ]
[ sql ] [ SQL ] SHOW COLUMNS FROM `recruit_type` [ RunTime:0.000423s ]
[ sql ] [ SQL ] SELECT `recruit_name` FROM `recruit_type` WHERE  `id` = 2 LIMIT 1 [ RunTime:0.000246s ]
[ sql ] [ SQL ] SELECT `recruit_name` FROM `recruit_type` WHERE  `id` = 1 LIMIT 1 [ RunTime:0.000248s ]
---------------------------------------------------------------
[ 2019-02-21T19:30:22+08:00 ] 139.207.190.168 GET www.blankblock.cn/gzh/index/edit.html?u=29
[运行时间：0.029445s] [吞吐率：33.96req/s] [内存消耗：2,599.77kb] [文件加载：53]
[ info ] [ LANG ] /data/web/php/ischool/thinkphp/lang/zh-cn.php
[ info ] [ ROUTE ] array (
  'type' => 'module',
  'module' => 
  array (
    0 => 'gzh',
    1 => 'index',
    2 => 'edit',
  ),
)
[ info ] [ HEADER ] array (
  'accept-encoding' => 'gzip, deflate',
  'referer' => 'http://www.blankblock.cn/gzh/index/preview.html?u=29',
  'accept-language' => 'zh-cn',
  'x-ucbrowser-ua' => 'dv(iPh10,3);pr(UCBrowser/12.3.0.1138);ov(12_1_2);ss(375x812);bt(UC);pm(0);bv(0);nm(0);im(0);nt(1);',
  'upgrade-insecure-requests' => '1',
  'accept' => 'text/html,application/xhtml+xml,application/xml;q=0.9,*/*;q=0.8',
  'user-agent' => 'Mozilla/5.0 (iPhone; CPU iPhone OS 12_1_2 like Mac OS X; zh-CN) AppleWebKit/537.51.1 (KHTML, like Gecko) Mobile/16C101 UCBrowser/12.3.0.1138 Mobile  AliApp(TUnionSDK/0.1.20.3)',
  'connection' => 'keep-alive',
  'host' => 'www.blankblock.cn',
  'content-type' => '',
  'content-length' => '',
)
[ info ] [ PARAM ] array (
  'u' => '29',
)
[ info ] [ CACHE ] INIT File
[ info ] [ RUN ] app\gzh\controller\Index->edit[ /data/web/php/ischool/application/gzh/controller/Index.php ]
[ info ] [ DB ] INIT mysql
[ info ] [ VIEW ] /data/web/php/ischool/public/../application/gzh/view/index/edit.html [ array (
  0 => 'u_info',
  1 => 'type',
) ]
[ info ] [ LOG ] INIT File
[ sql ] [ DB ] CONNECT:[ UseTime:0.000488s ] mysql:host=127.0.0.1;port=3306;dbname=ischool;charset=utf8
[ sql ] [ SQL ] SHOW COLUMNS FROM `users` [ RunTime:0.003496s ]
[ sql ] [ SQL ] SELECT `u`.`user_id`,`u`.`sex`,`u`.`email`,`u`.`nickname`,`u`.`phone`,`u`.`head_image`,s.sname school_name FROM `users` `u` LEFT JOIN `school` `s` ON `u`.`school`=`s`.`id` WHERE  `u`.`user_id` = '29' LIMIT 1 [ RunTime:0.000359s ]
[ sql ] [ SQL ] SHOW COLUMNS FROM `u_resume` [ RunTime:0.000505s ]
[ sql ] [ SQL ] SELECT * FROM `u_resume` WHERE  `user_id` = 29 LIMIT 1 [ RunTime:0.000292s ]
[ sql ] [ SQL ] SHOW COLUMNS FROM `recruit_type` [ RunTime:0.000531s ]
[ sql ] [ SQL ] SELECT `recruit_name` FROM `recruit_type` WHERE  `id` = 2 LIMIT 1 [ RunTime:0.000213s ]
[ sql ] [ SQL ] SELECT `recruit_name` FROM `recruit_type` WHERE  `id` = 1 LIMIT 1 [ RunTime:0.000199s ]
[ sql ] [ SQL ] SELECT `id`,`recruit_name` FROM `recruit_type` [ RunTime:0.000214s ]
---------------------------------------------------------------
[ 2019-02-21T19:30:33+08:00 ] 139.207.190.168 POST www.blankblock.cn/gzh/index/showpreview.html
[运行时间：0.026120s] [吞吐率：38.28req/s] [内存消耗：2,510.03kb] [文件加载：51]
[ info ] [ LANG ] /data/web/php/ischool/thinkphp/lang/zh-cn.php
[ info ] [ ROUTE ] array (
  'type' => 'module',
  'module' => 
  array (
    0 => 'gzh',
    1 => 'index',
    2 => 'showpreview',
  ),
)
[ info ] [ HEADER ] array (
  'accept-encoding' => 'gzip, deflate',
  'referer' => 'http://www.blankblock.cn/gzh/index/edit.html?u=29',
  'accept-language' => 'zh-cn',
  'x-requested-with' => 'XMLHttpRequest',
  'origin' => 'http://www.blankblock.cn',
  'content-type' => 'application/x-www-form-urlencoded; charset=UTF-8',
  'accept' => '*/*',
  'user-agent' => 'Mozilla/5.0 (iPhone; CPU iPhone OS 12_1_2 like Mac OS X; zh-CN) AppleWebKit/537.51.1 (KHTML, like Gecko) Mobile/16C101 UCBrowser/12.3.0.1138 Mobile  AliApp(TUnionSDK/0.1.20.3)',
  'content-length' => '232',
  'connection' => 'keep-alive',
  'host' => 'www.blankblock.cn',
)
[ info ] [ PARAM ] array (
  'u' => '29',
  'info_content' => '不知道说什么1231ppp',
  'wanted' => '2%1%',
  'attend' => '成都大学',
  'experience' => '萨达123%多的点点滴滴,',
)
[ info ] [ CACHE ] INIT File
[ info ] [ RUN ] app\gzh\controller\Index->showPreview[ /data/web/php/ischool/application/gzh/controller/Index.php ]
[ info ] [ DB ] INIT mysql
[ info ] [ LOG ] INIT File
[ sql ] [ DB ] CONNECT:[ UseTime:0.000476s ] mysql:host=127.0.0.1;port=3306;dbname=ischool;charset=utf8
[ sql ] [ SQL ] SHOW COLUMNS FROM `recruit_type` [ RunTime:0.000742s ]
[ sql ] [ SQL ] SELECT `recruit_name` FROM `recruit_type` WHERE  `id` = 2 LIMIT 1 [ RunTime:0.000305s ]
[ sql ] [ SQL ] SELECT `recruit_name` FROM `recruit_type` WHERE  `id` = 1 LIMIT 1 [ RunTime:0.000276s ]
[ sql ] [ SQL ] SHOW COLUMNS FROM `u_resume` [ RunTime:0.000694s ]
[ sql ] [ SQL ] SELECT `id` FROM `u_resume` WHERE  `user_id` = 29 LIMIT 1 [ RunTime:0.000280s ]
---------------------------------------------------------------
[ 2019-02-21T19:30:33+08:00 ] 139.207.190.168 GET www.blankblock.cn/gzh/index/preview.html?u=29
[运行时间：0.028093s] [吞吐率：35.60req/s] [内存消耗：2,591.66kb] [文件加载：53]
[ info ] [ LANG ] /data/web/php/ischool/thinkphp/lang/zh-cn.php
[ info ] [ ROUTE ] array (
  'type' => 'module',
  'module' => 
  array (
    0 => 'gzh',
    1 => 'index',
    2 => 'preview',
  ),
)
[ info ] [ HEADER ] array (
  'accept-encoding' => 'gzip, deflate',
  'referer' => 'http://www.blankblock.cn/gzh/index/edit.html?u=29',
  'accept-language' => 'zh-cn',
  'x-ucbrowser-ua' => 'dv(iPh10,3);pr(UCBrowser/12.3.0.1138);ov(12_1_2);ss(375x812);bt(UC);pm(0);bv(0);nm(0);im(0);nt(1);',
  'upgrade-insecure-requests' => '1',
  'accept' => 'text/html,application/xhtml+xml,application/xml;q=0.9,*/*;q=0.8',
  'user-agent' => 'Mozilla/5.0 (iPhone; CPU iPhone OS 12_1_2 like Mac OS X; zh-CN) AppleWebKit/537.51.1 (KHTML, like Gecko) Mobile/16C101 UCBrowser/12.3.0.1138 Mobile  AliApp(TUnionSDK/0.1.20.3)',
  'connection' => 'keep-alive',
  'host' => 'www.blankblock.cn',
  'content-type' => '',
  'content-length' => '',
)
[ info ] [ PARAM ] array (
  'u' => '29',
)
[ info ] [ CACHE ] INIT File
[ info ] [ RUN ] app\gzh\controller\Index->preview[ /data/web/php/ischool/application/gzh/controller/Index.php ]
[ info ] [ DB ] INIT mysql
[ info ] [ VIEW ] /data/web/php/ischool/public/../application/gzh/view/index/preview.html [ array (
  0 => 'u_info',
) ]
[ info ] [ LOG ] INIT File
[ sql ] [ DB ] CONNECT:[ UseTime:0.000411s ] mysql:host=127.0.0.1;port=3306;dbname=ischool;charset=utf8
[ sql ] [ SQL ] SHOW COLUMNS FROM `users` [ RunTime:0.000867s ]
[ sql ] [ SQL ] SELECT `u`.`user_id`,`u`.`sex`,`u`.`email`,`u`.`nickname`,`u`.`phone`,`u`.`head_image`,s.sname school_name FROM `users` `u` LEFT JOIN `school` `s` ON `u`.`school`=`s`.`id` WHERE  `u`.`user_id` = '29' LIMIT 1 [ RunTime:0.000382s ]
[ sql ] [ SQL ] SHOW COLUMNS FROM `u_resume` [ RunTime:0.000477s ]
[ sql ] [ SQL ] SELECT * FROM `u_resume` WHERE  `user_id` = 29 LIMIT 1 [ RunTime:0.000317s ]
---------------------------------------------------------------
[ 2019-02-21T19:30:36+08:00 ] 139.207.190.168 GET www.blankblock.cn/gzh/index/edit.html?u=29
[运行时间：0.025782s] [吞吐率：38.79req/s] [内存消耗：2,592.91kb] [文件加载：53]
[ info ] [ LANG ] /data/web/php/ischool/thinkphp/lang/zh-cn.php
[ info ] [ ROUTE ] array (
  'type' => 'module',
  'module' => 
  array (
    0 => 'gzh',
    1 => 'index',
    2 => 'edit',
  ),
)
[ info ] [ HEADER ] array (
  'accept-encoding' => 'gzip, deflate',
  'referer' => 'http://www.blankblock.cn/gzh/index/preview.html?u=29',
  'accept-language' => 'zh-cn',
  'x-ucbrowser-ua' => 'dv(iPh10,3);pr(UCBrowser/12.3.0.1138);ov(12_1_2);ss(375x812);bt(UC);pm(0);bv(0);nm(0);im(0);nt(1);',
  'upgrade-insecure-requests' => '1',
  'accept' => 'text/html,application/xhtml+xml,application/xml;q=0.9,*/*;q=0.8',
  'user-agent' => 'Mozilla/5.0 (iPhone; CPU iPhone OS 12_1_2 like Mac OS X; zh-CN) AppleWebKit/537.51.1 (KHTML, like Gecko) Mobile/16C101 UCBrowser/12.3.0.1138 Mobile  AliApp(TUnionSDK/0.1.20.3)',
  'connection' => 'keep-alive',
  'host' => 'www.blankblock.cn',
  'content-type' => '',
  'content-length' => '',
)
[ info ] [ PARAM ] array (
  'u' => '29',
)
[ info ] [ CACHE ] INIT File
[ info ] [ RUN ] app\gzh\controller\Index->edit[ /data/web/php/ischool/application/gzh/controller/Index.php ]
[ info ] [ DB ] INIT mysql
[ info ] [ VIEW ] /data/web/php/ischool/public/../application/gzh/view/index/edit.html [ array (
  0 => 'u_info',
  1 => 'type',
) ]
[ info ] [ LOG ] INIT File
[ sql ] [ DB ] CONNECT:[ UseTime:0.000376s ] mysql:host=127.0.0.1;port=3306;dbname=ischool;charset=utf8
[ sql ] [ SQL ] SHOW COLUMNS FROM `users` [ RunTime:0.000924s ]
[ sql ] [ SQL ] SELECT `u`.`user_id`,`u`.`sex`,`u`.`email`,`u`.`nickname`,`u`.`phone`,`u`.`head_image`,s.sname school_name FROM `users` `u` LEFT JOIN `school` `s` ON `u`.`school`=`s`.`id` WHERE  `u`.`user_id` = '29' LIMIT 1 [ RunTime:0.000367s ]
[ sql ] [ SQL ] SHOW COLUMNS FROM `recruit_type` [ RunTime:0.000466s ]
[ sql ] [ SQL ] SELECT `id`,`recruit_name` FROM `recruit_type` [ RunTime:0.000260s ]
---------------------------------------------------------------
[ 2019-02-21T19:30:36+08:00 ] 139.207.190.168 POST www.blankblock.cn/gzh/index/addresume.html
[运行时间：0.032522s] [吞吐率：30.75req/s] [内存消耗：2,477.33kb] [文件加载：51]
[ info ] [ LANG ] /data/web/php/ischool/thinkphp/lang/zh-cn.php
[ info ] [ ROUTE ] array (
  'type' => 'module',
  'module' => 
  array (
    0 => 'gzh',
    1 => 'index',
    2 => 'addresume',
  ),
)
[ info ] [ HEADER ] array (
  'accept-encoding' => 'gzip, deflate',
  'referer' => 'http://www.blankblock.cn/gzh/index/edit.html?u=29',
  'accept-language' => 'zh-cn',
  'x-requested-with' => 'XMLHttpRequest',
  'origin' => 'http://www.blankblock.cn',
  'content-type' => 'application/x-www-form-urlencoded; charset=UTF-8',
  'accept' => '*/*',
  'user-agent' => 'Mozilla/5.0 (iPhone; CPU iPhone OS 12_1_2 like Mac OS X; zh-CN) AppleWebKit/537.51.1 (KHTML, like Gecko) Mobile/16C101 UCBrowser/12.3.0.1138 Mobile  AliApp(TUnionSDK/0.1.20.3)',
  'content-length' => '232',
  'connection' => 'keep-alive',
  'host' => 'www.blankblock.cn',
)
[ info ] [ PARAM ] array (
  'u' => '29',
  'info_content' => '不知道说什么1231ppp',
  'wanted' => '2%1%',
  'attend' => '成都大学',
  'experience' => '萨达123%多的点点滴滴,',
)
[ info ] [ CACHE ] INIT File
[ info ] [ RUN ] app\gzh\controller\Index->addResume[ /data/web/php/ischool/application/gzh/controller/Index.php ]
[ info ] [ DB ] INIT mysql
[ info ] [ LOG ] INIT File
[ sql ] [ DB ] CONNECT:[ UseTime:0.000352s ] mysql:host=127.0.0.1;port=3306;dbname=ischool;charset=utf8
[ sql ] [ SQL ] SHOW COLUMNS FROM `u_resume` [ RunTime:0.000703s ]
[ sql ] [ SQL ] SELECT * FROM `u_resume` WHERE  `user_id` = 29 LIMIT 1 [ RunTime:0.000284s ]
[ sql ] [ SQL ] UPDATE `u_resume`  SET `info_content`='不知道说什么1231ppp',`wanted`='2%1%',`attend`='成都大学',`experience`='萨达123%多的点点滴滴,',`user_id`=29,`ctime`=1550748636  WHERE  `user_id` = 29 [ RunTime:0.005999s ]
---------------------------------------------------------------
[ 2019-02-21T19:30:37+08:00 ] 139.207.190.168 GET www.blankblock.cn/gzh/index/index.html?u=29
[运行时间：0.020860s] [吞吐率：47.94req/s] [内存消耗：1,730.41kb] [文件加载：46]
[ info ] [ LANG ] /data/web/php/ischool/thinkphp/lang/zh-cn.php
[ info ] [ ROUTE ] array (
  'type' => 'module',
  'module' => 
  array (
    0 => 'gzh',
    1 => 'index',
    2 => 'index',
  ),
)
[ info ] [ HEADER ] array (
  'accept-encoding' => 'gzip, deflate',
  'referer' => 'http://www.blankblock.cn/gzh/index/edit.html?u=29',
  'accept-language' => 'zh-cn',
  'x-ucbrowser-ua' => 'dv(iPh10,3);pr(UCBrowser/12.3.0.1138);ov(12_1_2);ss(375x812);bt(UC);pm(0);bv(0);nm(0);im(0);nt(1);',
  'upgrade-insecure-requests' => '1',
  'accept' => 'text/html,application/xhtml+xml,application/xml;q=0.9,*/*;q=0.8',
  'user-agent' => 'Mozilla/5.0 (iPhone; CPU iPhone OS 12_1_2 like Mac OS X; zh-CN) AppleWebKit/537.51.1 (KHTML, like Gecko) Mobile/16C101 UCBrowser/12.3.0.1138 Mobile  AliApp(TUnionSDK/0.1.20.3)',
  'connection' => 'keep-alive',
  'host' => 'www.blankblock.cn',
  'content-type' => '',
  'content-length' => '',
)
[ info ] [ PARAM ] array (
  'u' => '29',
)
[ info ] [ CACHE ] INIT File
[ info ] [ RUN ] app\gzh\controller\Index->index[ /data/web/php/ischool/application/gzh/controller/Index.php ]
[ info ] [ VIEW ] /data/web/php/ischool/public/../application/gzh/view/index/index.html [ array (
  0 => 'u_info',
) ]
[ info ] [ LOG ] INIT File
---------------------------------------------------------------
[ 2019-02-21T19:30:38+08:00 ] 139.207.190.168 GET www.blankblock.cn/gzh/login/index.html
[运行时间：0.016304s] [吞吐率：61.33req/s] [内存消耗：1,639.34kb] [文件加载：42]
[ info ] [ LANG ] /data/web/php/ischool/thinkphp/lang/zh-cn.php
[ info ] [ ROUTE ] array (
  'type' => 'module',
  'module' => 
  array (
    0 => 'gzh',
    1 => 'login',
    2 => 'index',
  ),
)
[ info ] [ HEADER ] array (
  'accept-encoding' => 'gzip, deflate',
  'referer' => 'http://www.blankblock.cn/gzh/index/index.html?u=29',
  'accept-language' => 'zh-cn',
  'x-ucbrowser-ua' => 'dv(iPh10,3);pr(UCBrowser/12.3.0.1138);ov(12_1_2);ss(375x812);bt(UC);pm(0);bv(0);nm(0);im(0);nt(1);',
  'upgrade-insecure-requests' => '1',
  'accept' => 'text/html,application/xhtml+xml,application/xml;q=0.9,*/*;q=0.8',
  'user-agent' => 'Mozilla/5.0 (iPhone; CPU iPhone OS 12_1_2 like Mac OS X; zh-CN) AppleWebKit/537.51.1 (KHTML, like Gecko) Mobile/16C101 UCBrowser/12.3.0.1138 Mobile  AliApp(TUnionSDK/0.1.20.3)',
  'connection' => 'keep-alive',
  'host' => 'www.blankblock.cn',
  'content-type' => '',
  'content-length' => '',
)
[ info ] [ PARAM ] array (
)
[ info ] [ RUN ] app\gzh\controller\Login->index[ /data/web/php/ischool/application/gzh/controller/Login.php ]
[ info ] [ VIEW ] /data/web/php/ischool/public/../application/gzh/view/login/index.html [ array (
) ]
[ info ] [ LOG ] INIT File
---------------------------------------------------------------
[ 2019-02-21T19:30:40+08:00 ] 139.207.190.168 GET www.blankblock.cn/gzh/login/index.html
[运行时间：0.020591s] [吞吐率：48.56req/s] [内存消耗：1,639.34kb] [文件加载：42]
[ info ] [ LANG ] /data/web/php/ischool/thinkphp/lang/zh-cn.php
[ info ] [ ROUTE ] array (
  'type' => 'module',
  'module' => 
  array (
    0 => 'gzh',
    1 => 'login',
    2 => 'index',
  ),
)
[ info ] [ HEADER ] array (
  'accept-encoding' => 'gzip, deflate',
  'referer' => 'http://www.blankblock.cn/gzh/index/index.html?u=29',
  'accept-language' => 'zh-cn',
  'x-ucbrowser-ua' => 'dv(iPh10,3);pr(UCBrowser/12.3.0.1138);ov(12_1_2);ss(375x812);bt(UC);pm(0);bv(0);nm(0);im(0);nt(1);',
  'upgrade-insecure-requests' => '1',
  'accept' => 'text/html,application/xhtml+xml,application/xml;q=0.9,*/*;q=0.8',
  'user-agent' => 'Mozilla/5.0 (iPhone; CPU iPhone OS 12_1_2 like Mac OS X; zh-CN) AppleWebKit/537.51.1 (KHTML, like Gecko) Mobile/16C101 UCBrowser/12.3.0.1138 Mobile  AliApp(TUnionSDK/0.1.20.3)',
  'connection' => 'keep-alive',
  'host' => 'www.blankblock.cn',
  'content-type' => '',
  'content-length' => '',
)
[ info ] [ PARAM ] array (
)
[ info ] [ RUN ] app\gzh\controller\Login->index[ /data/web/php/ischool/application/gzh/controller/Login.php ]
[ info ] [ VIEW ] /data/web/php/ischool/public/../application/gzh/view/login/index.html [ array (
) ]
[ info ] [ LOG ] INIT File
---------------------------------------------------------------
[ 2019-02-21T19:31:06+08:00 ] 139.207.190.168 GET www.blankblock.cn/gzh/login/index.html
[运行时间：0.015521s] [吞吐率：64.43req/s] [内存消耗：1,639.08kb] [文件加载：42]
[ info ] [ LANG ] /data/web/php/ischool/thinkphp/lang/zh-cn.php
[ info ] [ ROUTE ] array (
  'type' => 'module',
  'module' => 
  array (
    0 => 'gzh',
    1 => 'login',
    2 => 'index',
  ),
)
[ info ] [ HEADER ] array (
  'accept-encoding' => 'gzip, deflate',
  'accept-language' => 'zh-cn',
  'x-ucbrowser-ua' => 'dv(iPh10,3);pr(UCBrowser/12.3.0.1138);ov(12_1_2);ss(375x812);bt(UC);pm(0);bv(0);nm(0);im(0);nt(1);',
  'accept' => 'text/html,application/xhtml+xml,application/xml;q=0.9,*/*;q=0.8',
  'upgrade-insecure-requests' => '1',
  'user-agent' => 'Mozilla/5.0 (iPhone; CPU iPhone OS 12_1_2 like Mac OS X; zh-CN) AppleWebKit/537.51.1 (KHTML, like Gecko) Mobile/16C101 UCBrowser/12.3.0.1138 Mobile  AliApp(TUnionSDK/0.1.20.3)',
  'connection' => 'keep-alive',
  'host' => 'www.blankblock.cn',
  'content-type' => '',
  'content-length' => '',
)
[ info ] [ PARAM ] array (
)
[ info ] [ RUN ] app\gzh\controller\Login->index[ /data/web/php/ischool/application/gzh/controller/Login.php ]
[ info ] [ VIEW ] /data/web/php/ischool/public/../application/gzh/view/login/index.html [ array (
) ]
[ info ] [ LOG ] INIT File
---------------------------------------------------------------
[ 2019-02-21T19:36:32+08:00 ] 212.200.149.86 GET 148.70.73.177:80/
[运行时间：0.015987s] [吞吐率：62.55req/s] [内存消耗：1,246.89kb] [文件加载：33]
[ info ] [ LANG ] /data/web/php/ischool/thinkphp/lang/zh-cn.php
[ info ] [ ROUTE ] array (
  'type' => 'module',
  'module' => 
  array (
    0 => '',
    1 => NULL,
    2 => NULL,
  ),
)
[ info ] [ HEADER ] array (
  'content-length' => '0',
  'user-agent' => 'Mozilla/5.0 (Windows NT 6.1; WOW64) AppleWebKit/537.36 (KHTML, like Gecko) Chrome/51.0.2704.103 Safari/537.36',
  'host' => '148.70.73.177:80',
  'content-type' => '',
)
[ info ] [ PARAM ] array (
)
[ info ] [ RUN ] app\index\controller\Index->index[ /data/web/php/ischool/application/index/controller/Index.php ]
[ info ] [ LOG ] INIT File
---------------------------------------------------------------
[ 2019-02-21T19:41:27+08:00 ] 59.36.119.226 GET 148.70.73.177/%2520
[运行时间：0.014442s] [吞吐率：69.24req/s] [内存消耗：1,372.74kb] [文件加载：35]
[ info ] [ LANG ] /data/web/php/ischool/thinkphp/lang/zh-cn.php
[ info ] [ ROUTE ] array (
  'type' => 'module',
  'module' => 
  array (
    0 => '%20',
    1 => NULL,
    2 => NULL,
  ),
)
[ info ] [ HEADER ] array (
  'connection' => 'Close',
  'user-agent' => 'Mozilla/5.0 (iPhone; CPU iPhone OS 9_3_4 like Mac OS X) AppleWebKit/601.1.46 (KHTML, like Gecko) Mobile/13G35 QQ/6.5.3.410 V1_IPH_SQ_6.5.3_1_APP_A Pixel/750 Core/UIWebView NetType/2G Mem/117',
  'accept-language' => 'zh-cn',
  'accept' => '*/*',
  'accept-encoding' => 'deflate, gzip',
  'host' => '148.70.73.177',
  'content-type' => '',
  'content-length' => '',
)
[ info ] [ PARAM ] array (
)
[ info ] [ LOG ] INIT File
---------------------------------------------------------------
[ 2019-02-21T20:11:17+08:00 ] 182.151.186.85 GET 148.70.73.177/gzh/recruit/index.html
[运行时间：0.015169s] [吞吐率：65.92req/s] [内存消耗：1,594.94kb] [文件加载：40]
[ info ] [ LANG ] /data/web/php/ischool/thinkphp/lang/zh-cn.php
[ info ] [ ROUTE ] array (
  'type' => 'module',
  'module' => 
  array (
    0 => 'gzh',
    1 => 'recruit',
    2 => 'index',
  ),
)
[ info ] [ HEADER ] array (
  'accept-encoding' => 'gzip, deflate',
  'dnt' => '1',
  'accept-language' => 'zh-cn',
  'user-agent' => 'Mozilla/5.0 (iPhone; CPU iPhone OS 12_1_4 like Mac OS X) AppleWebKit/605.1.15 (KHTML, like Gecko) Version/12.0 Mobile/15E148 Safari/604.1',
  'accept' => 'text/html,application/xhtml+xml,application/xml;q=0.9,*/*;q=0.8',
  'upgrade-insecure-requests' => '1',
  'connection' => 'keep-alive',
  'host' => '148.70.73.177',
  'content-type' => '',
  'content-length' => '',
)
[ info ] [ PARAM ] array (
)
[ info ] [ RUN ] app\gzh\controller\Recruit->index[ /data/web/php/ischool/application/gzh/controller/Recruit.php ]
[ info ] [ VIEW ] /data/web/php/ischool/public/../application/gzh/view/recruit/index.html [ array (
) ]
[ info ] [ LOG ] INIT File
---------------------------------------------------------------
[ 2019-02-21T20:12:44+08:00 ] 201.26.195.193 GET 148.70.73.177:80/
[运行时间：0.010075s] [吞吐率：99.25req/s] [内存消耗：1,246.89kb] [文件加载：33]
[ info ] [ LANG ] /data/web/php/ischool/thinkphp/lang/zh-cn.php
[ info ] [ ROUTE ] array (
  'type' => 'module',
  'module' => 
  array (
    0 => '',
    1 => NULL,
    2 => NULL,
  ),
)
[ info ] [ HEADER ] array (
  'content-length' => '0',
  'user-agent' => 'Mozilla/5.0 (Windows NT 10.0; WOW64) AppleWebKit/537.36 (KHTML, like Gecko) Chrome/51.0.2704.103 Safari/537.36',
  'host' => '148.70.73.177:80',
  'content-type' => '',
)
[ info ] [ PARAM ] array (
)
[ info ] [ RUN ] app\index\controller\Index->index[ /data/web/php/ischool/application/index/controller/Index.php ]
[ info ] [ LOG ] INIT File
---------------------------------------------------------------
[ 2019-02-21T20:12:44+08:00 ] 201.26.195.193 GET 148.70.73.177:80/
[运行时间：0.014039s] [吞吐率：71.23req/s] [内存消耗：1,247.02kb] [文件加载：33]
[ info ] [ LANG ] /data/web/php/ischool/thinkphp/lang/zh-cn.php
[ info ] [ ROUTE ] array (
  'type' => 'module',
  'module' => 
  array (
    0 => '',
    1 => NULL,
    2 => NULL,
  ),
)
[ info ] [ HEADER ] array (
  'content-length' => '0',
  'user-agent' => 'Mozilla/5.0 (Macintosh; Intel Mac OS X 10_11_6) AppleWebKit/601.7.7 (KHTML, like Gecko) Version/9.1.2 Safari/601.7.7',
  'host' => '148.70.73.177:80',
  'content-type' => '',
)
[ info ] [ PARAM ] array (
)
[ info ] [ RUN ] app\index\controller\Index->index[ /data/web/php/ischool/application/index/controller/Index.php ]
[ info ] [ LOG ] INIT File
---------------------------------------------------------------
[ 2019-02-21T20:12:44+08:00 ] 201.26.195.193 GET 148.70.73.177:80/
[运行时间：0.025654s] [吞吐率：38.98req/s] [内存消耗：1,246.89kb] [文件加载：33]
[ info ] [ LANG ] /data/web/php/ischool/thinkphp/lang/zh-cn.php
[ info ] [ ROUTE ] array (
  'type' => 'module',
  'module' => 
  array (
    0 => '',
    1 => NULL,
    2 => NULL,
  ),
)
[ info ] [ HEADER ] array (
  'content-length' => '0',
  'user-agent' => 'Mozilla/5.0 (Windows NT 6.1; WOW64) AppleWebKit/537.36 (KHTML, like Gecko) Chrome/52.0.2743.116 Safari/537.36',
  'host' => '148.70.73.177:80',
  'content-type' => '',
)
[ info ] [ PARAM ] array (
)
[ info ] [ RUN ] app\index\controller\Index->index[ /data/web/php/ischool/application/index/controller/Index.php ]
[ info ] [ LOG ] INIT File
---------------------------------------------------------------
[ 2019-02-21T20:17:30+08:00 ] 117.132.183.17 GET 148.70.73.177/
[运行时间：0.015689s] [吞吐率：63.74req/s] [内存消耗：1,249.77kb] [文件加载：33]
[ info ] [ LANG ] /data/web/php/ischool/thinkphp/lang/zh-cn.php
[ info ] [ ROUTE ] array (
  'type' => 'module',
  'module' => 
  array (
    0 => '',
    1 => NULL,
    2 => NULL,
  ),
)
[ info ] [ HEADER ] array (
  'cookie' => '',
  'connection' => 'keep-alive',
  'accept' => 'text/html, image/gif, image/jpeg, *; q=.2, */*; q=.2',
  'host' => '148.70.73.177',
  'pragma' => 'no-cache',
  'cache-control' => 'no-cache',
  'user-agent' => 'Mozilla/5.0 (Windows NT 10.0; Win64; x64) AppleWebKit/537.36 (KHTML, like Gecko) Chrome/59.0.3071.104 Safari/537.36',
  'content-type' => '',
  'content-length' => '',
)
[ info ] [ PARAM ] array (
)
[ info ] [ RUN ] app\index\controller\Index->index[ /data/web/php/ischool/application/index/controller/Index.php ]
[ info ] [ LOG ] INIT File
---------------------------------------------------------------
[ 2019-02-21T20:49:00+08:00 ] 163.177.90.152 GET 148.70.73.177/api/journal/journalRecord
[运行时间：0.019125s] [吞吐率：52.29req/s] [内存消耗：1,602.51kb] [文件加载：42]
[ info ] [ LANG ] /data/web/php/ischool/thinkphp/lang/zh-cn.php
[ info ] [ ROUTE ] array (
  'type' => 'module',
  'module' => 
  array (
    0 => 'api',
    1 => 'journal',
    2 => 'journalRecord',
  ),
)
[ info ] [ HEADER ] array (
  'connection' => 'Close',
  'user-agent' => 'Mozilla/5.0 (iPhone; CPU iPhone OS 9_3_4 like Mac OS X) AppleWebKit/601.1.46 (KHTML, like Gecko) Mobile/13G35 QQ/6.5.3.410 V1_IPH_SQ_6.5.3_1_APP_A Pixel/750 Core/UIWebView NetType/2G Mem/117',
  'accept-language' => 'zh-cn',
  'accept' => '*/*',
  'accept-encoding' => 'deflate, gzip',
  'host' => '148.70.73.177',
  'content-type' => '',
  'content-length' => '',
)
[ info ] [ PARAM ] array (
)
[ info ] [ CACHE ] INIT File
[ info ] [ LOG ] INIT File
---------------------------------------------------------------
[ 2019-02-21T20:57:18+08:00 ] 109.248.156.105 GET 148.70.73.177:80/
[运行时间：0.012687s] [吞吐率：78.82req/s] [内存消耗：1,247.02kb] [文件加载：33]
[ info ] [ LANG ] /data/web/php/ischool/thinkphp/lang/zh-cn.php
[ info ] [ ROUTE ] array (
  'type' => 'module',
  'module' => 
  array (
    0 => '',
    1 => NULL,
    2 => NULL,
  ),
)
[ info ] [ HEADER ] array (
  'content-length' => '0',
  'user-agent' => 'Mozilla/5.0 (Macintosh; Intel Mac OS X 10_11_6) AppleWebKit/601.7.7 (KHTML, like Gecko) Version/9.1.2 Safari/601.7.7',
  'host' => '148.70.73.177:80',
  'content-type' => '',
)
[ info ] [ PARAM ] array (
)
[ info ] [ RUN ] app\index\controller\Index->index[ /data/web/php/ischool/application/index/controller/Index.php ]
[ info ] [ LOG ] INIT File
---------------------------------------------------------------
[ 2019-02-21T21:27:26+08:00 ] 46.17.46.87 GET 148.70.73.177/a2billing/customer/templates/default/footer.tpl
[运行时间：0.019534s] [吞吐率：51.19req/s] [内存消耗：1,370.38kb] [文件加载：35]
[ info ] [ LANG ] /data/web/php/ischool/thinkphp/lang/zh-cn.php
[ info ] [ ROUTE ] array (
  'type' => 'module',
  'module' => 
  array (
    0 => 'a2billing',
    1 => 'customer',
    2 => 'templates',
  ),
)
[ info ] [ HEADER ] array (
  'user-agent' => 'python-requests/2.20.1',
  'accept' => '*/*',
  'accept-encoding' => 'gzip, deflate',
  'connection' => 'keep-alive',
  'host' => '148.70.73.177',
  'content-type' => '',
  'content-length' => '',
)
[ info ] [ PARAM ] array (
  'default' => 'footer.tpl',
)
[ info ] [ LOG ] INIT File
---------------------------------------------------------------
[ 2019-02-21T21:42:54+08:00 ] 173.16.180.160 GET /
[运行时间：0.018291s] [吞吐率：54.67req/s] [内存消耗：1,245.48kb] [文件加载：33]
[ info ] [ LANG ] /data/web/php/ischool/thinkphp/lang/zh-cn.php
[ info ] [ ROUTE ] array (
  'type' => 'module',
  'module' => 
  array (
    0 => '',
    1 => NULL,
    2 => NULL,
  ),
)
[ info ] [ HEADER ] array (
  'content-type' => '',
  'content-length' => '',
)
[ info ] [ PARAM ] array (
)
[ info ] [ RUN ] app\index\controller\Index->index[ /data/web/php/ischool/application/index/controller/Index.php ]
[ info ] [ LOG ] INIT File
---------------------------------------------------------------
[ 2019-02-21T21:58:33+08:00 ] 59.36.119.226 GET www.blankblock.cn/gzh/recruit/index.html
[运行时间：0.014453s] [吞吐率：69.19req/s] [内存消耗：1,593.91kb] [文件加载：40]
[ info ] [ LANG ] /data/web/php/ischool/thinkphp/lang/zh-cn.php
[ info ] [ ROUTE ] array (
  'type' => 'module',
  'module' => 
  array (
    0 => 'gzh',
    1 => 'recruit',
    2 => 'index',
  ),
)
[ info ] [ HEADER ] array (
  'connection' => 'Close',
  'user-agent' => 'Mozilla/5.0 (iPhone; CPU iPhone OS 9_3_4 like Mac OS X) AppleWebKit/601.1.46 (KHTML, like Gecko) Mobile/13G35 QQ/6.5.3.410 V1_IPH_SQ_6.5.3_1_APP_A Pixel/750 Core/UIWebView NetType/2G Mem/117',
  'accept-language' => 'zh-cn',
  'accept' => '*/*',
  'accept-encoding' => 'deflate, gzip',
  'host' => 'www.blankblock.cn',
  'content-type' => '',
  'content-length' => '',
)
[ info ] [ PARAM ] array (
)
[ info ] [ RUN ] app\gzh\controller\Recruit->index[ /data/web/php/ischool/application/gzh/controller/Recruit.php ]
[ info ] [ VIEW ] /data/web/php/ischool/public/../application/gzh/view/recruit/index.html [ array (
) ]
[ info ] [ LOG ] INIT File
---------------------------------------------------------------
[ 2019-02-21T22:26:50+08:00 ] 101.226.114.193 GET 148.70.73.177/api/banner/showBanner
[运行时间：0.028979s] [吞吐率：34.51req/s] [内存消耗：2,740.89kb] [文件加载：55]
[ info ] [ LANG ] /data/web/php/ischool/thinkphp/lang/zh-cn.php
[ info ] [ ROUTE ] array (
  'type' => 'module',
  'module' => 
  array (
    0 => 'api',
    1 => 'banner',
    2 => 'showBanner',
  ),
)
[ info ] [ HEADER ] array (
  'connection' => 'Close',
  'user-agent' => 'Mozilla/5.0 (iPhone; CPU iPhone OS 9_3_4 like Mac OS X) AppleWebKit/601.1.46 (KHTML, like Gecko) Mobile/13G35 QQ/6.5.3.410 V1_IPH_SQ_6.5.3_1_APP_A Pixel/750 Core/UIWebView NetType/2G Mem/117',
  'accept-language' => 'zh-cn',
  'accept' => '*/*',
  'accept-encoding' => 'deflate, gzip',
  'host' => '148.70.73.177',
  'content-type' => '',
  'content-length' => '',
)
[ info ] [ PARAM ] array (
)
[ info ] [ CACHE ] INIT File
[ info ] [ DB ] INIT mysql
[ info ] [ RUN ] app\api\controller\Banner->showBanner[ /data/web/php/ischool/application/api/controller/Banner.php ]
[ info ] [ LOG ] INIT File
[ sql ] [ DB ] CONNECT:[ UseTime:0.000362s ] mysql:host=127.0.0.1;port=3306;dbname=ischool;charset=utf8
[ sql ] [ SQL ] SHOW COLUMNS FROM `banner` [ RunTime:0.000671s ]
[ sql ] [ SQL ] SELECT `banner_id`,`url` FROM `banner` WHERE  `type` = 1  AND `status` = 1 ORDER BY `banner_id` DESC [ RunTime:0.000382s ]
---------------------------------------------------------------
[ 2019-02-21T22:37:11+08:00 ] 58.251.121.184 GET www.blankblock.cn/gzh/index/select_u.html
[运行时间：0.025158s] [吞吐率：39.75req/s] [内存消耗：2,502.68kb] [文件加载：50]
[ info ] [ LANG ] /data/web/php/ischool/thinkphp/lang/zh-cn.php
[ info ] [ ROUTE ] array (
  'type' => 'module',
  'module' => 
  array (
    0 => 'gzh',
    1 => 'index',
    2 => 'select_u',
  ),
)
[ info ] [ HEADER ] array (
  'connection' => 'Close',
  'user-agent' => 'Mozilla/5.0 (iPhone; CPU iPhone OS 9_3_4 like Mac OS X) AppleWebKit/601.1.46 (KHTML, like Gecko) Mobile/13G35 QQ/6.5.3.410 V1_IPH_SQ_6.5.3_1_APP_A Pixel/750 Core/UIWebView NetType/2G Mem/117',
  'accept-language' => 'zh-cn',
  'accept' => '*/*',
  'accept-encoding' => 'deflate, gzip',
  'host' => 'www.blankblock.cn',
  'content-type' => '',
  'content-length' => '',
)
[ info ] [ PARAM ] array (
)
[ info ] [ CACHE ] INIT File
[ info ] [ RUN ] app\gzh\controller\Index->select_u[ /data/web/php/ischool/application/gzh/controller/Index.php ]
[ info ] [ DB ] INIT mysql
[ info ] [ LOG ] INIT File
[ sql ] [ DB ] CONNECT:[ UseTime:0.000335s ] mysql:host=127.0.0.1;port=3306;dbname=ischool;charset=utf8
[ sql ] [ SQL ] SHOW COLUMNS FROM `u_resume` [ RunTime:0.000664s ]
[ sql ] [ SQL ] SELECT * FROM `u_resume` WHERE  `user_id` = 0 LIMIT 1 [ RunTime:0.000294s ]
---------------------------------------------------------------
[ 2019-02-21T22:37:11+08:00 ] 163.177.90.152 GET www.blankblock.cn/gzh/recruit/des.html
[运行时间：0.015494s] [吞吐率：64.54req/s] [内存消耗：1,589.87kb] [文件加载：40]
[ info ] [ LANG ] /data/web/php/ischool/thinkphp/lang/zh-cn.php
[ info ] [ ROUTE ] array (
  'type' => 'module',
  'module' => 
  array (
    0 => 'gzh',
    1 => 'recruit',
    2 => 'des',
  ),
)
[ info ] [ HEADER ] array (
  'connection' => 'Close',
  'user-agent' => 'Mozilla/5.0 (iPhone; CPU iPhone OS 9_3_4 like Mac OS X) AppleWebKit/601.1.46 (KHTML, like Gecko) Mobile/13G35 QQ/6.5.3.410 V1_IPH_SQ_6.5.3_1_APP_A Pixel/750 Core/UIWebView NetType/2G Mem/117',
  'accept-language' => 'zh-cn',
  'accept' => '*/*',
  'accept-encoding' => 'deflate, gzip',
  'host' => 'www.blankblock.cn',
  'content-type' => '',
  'content-length' => '',
)
[ info ] [ PARAM ] array (
)
[ info ] [ RUN ] app\gzh\controller\Recruit->des[ /data/web/php/ischool/application/gzh/controller/Recruit.php ]
[ info ] [ VIEW ] /data/web/php/ischool/public/../application/gzh/view/recruit/des.html [ array (
) ]
[ info ] [ LOG ] INIT File
---------------------------------------------------------------
[ 2019-02-21T23:07:41+08:00 ] 46.17.46.87 GET 148.70.73.177/recordings/
[运行时间：0.011579s] [吞吐率：86.36req/s] [内存消耗：1,369.28kb] [文件加载：35]
[ info ] [ LANG ] /data/web/php/ischool/thinkphp/lang/zh-cn.php
[ info ] [ ROUTE ] array (
  'type' => 'module',
  'module' => 
  array (
    0 => 'recordings',
    1 => NULL,
    2 => NULL,
  ),
)
[ info ] [ HEADER ] array (
  'user-agent' => 'python-requests/2.20.1',
  'accept' => '*/*',
  'accept-encoding' => 'gzip, deflate',
  'connection' => 'keep-alive',
  'host' => '148.70.73.177',
  'content-type' => '',
  'content-length' => '',
)
[ info ] [ PARAM ] array (
)
[ info ] [ LOG ] INIT File
---------------------------------------------------------------
[ 2019-02-21T23:15:13+08:00 ] 116.110.112.179 GET /
[运行时间：0.017081s] [吞吐率：58.54req/s] [内存消耗：1,245.48kb] [文件加载：33]
[ info ] [ LANG ] /data/web/php/ischool/thinkphp/lang/zh-cn.php
[ info ] [ ROUTE ] array (
  'type' => 'module',
  'module' => 
  array (
    0 => '',
    1 => NULL,
    2 => NULL,
  ),
)
[ info ] [ HEADER ] array (
  'content-type' => '',
  'content-length' => '',
)
[ info ] [ PARAM ] array (
)
[ info ] [ RUN ] app\index\controller\Index->index[ /data/web/php/ischool/application/index/controller/Index.php ]
[ info ] [ LOG ] INIT File
---------------------------------------------------------------
[ 2019-02-21T23:42:44+08:00 ] 117.132.183.17 GET www.blankblock.cn/
[运行时间：0.011811s] [吞吐率：84.67req/s] [内存消耗：1,249.79kb] [文件加载：33]
[ info ] [ LANG ] /data/web/php/ischool/thinkphp/lang/zh-cn.php
[ info ] [ ROUTE ] array (
  'type' => 'module',
  'module' => 
  array (
    0 => '',
    1 => NULL,
    2 => NULL,
  ),
)
[ info ] [ HEADER ] array (
  'cookie' => '',
  'connection' => 'keep-alive',
  'accept' => 'text/html, image/gif, image/jpeg, *; q=.2, */*; q=.2',
  'host' => 'www.blankblock.cn',
  'pragma' => 'no-cache',
  'cache-control' => 'no-cache',
  'user-agent' => 'Mozilla/5.0 (Windows NT 10.0; Win64; x64) AppleWebKit/537.36 (KHTML, like Gecko) Chrome/59.0.3071.104 Safari/537.36',
  'content-type' => '',
  'content-length' => '',
)
[ info ] [ PARAM ] array (
)
[ info ] [ RUN ] app\index\controller\Index->index[ /data/web/php/ischool/application/index/controller/Index.php ]
[ info ] [ LOG ] INIT File
---------------------------------------------------------------
[ 2019-02-21T23:52:38+08:00 ] 59.36.119.227 GET 148.70.73.177/
[运行时间：0.016954s] [吞吐率：58.98req/s] [内存消耗：1,249.41kb] [文件加载：33]
[ info ] [ LANG ] /data/web/php/ischool/thinkphp/lang/zh-cn.php
[ info ] [ ROUTE ] array (
  'type' => 'module',
  'module' => 
  array (
    0 => '',
    1 => NULL,
    2 => NULL,
  ),
)
[ info ] [ HEADER ] array (
  'connection' => 'Close',
  'user-agent' => 'Mozilla/5.0 (iPhone; CPU iPhone OS 9_3_4 like Mac OS X) AppleWebKit/601.1.46 (KHTML, like Gecko) Mobile/13G35 QQ/6.5.3.410 V1_IPH_SQ_6.5.3_1_APP_A Pixel/750 Core/UIWebView NetType/2G Mem/117',
  'accept-language' => 'zh-cn',
  'accept' => '*/*',
  'accept-encoding' => 'deflate, gzip',
  'host' => '148.70.73.177',
  'content-type' => '',
  'content-length' => '',
)
[ info ] [ PARAM ] array (
)
[ info ] [ RUN ] app\index\controller\Index->index[ /data/web/php/ischool/application/index/controller/Index.php ]
[ info ] [ LOG ] INIT File
